Copyright 1986-2016 Xilinx, Inc. All Rights Reserved.
------------------------------------------------------------------------------------
| Tool Version : Vivado v.2016.4 (win64) Build 1756540 Mon Jan 23 19:11:23 MST 2017
| Date         : Sat Apr 29 21:41:23 2017
| Host         : SURFACE running 64-bit major release  (build 9200)
| Command      : upgrade_ip
| Device       : xc7z020clg484-1
------------------------------------------------------------------------------------

Upgrade Log for IP 'Cortex_A9_led_ip_0_0'

1. Summary
----------

SUCCESS in the upgrade of Cortex_A9_led_ip_0_0 (xilinx.com:kmd:led_ip:2.0) from (Rev. 1) to (Rev. 2)






Copyright 1986-2016 Xilinx, Inc. All Rights Reserved.
------------------------------------------------------------------------------------
| Tool Version : Vivado v.2016.4 (win64) Build 1756540 Mon Jan 23 19:11:23 MST 2017
| Date         : Sat Apr 29 21:39:06 2017
| Host         : SURFACE running 64-bit major release  (build 9200)
| Command      : upgrade_ip
| Device       : xc7z020clg484-1
------------------------------------------------------------------------------------

Upgrade Log for IP 'Cortex_A9_led_ip_0_0'

1. Summary
----------

SUCCESS in the upgrade of Cortex_A9_led_ip_0_0 from xilinx.com:user:led_ip:1.0 (Rev. 14) to xilinx.com:kmd:led_ip:2.0 (Rev. 1)






Copyright 1986-2016 Xilinx, Inc. All Rights Reserved.
------------------------------------------------------------------------------------
| Tool Version : Vivado v.2016.4 (win64) Build 1756540 Mon Jan 23 19:11:23 MST 2017
| Date         : Sat Apr 29 21:36:45 2017
| Host         : SURFACE running 64-bit major release  (build 9200)
| Command      : upgrade_ip
| Device       : xc7z020clg484-1
------------------------------------------------------------------------------------

Upgrade Log for IP 'Cortex_A9_led_ip_0_0'

1. Summary
----------

SUCCESS in the upgrade of Cortex_A9_led_ip_0_0 (xilinx.com:user:led_ip:1.0) from (Rev. 13) to (Rev. 14)






Copyright 1986-2016 Xilinx, Inc. All Rights Reserved.
------------------------------------------------------------------------------------
| Tool Version : Vivado v.2016.4 (win64) Build 1756540 Mon Jan 23 19:11:23 MST 2017
| Date         : Sat Apr 29 20:34:29 2017
| Host         : SURFACE running 64-bit major release  (build 9200)
| Command      : upgrade_ip
| Device       : xc7z020clg484-1
------------------------------------------------------------------------------------

Upgrade Log for IP 'Cortex_A9_led_ip_0_0'

1. Summary
----------

SUCCESS in the update of Cortex_A9_led_ip_0_0 (xilinx.com:user:led_ip:1.0 (Rev. 13)) to current project options.






Copyright 1986-2016 Xilinx, Inc. All Rights Reserved.
------------------------------------------------------------------------------------
| Tool Version : Vivado v.2016.4 (win64) Build 1756540 Mon Jan 23 19:11:23 MST 2017
| Date         : Tue Apr 04 09:38:33 2017
| Host         : SURFACE running 64-bit major release  (build 9200)
| Command      : upgrade_ip
| Device       : xc7z020clg484-1
------------------------------------------------------------------------------------

Upgrade Log for IP 'Cortex_A9_led_ip_0_0'

1. Summary
----------

SUCCESS in the upgrade of Cortex_A9_led_ip_0_0 (xilinx.com:user:led_ip:1.0) from (Rev. 12) to (Rev. 13)






Copyright 1986-2016 Xilinx, Inc. All Rights Reserved.
------------------------------------------------------------------------------------
| Tool Version : Vivado v.2016.4 (win64) Build 1756540 Mon Jan 23 19:11:23 MST 2017
| Date         : Sun Apr 02 19:05:38 2017
| Host         : SURFACE running 64-bit major release  (build 9200)
| Command      : upgrade_ip
| Device       : xc7z020clg484-1
------------------------------------------------------------------------------------

Upgrade Log for IP 'Cortex_A9_led_ip_0_0'

1. Summary
----------

SUCCESS in the upgrade of Cortex_A9_led_ip_0_0 (xilinx.com:user:led_ip:1.0) from (Rev. 11) to (Rev. 12)






Copyright 1986-2016 Xilinx, Inc. All Rights Reserved.
------------------------------------------------------------------------------------
| Tool Version : Vivado v.2016.4 (win64) Build 1756540 Mon Jan 23 19:11:23 MST 2017
| Date         : Sun Apr 02 18:42:05 2017
| Host         : SURFACE running 64-bit major release  (build 9200)
| Command      : upgrade_ip
| Device       : xc7z020clg484-1
------------------------------------------------------------------------------------

Upgrade Log for IP 'Cortex_A9_led_ip_0_0'

1. Summary
----------

SUCCESS in the upgrade of Cortex_A9_led_ip_0_0 (xilinx.com:user:led_ip:1.0) from (Rev. 10) to (Rev. 11)






Copyright 1986-2016 Xilinx, Inc. All Rights Reserved.
------------------------------------------------------------------------------------
| Tool Version : Vivado v.2016.4 (win64) Build 1756540 Mon Jan 23 19:11:23 MST 2017
| Date         : Sun Apr 02 12:22:50 2017
| Host         : SURFACE running 64-bit major release  (build 9200)
| Command      : upgrade_ip
| Device       : xc7z020clg484-1
------------------------------------------------------------------------------------

Upgrade Log for IP 'Cortex_A9_led_ip_0_0'

1. Summary
----------

SUCCESS in the upgrade of Cortex_A9_led_ip_0_0 (xilinx.com:user:led_ip:1.0) from (Rev. 9) to (Rev. 10)






Copyright 1986-2016 Xilinx, Inc. All Rights Reserved.
------------------------------------------------------------------------------------
| Tool Version : Vivado v.2016.4 (win64) Build 1756540 Mon Jan 23 19:11:23 MST 2017
| Date         : Sun Apr 02 11:28:13 2017
| Host         : SURFACE running 64-bit major release  (build 9200)
| Command      : upgrade_ip
| Device       : xc7z020clg484-1
------------------------------------------------------------------------------------

Upgrade Log for IP 'Cortex_A9_led_ip_0_0'

1. Summary
----------

SUCCESS in the upgrade of Cortex_A9_led_ip_0_0 (xilinx.com:user:led_ip:1.0) from (Rev. 8) to (Rev. 9)






Copyright 1986-2016 Xilinx, Inc. All Rights Reserved.
------------------------------------------------------------------------------------
| Tool Version : Vivado v.2016.4 (win64) Build 1756540 Mon Jan 23 19:11:23 MST 2017
| Date         : Sun Apr 02 11:18:40 2017
| Host         : SURFACE running 64-bit major release  (build 9200)
| Command      : upgrade_ip
| Device       : xc7z020clg484-1
------------------------------------------------------------------------------------

Upgrade Log for IP 'Cortex_A9_led_ip_0_0'

1. Summary
----------

SUCCESS in the upgrade of Cortex_A9_led_ip_0_0 (xilinx.com:user:led_ip:1.0) from (Rev. 7) to (Rev. 8)






Copyright 1986-2016 Xilinx, Inc. All Rights Reserved.
------------------------------------------------------------------------------------
| Tool Version : Vivado v.2016.4 (win64) Build 1756540 Mon Jan 23 19:11:23 MST 2017
| Date         : Fri Mar 31 22:44:12 2017
| Host         : SURFACE running 64-bit major release  (build 9200)
| Command      : upgrade_ip
| Device       : xc7z020clg484-1
------------------------------------------------------------------------------------

Upgrade Log for IP 'Cortex_A9_led_ip_0_0'

1. Summary
----------

SUCCESS in the upgrade of Cortex_A9_led_ip_0_0 (xilinx.com:user:led_ip:1.0) from (Rev. 6) to (Rev. 7)






Copyright 1986-2016 Xilinx, Inc. All Rights Reserved.
------------------------------------------------------------------------------------
| Tool Version : Vivado v.2016.4 (win64) Build 1756540 Mon Jan 23 19:11:23 MST 2017
| Date         : Thu Mar 30 10:24:56 2017
| Host         : SURFACE running 64-bit major release  (build 9200)
| Command      : upgrade_ip
| Device       : xc7z020clg484-1
------------------------------------------------------------------------------------

Upgrade Log for IP 'Cortex_A9_led_ip_0_1'

1. Summary
----------

SUCCESS in the upgrade of Cortex_A9_led_ip_0_1 (xilinx.com:user:led_ip:1.0) from (Rev. 4) to (Rev. 5)

