#-----------------------------------------------------------
# Vivado v2016.4 (64-bit)
# SW Build 1756540 on Mon Jan 23 19:11:23 MST 2017
# IP Build 1755317 on Mon Jan 23 20:30:07 MST 2017
# Start of session at: Tue Apr 25 09:39:48 2017
# Process ID: 9764
# Current directory: C:/Users/kmd17/Documents/GitHub/Embedded_Systems_lab3_CustomIP
# Command line: vivado.exe -gui_launcher_event rodinguilauncherevent560 C:\Users\kmd17\Documents\GitHub\Embedded_Systems_lab3_CustomIP\CustomIP.xpr
# Log file: C:/Users/kmd17/Documents/GitHub/Embedded_Systems_lab3_CustomIP/vivado.log
# Journal file: C:/Users/kmd17/Documents/GitHub/Embedded_Systems_lab3_CustomIP\vivado.jou
#-----------------------------------------------------------
start_gui
open_project C:/Users/kmd17/Documents/GitHub/Embedded_Systems_lab3_CustomIP/CustomIP.xpr
Scanning sources...
Finished scanning sources
INFO: [IP_Flow 19-234] Refreshing IP repositories
WARNING: [IP_Flow 19-3685] Ignored loading user repository 'c:/Users/kmd17/Documents/GitHub/Embedded_Systems_lab3_CustomIP/ip_repo/GRAY_ACCELERATOR_1.0'. The path is contained within another repository.
INFO: [IP_Flow 19-1700] Loaded user IP repository 'c:/Users/kmd17/Documents/GitHub/Embedded_Systems_lab3_CustomIP/ip_repo'.
INFO: [IP_Flow 19-2313] Loaded Vivado IP repository 'C:/Xilinx/Vivado/2016.4/data/ip'.
open_project: Time (s): cpu = 00:00:22 ; elapsed = 00:00:17 . Memory (MB): peak = 837.301 ; gain = 188.836
exit
INFO: [Common 17-206] Exiting Vivado at Tue Apr 25 09:43:57 2017...
