#-----------------------------------------------------------
# Vivado v2016.4 (64-bit)
# SW Build 1756540 on Mon Jan 23 19:11:23 MST 2017
# IP Build 1755317 on Mon Jan 23 20:30:07 MST 2017
# Start of session at: Fri Mar 31 14:37:07 2017
# Process ID: 3588
# Current directory: C:/Users/kmd17/Documents/GitHub/Embedded_Systems_lab3_CustomIP
# Command line: vivado.exe -gui_launcher_event rodinguilauncherevent10880 C:\Users\kmd17\Documents\GitHub\Embedded_Systems_lab3_CustomIP\CustomIP.xpr
# Log file: C:/Users/kmd17/Documents/GitHub/Embedded_Systems_lab3_CustomIP/vivado.log
# Journal file: C:/Users/kmd17/Documents/GitHub/Embedded_Systems_lab3_CustomIP\vivado.jou
#-----------------------------------------------------------
start_gui
open_project C:/Users/kmd17/Documents/GitHub/Embedded_Systems_lab3_CustomIP/CustomIP.xpr
Scanning sources...
Finished scanning sources
WARNING: [filemgmt 56-3] IP Repository Path: Could not find the directory 'C:/Users/kmd17/Documents/GitHub/ip_repo/led_ip_1.0'.
INFO: [IP_Flow 19-234] Refreshing IP repositories
WARNING: [IP_Flow 19-2248] Failed to load user IP repository 'c:/Users/kmd17/Documents/GitHub/ip_repo/led_ip_1.0'; Can't find the specified path.
If this directory should no longer be in your list of user repositories, go to the IP Settings dialog and remove it.
INFO: [IP_Flow 19-1700] Loaded user IP repository 'c:/Users/kmd17/Documents/GitHub/Embedded_Systems_lab3_CustomIP/ip_repo'.
INFO: [IP_Flow 19-2313] Loaded Vivado IP repository 'C:/Xilinx/Vivado/2016.4/data/ip'.
open_project: Time (s): cpu = 00:00:21 ; elapsed = 00:00:15 . Memory (MB): peak = 825.223 ; gain = 158.305
set_property  ip_repo_paths  c:/Users/kmd17/Documents/GitHub/Embedded_Systems_lab3_CustomIP/ip_repo [current_project]
update_ip_catalog
INFO: [IP_Flow 19-234] Refreshing IP repositories
INFO: [IP_Flow 19-1700] Loaded user IP repository 'c:/Users/kmd17/Documents/GitHub/Embedded_Systems_lab3_CustomIP/ip_repo'.
update_ip_catalog -rebuild
INFO: [IP_Flow 19-234] Refreshing IP repositories
INFO: [IP_Flow 19-1700] Loaded user IP repository 'c:/Users/kmd17/Documents/GitHub/Embedded_Systems_lab3_CustomIP/ip_repo'.
ipx::edit_ip_in_project -upgrade true -name led_ip_v1_0_v1_0_project -directory C:/Users/kmd17/Documents/GitHub/Embedded_Systems_lab3_CustomIP/CustomIP.tmp/led_ip_v1_0_v1_0_project c:/Users/kmd17/Documents/GitHub/Embedded_Systems_lab3_CustomIP/ip_repo/led_ip_1.0/component.xml
INFO: [ProjectBase 1-489] The host OS only allows 260 characters in a normal path. The project is stored in a path with more than 80 characters. If you experience issues with IP, Block Designs, or files not being found, please consider moving the project to a location with a shorter path. Alternately consider using the OS subst command to map part of the path to a drive letter.
Current project path is 'c:/users/kmd17/documents/github/embedded_systems_lab3_customip/customip.tmp/led_ip_v1_0_v1_0_project'
INFO: [IP_Flow 19-234] Refreshing IP repositories
INFO: [IP_Flow 19-1704] No user IP repositories specified
INFO: [IP_Flow 19-2313] Loaded Vivado IP repository 'C:/Xilinx/Vivado/2016.4/data/ip'.
create_project: Time (s): cpu = 00:00:15 ; elapsed = 00:00:10 . Memory (MB): peak = 898.535 ; gain = 0.000
INFO: [IP_Flow 19-234] Refreshing IP repositories
INFO: [IP_Flow 19-1700] Loaded user IP repository 'c:/Users/kmd17/Documents/GitHub/Embedded_Systems_lab3_CustomIP/ip_repo'.
INFO: [IP_Flow 19-795] Syncing license key meta-data
INFO: [IP_Flow 19-793] Syncing display name meta-data
INFO: [IP_Flow 19-798] Syncing taxonomy meta-data
ipx::edit_ip_in_project: Time (s): cpu = 00:00:22 ; elapsed = 00:00:15 . Memory (MB): peak = 898.535 ; gain = 0.000
ipx::package_project -root_dir C:/Users/kmd17/Desktop/led -vendor xilinx.com -library user -taxonomy /UserIP -import_files -set_current false
INFO: [IP_Flow 19-2228] Inferred bus interface 's_axi' of definition 'xilinx.com:interface:aximm:1.0'.
INFO: [IP_Flow 19-4753] Inferred signal 'reset' from port 's_axi_aresetn' as interface 's_axi_aresetn'.
INFO: [IP_Flow 19-4728] Bus Interface 's_axi_aresetn': Added interface parameter 'POLARITY' with value 'ACTIVE_LOW'.
INFO: [IP_Flow 19-4753] Inferred signal 'clock' from port 's_axi_aclk' as interface 's_axi_aclk'.
INFO: [IP_Flow 19-4728] Bus Interface 's_axi_aclk': Added interface parameter 'ASSOCIATED_BUSIF' with value 's_axi'.
INFO: [IP_Flow 19-4728] Bus Interface 's_axi_aclk': Added interface parameter 'ASSOCIATED_RESET' with value 's_axi_aresetn'.
ipx::unload_core c:/Users/kmd17/Desktop/led/component.xml
ipx::edit_ip_in_project -upgrade true -name tmp_edit_project -directory C:/Users/kmd17/Desktop/led c:/Users/kmd17/Desktop/led/component.xml
INFO: [IP_Flow 19-234] Refreshing IP repositories
INFO: [IP_Flow 19-1704] No user IP repositories specified
INFO: [IP_Flow 19-2313] Loaded Vivado IP repository 'C:/Xilinx/Vivado/2016.4/data/ip'.
create_project: Time (s): cpu = 00:00:11 ; elapsed = 00:00:08 . Memory (MB): peak = 942.449 ; gain = 0.000
INFO: [IP_Flow 19-234] Refreshing IP repositories
INFO: [IP_Flow 19-1700] Loaded user IP repository 'c:/Users/kmd17/Documents/GitHub/Embedded_Systems_lab3_CustomIP/ip_repo'.
INFO: [IP_Flow 19-795] Syncing license key meta-data
INFO: [IP_Flow 19-793] Syncing display name meta-data
INFO: [IP_Flow 19-798] Syncing taxonomy meta-data
ipx::edit_ip_in_project: Time (s): cpu = 00:00:16 ; elapsed = 00:00:13 . Memory (MB): peak = 942.449 ; gain = 0.000
set_property core_revision 2 [ipx::current_core]
ipx::create_xgui_files [ipx::current_core]
ipx::update_checksums [ipx::current_core]
ipx::save_core [ipx::current_core]
close_project
set_property  ip_repo_paths  {c:/Users/kmd17/Desktop/led c:/Users/kmd17/Documents/GitHub/Embedded_Systems_lab3_CustomIP/ip_repo} [current_project]
update_ip_catalog
INFO: [IP_Flow 19-234] Refreshing IP repositories
INFO: [IP_Flow 19-1700] Loaded user IP repository 'c:/Users/kmd17/Desktop/led'.
INFO: [IP_Flow 19-1700] Loaded user IP repository 'c:/Users/kmd17/Documents/GitHub/Embedded_Systems_lab3_CustomIP/ip_repo'.
current_project CustomIP
close_project
exit
INFO: [Common 17-206] Exiting Vivado at Fri Mar 31 15:10:25 2017...
