#-----------------------------------------------------------
# Vivado v2016.4 (64-bit)
# SW Build 1756540 on Mon Jan 23 19:11:23 MST 2017
# IP Build 1755317 on Mon Jan 23 20:30:07 MST 2017
# Start of session at: Tue Apr 25 09:44:20 2017
# Process ID: 5100
# Current directory: C:/Users/kmd17/Documents/GitHub/Embedded_Systems_lab4_HW_ACCELERATION
# Command line: vivado.exe -gui_launcher_event rodinguilauncherevent7220 C:\Users\kmd17\Documents\GitHub\Embedded_Systems_lab4_HW_ACCELERATION\CustomIP.xpr
# Log file: C:/Users/kmd17/Documents/GitHub/Embedded_Systems_lab4_HW_ACCELERATION/vivado.log
# Journal file: C:/Users/kmd17/Documents/GitHub/Embedded_Systems_lab4_HW_ACCELERATION\vivado.jou
#-----------------------------------------------------------
start_gui
open_project C:/Users/kmd17/Documents/GitHub/Embedded_Systems_lab4_HW_ACCELERATION/CustomIP.xpr
INFO: [Project 1-313] Project file moved from 'C:/Users/kmd17/Documents/GitHub/Embedded_Systems_lab3_CustomIP' since last save.
Scanning sources...
Finished scanning sources
INFO: [IP_Flow 19-234] Refreshing IP repositories
WARNING: [IP_Flow 19-3685] Ignored loading user repository 'c:/Users/kmd17/Documents/GitHub/Embedded_Systems_lab4_HW_ACCELERATION/ip_repo/GRAY_ACCELERATOR_1.0'. The path is contained within another repository.
INFO: [IP_Flow 19-1700] Loaded user IP repository 'c:/Users/kmd17/Documents/GitHub/Embedded_Systems_lab4_HW_ACCELERATION/ip_repo'.
INFO: [IP_Flow 19-2313] Loaded Vivado IP repository 'C:/Xilinx/Vivado/2016.4/data/ip'.
open_project: Time (s): cpu = 00:00:22 ; elapsed = 00:00:17 . Memory (MB): peak = 900.777 ; gain = 239.238
save_project_as HWacceleration C:/Users/kmd17/Documents/GitHub/Embedded_Systems_lab4_HW_ACCELERATION -force
save_project_as: Time (s): cpu = 00:00:04 ; elapsed = 00:00:06 . Memory (MB): peak = 900.777 ; gain = 0.000
exit
INFO: [Common 17-206] Exiting Vivado at Tue Apr 25 09:55:36 2017...
