#-----------------------------------------------------------
# Vivado v2016.4 (64-bit)
# SW Build 1756540 on Mon Jan 23 19:11:23 MST 2017
# IP Build 1755317 on Mon Jan 23 20:30:07 MST 2017
# Start of session at: Thu May 11 08:48:17 2017
# Process ID: 11340
# Current directory: C:/Users/kmd17/Documents/GitHub/Embedded_Systems_lab4_HW_SW_ACCELERATION
# Command line: vivado.exe -gui_launcher_event rodinguilauncherevent8100 C:\Users\kmd17\Documents\GitHub\Embedded_Systems_lab4_HW_SW_ACCELERATION\HWacceleration.xpr
# Log file: C:/Users/kmd17/Documents/GitHub/Embedded_Systems_lab4_HW_SW_ACCELERATION/vivado.log
# Journal file: C:/Users/kmd17/Documents/GitHub/Embedded_Systems_lab4_HW_SW_ACCELERATION\vivado.jou
#-----------------------------------------------------------
start_gui
open_project C:/Users/kmd17/Documents/GitHub/Embedded_Systems_lab4_HW_SW_ACCELERATION/HWacceleration.xpr
Scanning sources...
Finished scanning sources
INFO: [IP_Flow 19-234] Refreshing IP repositories
INFO: [IP_Flow 19-1700] Loaded user IP repository 'c:/Users/kmd17/Documents/GitHub/ip_repo/handshake_1.0'.
WARNING: [IP_Flow 19-3685] Ignored loading user repository 'c:/Users/kmd17/Documents/GitHub/Embedded_Systems_lab4_HW_SW_ACCELERATION/ip_repo/GRAY_ACCELERATOR_1.0'. The path is contained within another repository.
INFO: [IP_Flow 19-1700] Loaded user IP repository 'c:/Users/kmd17/Documents/GitHub/Embedded_Systems_lab4_HW_SW_ACCELERATION/ip_repo'.
INFO: [IP_Flow 19-2313] Loaded Vivado IP repository 'C:/Xilinx/Vivado/2016.4/data/ip'.
open_project: Time (s): cpu = 00:00:19 ; elapsed = 00:00:15 . Memory (MB): peak = 824.719 ; gain = 175.734
open_bd_design {C:/Users/kmd17/Documents/GitHub/Embedded_Systems_lab4_HW_SW_ACCELERATION/HWacceleration.srcs/sources_1/bd/Cortex_A9/Cortex_A9.bd}
Adding cell -- xilinx.com:ip:processing_system7:5.5 - processing_system7_0
Adding cell -- xilinx.com:ip:proc_sys_reset:5.0 - rst_ps7_0_100M
Adding cell -- xilinx.com:user:handshake:2.0 - handshake
Adding cell -- xilinx.com:kmd:led_ip:6.0 - led_ip
Adding cell -- xilinx.com:ip:axi_crossbar:2.1 - xbar
Adding cell -- xilinx.com:ip:axi_protocol_converter:2.1 - auto_pc
Successfully read diagram <Cortex_A9> from BD file <C:/Users/kmd17/Documents/GitHub/Embedded_Systems_lab4_HW_SW_ACCELERATION/HWacceleration.srcs/sources_1/bd/Cortex_A9/Cortex_A9.bd>
open_bd_design: Time (s): cpu = 00:00:08 ; elapsed = 00:00:08 . Memory (MB): peak = 885.758 ; gain = 29.047
ipx::edit_ip_in_project -upgrade true -name led_ip_v6_0_project -directory C:/Users/kmd17/Documents/GitHub/Embedded_Systems_lab4_HW_SW_ACCELERATION/HWacceleration.tmp/led_ip_v6_0_project c:/Users/kmd17/Documents/GitHub/Embedded_Systems_lab4_HW_SW_ACCELERATION/ip_repo/led_ip_1.0/component.xml
INFO: [ProjectBase 1-489] The host OS only allows 260 characters in a normal path. The project is stored in a path with more than 80 characters. If you experience issues with IP, Block Designs, or files not being found, please consider moving the project to a location with a shorter path. Alternately consider using the OS subst command to map part of the path to a drive letter.
Current project path is 'c:/users/kmd17/documents/github/embedded_systems_lab4_hw_sw_acceleration/hwacceleration.tmp/led_ip_v6_0_project'
INFO: [IP_Flow 19-234] Refreshing IP repositories
INFO: [IP_Flow 19-1704] No user IP repositories specified
INFO: [IP_Flow 19-2313] Loaded Vivado IP repository 'C:/Xilinx/Vivado/2016.4/data/ip'.
create_project: Time (s): cpu = 00:00:15 ; elapsed = 00:00:11 . Memory (MB): peak = 919.281 ; gain = 0.000
INFO: [IP_Flow 19-234] Refreshing IP repositories
INFO: [IP_Flow 19-1700] Loaded user IP repository 'c:/Users/kmd17/Documents/GitHub/ip_repo/handshake_1.0'.
WARNING: [IP_Flow 19-3685] Ignored loading user repository 'c:/Users/kmd17/Documents/GitHub/Embedded_Systems_lab4_HW_SW_ACCELERATION/ip_repo/GRAY_ACCELERATOR_1.0'. The path is contained within another repository.
INFO: [IP_Flow 19-1700] Loaded user IP repository 'c:/Users/kmd17/Documents/GitHub/Embedded_Systems_lab4_HW_SW_ACCELERATION/ip_repo'.
INFO: [IP_Flow 19-795] Syncing license key meta-data
INFO: [IP_Flow 19-793] Syncing display name meta-data
INFO: [IP_Flow 19-798] Syncing taxonomy meta-data
INFO: [IP_Flow 19-799] Syncing upgrade version meta-data
ipx::edit_ip_in_project: Time (s): cpu = 00:00:22 ; elapsed = 00:00:17 . Memory (MB): peak = 919.281 ; gain = 0.000
current_project HWacceleration
ipx::edit_ip_in_project -upgrade true -name handshake_v2_0_project -directory C:/Users/kmd17/Documents/GitHub/Embedded_Systems_lab4_HW_SW_ACCELERATION/HWacceleration.tmp/handshake_v2_0_project c:/Users/kmd17/Documents/GitHub/ip_repo/handshake_1.0/component.xml
INFO: [ProjectBase 1-489] The host OS only allows 260 characters in a normal path. The project is stored in a path with more than 80 characters. If you experience issues with IP, Block Designs, or files not being found, please consider moving the project to a location with a shorter path. Alternately consider using the OS subst command to map part of the path to a drive letter.
Current project path is 'c:/users/kmd17/documents/github/embedded_systems_lab4_hw_sw_acceleration/hwacceleration.tmp/handshake_v2_0_project'
INFO: [IP_Flow 19-234] Refreshing IP repositories
INFO: [IP_Flow 19-1704] No user IP repositories specified
INFO: [IP_Flow 19-2313] Loaded Vivado IP repository 'C:/Xilinx/Vivado/2016.4/data/ip'.
create_project: Time (s): cpu = 00:00:11 ; elapsed = 00:00:09 . Memory (MB): peak = 974.668 ; gain = 11.246
INFO: [IP_Flow 19-234] Refreshing IP repositories
INFO: [IP_Flow 19-1700] Loaded user IP repository 'c:/Users/kmd17/Documents/GitHub/ip_repo/handshake_1.0'.
WARNING: [IP_Flow 19-3685] Ignored loading user repository 'c:/Users/kmd17/Documents/GitHub/Embedded_Systems_lab4_HW_SW_ACCELERATION/ip_repo/GRAY_ACCELERATOR_1.0'. The path is contained within another repository.
INFO: [IP_Flow 19-1700] Loaded user IP repository 'c:/Users/kmd17/Documents/GitHub/Embedded_Systems_lab4_HW_SW_ACCELERATION/ip_repo'.
INFO: [IP_Flow 19-795] Syncing license key meta-data
INFO: [IP_Flow 19-793] Syncing display name meta-data
INFO: [IP_Flow 19-798] Syncing taxonomy meta-data
INFO: [IP_Flow 19-799] Syncing upgrade version meta-data
ipx::edit_ip_in_project: Time (s): cpu = 00:00:35 ; elapsed = 00:00:52 . Memory (MB): peak = 1060.031 ; gain = 96.609
current_project HWacceleration
update_ip_catalog -rebuild -scan_changes
INFO: [IP_Flow 19-234] Refreshing IP repositories
INFO: [IP_Flow 19-1700] Loaded user IP repository 'c:/Users/kmd17/Documents/GitHub/ip_repo/handshake_1.0'.
WARNING: [IP_Flow 19-3685] Ignored loading user repository 'c:/Users/kmd17/Documents/GitHub/Embedded_Systems_lab4_HW_SW_ACCELERATION/ip_repo/GRAY_ACCELERATOR_1.0'. The path is contained within another repository.
INFO: [IP_Flow 19-1700] Loaded user IP repository 'c:/Users/kmd17/Documents/GitHub/Embedded_Systems_lab4_HW_SW_ACCELERATION/ip_repo'.
report_ip_status -name ip_status
current_project handshake_v2_0_project
current_project HWacceleration
upgrade_ip [get_ips  {Cortex_A9_handshake_0_0 Cortex_A9_led_ip_0_0}] -log ip_upgrade.log
Upgrading 'C:/Users/kmd17/Documents/GitHub/Embedded_Systems_lab4_HW_SW_ACCELERATION/HWacceleration.srcs/sources_1/bd/Cortex_A9/Cortex_A9.bd'
INFO: [IP_Flow 19-1972] Upgraded Cortex_A9_handshake_0_0 from handshake_v1.0 2.0 to handshake_v1.0 2.0
INFO: [IP_Flow 19-1972] Upgraded Cortex_A9_led_ip_0_0 from AXI_Lite_kmd_edit 6.0 to AXI_Lite_kmd_edit 6.0
Wrote  : <C:/Users/kmd17/Documents/GitHub/Embedded_Systems_lab4_HW_SW_ACCELERATION/HWacceleration.srcs/sources_1/bd/Cortex_A9/Cortex_A9.bd> 
INFO: [Coretcl 2-1525] Wrote upgrade log to 'C:/Users/kmd17/Documents/GitHub/Embedded_Systems_lab4_HW_SW_ACCELERATION/ip_upgrade.log'.
upgrade_ip: Time (s): cpu = 00:00:11 ; elapsed = 00:00:09 . Memory (MB): peak = 1065.301 ; gain = 0.000
export_ip_user_files -of_objects [get_ips {Cortex_A9_handshake_0_0 Cortex_A9_led_ip_0_0}] -no_script -sync -force -quiet
report_ip_status -name ip_status 
reset_run synth_1
launch_runs impl_1 -to_step write_bitstream -jobs 4
Verilog Output written to : C:/Users/kmd17/Documents/GitHub/Embedded_Systems_lab4_HW_SW_ACCELERATION/HWacceleration.srcs/sources_1/bd/Cortex_A9/hdl/Cortex_A9.v
Verilog Output written to : C:/Users/kmd17/Documents/GitHub/Embedded_Systems_lab4_HW_SW_ACCELERATION/HWacceleration.srcs/sources_1/bd/Cortex_A9/hdl/Cortex_A9_wrapper.v
Wrote  : <C:/Users/kmd17/Documents/GitHub/Embedded_Systems_lab4_HW_SW_ACCELERATION/HWacceleration.srcs/sources_1/bd/Cortex_A9/Cortex_A9.bd> 
INFO: [BD 41-1029] Generation completed for the IP Integrator block processing_system7_0 .
INFO: [BD 41-1029] Generation completed for the IP Integrator block rst_ps7_0_100M .
INFO: [BD 41-1029] Generation completed for the IP Integrator block ps7_0_axi_periph/xbar .
INFO: [BD 41-1029] Generation completed for the IP Integrator block led_ip .
INFO: [BD 41-1029] Generation completed for the IP Integrator block handshake .
INFO: [BD 41-1029] Generation completed for the IP Integrator block ps7_0_axi_periph/s00_couplers/auto_pc .
Exporting to file C:/Users/kmd17/Documents/GitHub/Embedded_Systems_lab4_HW_SW_ACCELERATION/HWacceleration.srcs/sources_1/bd/Cortex_A9/hw_handoff/Cortex_A9.hwh
Generated Block Design Tcl file C:/Users/kmd17/Documents/GitHub/Embedded_Systems_lab4_HW_SW_ACCELERATION/HWacceleration.srcs/sources_1/bd/Cortex_A9/hw_handoff/Cortex_A9_bd.tcl
Generated Hardware Definition File C:/Users/kmd17/Documents/GitHub/Embedded_Systems_lab4_HW_SW_ACCELERATION/HWacceleration.srcs/sources_1/bd/Cortex_A9/hdl/Cortex_A9.hwdef
INFO: [IP_Flow 19-4993] Using cached IP synthesis design for IP Cortex_A9_auto_pc_0, cache-ID = 83e7b606e4f79014; cache size = 81.894 MB.
[Thu May 11 10:09:58 2017] Launched Cortex_A9_handshake_0_0_synth_1, Cortex_A9_led_ip_0_0_synth_1, synth_1...
Run output will be captured here:
Cortex_A9_handshake_0_0_synth_1: C:/Users/kmd17/Documents/GitHub/Embedded_Systems_lab4_HW_SW_ACCELERATION/HWacceleration.runs/Cortex_A9_handshake_0_0_synth_1/runme.log
Cortex_A9_led_ip_0_0_synth_1: C:/Users/kmd17/Documents/GitHub/Embedded_Systems_lab4_HW_SW_ACCELERATION/HWacceleration.runs/Cortex_A9_led_ip_0_0_synth_1/runme.log
synth_1: C:/Users/kmd17/Documents/GitHub/Embedded_Systems_lab4_HW_SW_ACCELERATION/HWacceleration.runs/synth_1/runme.log
[Thu May 11 10:09:59 2017] Launched impl_1...
Run output will be captured here: C:/Users/kmd17/Documents/GitHub/Embedded_Systems_lab4_HW_SW_ACCELERATION/HWacceleration.runs/impl_1/runme.log
launch_runs: Time (s): cpu = 00:00:50 ; elapsed = 00:00:55 . Memory (MB): peak = 1222.598 ; gain = 138.465
report_ip_status -name ip_status 
current_project led_ip_v6_0_project
current_project HWacceleration
reset_run synth_1
reset_run Cortex_A9_handshake_0_0_synth_1
launch_runs impl_1 -to_step write_bitstream -jobs 4
INFO: [IP_Flow 19-234] Refreshing IP repositories
INFO: [IP_Flow 19-1700] Loaded user IP repository 'c:/Users/kmd17/Documents/GitHub/ip_repo/handshake_1.0'.
WARNING: [IP_Flow 19-3685] Ignored loading user repository 'c:/Users/kmd17/Documents/GitHub/Embedded_Systems_lab4_HW_SW_ACCELERATION/ip_repo/GRAY_ACCELERATOR_1.0'. The path is contained within another repository.
INFO: [IP_Flow 19-1700] Loaded user IP repository 'c:/Users/kmd17/Documents/GitHub/Embedded_Systems_lab4_HW_SW_ACCELERATION/ip_repo'.
[Thu May 11 10:37:19 2017] Launched Cortex_A9_handshake_0_0_synth_1, synth_1...
Run output will be captured here:
Cortex_A9_handshake_0_0_synth_1: C:/Users/kmd17/Documents/GitHub/Embedded_Systems_lab4_HW_SW_ACCELERATION/HWacceleration.runs/Cortex_A9_handshake_0_0_synth_1/runme.log
synth_1: C:/Users/kmd17/Documents/GitHub/Embedded_Systems_lab4_HW_SW_ACCELERATION/HWacceleration.runs/synth_1/runme.log
[Thu May 11 10:37:20 2017] Launched impl_1...
Run output will be captured here: C:/Users/kmd17/Documents/GitHub/Embedded_Systems_lab4_HW_SW_ACCELERATION/HWacceleration.runs/impl_1/runme.log
report_ip_status -name ip_status 
upgrade_ip -vlnv xilinx.com:kmd:led_ip:6.0 [get_ips  Cortex_A9_led_ip_0_0] -log ip_upgrade.log
Upgrading 'C:/Users/kmd17/Documents/GitHub/Embedded_Systems_lab4_HW_SW_ACCELERATION/HWacceleration.srcs/sources_1/bd/Cortex_A9/Cortex_A9.bd'
INFO: [IP_Flow 19-1972] Upgraded Cortex_A9_led_ip_0_0 from AXI_Lite_kmd_edit 6.0 to AXI_Lite_kmd_edit 6.0
Wrote  : <C:/Users/kmd17/Documents/GitHub/Embedded_Systems_lab4_HW_SW_ACCELERATION/HWacceleration.srcs/sources_1/bd/Cortex_A9/Cortex_A9.bd> 
INFO: [Coretcl 2-1525] Wrote upgrade log to 'C:/Users/kmd17/Documents/GitHub/Embedded_Systems_lab4_HW_SW_ACCELERATION/ip_upgrade.log'.
export_ip_user_files -of_objects [get_ips Cortex_A9_led_ip_0_0] -no_script -sync -force -quiet
report_ip_status -name ip_status 
reset_run synth_1
reset_run Cortex_A9_handshake_0_0_synth_1
launch_runs impl_1 -to_step write_bitstream -jobs 4
Verilog Output written to : C:/Users/kmd17/Documents/GitHub/Embedded_Systems_lab4_HW_SW_ACCELERATION/HWacceleration.srcs/sources_1/bd/Cortex_A9/hdl/Cortex_A9.v
Verilog Output written to : C:/Users/kmd17/Documents/GitHub/Embedded_Systems_lab4_HW_SW_ACCELERATION/HWacceleration.srcs/sources_1/bd/Cortex_A9/hdl/Cortex_A9_wrapper.v
Wrote  : <C:/Users/kmd17/Documents/GitHub/Embedded_Systems_lab4_HW_SW_ACCELERATION/HWacceleration.srcs/sources_1/bd/Cortex_A9/Cortex_A9.bd> 
INFO: [BD 41-1029] Generation completed for the IP Integrator block processing_system7_0 .
INFO: [BD 41-1029] Generation completed for the IP Integrator block rst_ps7_0_100M .
INFO: [BD 41-1029] Generation completed for the IP Integrator block ps7_0_axi_periph/xbar .
INFO: [BD 41-1029] Generation completed for the IP Integrator block led_ip .
INFO: [BD 41-1029] Generation completed for the IP Integrator block handshake .
INFO: [BD 41-1029] Generation completed for the IP Integrator block ps7_0_axi_periph/s00_couplers/auto_pc .
Exporting to file C:/Users/kmd17/Documents/GitHub/Embedded_Systems_lab4_HW_SW_ACCELERATION/HWacceleration.srcs/sources_1/bd/Cortex_A9/hw_handoff/Cortex_A9.hwh
Generated Block Design Tcl file C:/Users/kmd17/Documents/GitHub/Embedded_Systems_lab4_HW_SW_ACCELERATION/HWacceleration.srcs/sources_1/bd/Cortex_A9/hw_handoff/Cortex_A9_bd.tcl
Generated Hardware Definition File C:/Users/kmd17/Documents/GitHub/Embedded_Systems_lab4_HW_SW_ACCELERATION/HWacceleration.srcs/sources_1/bd/Cortex_A9/hdl/Cortex_A9.hwdef
INFO: [IP_Flow 19-4993] Using cached IP synthesis design for IP Cortex_A9_auto_pc_0, cache-ID = 83e7b606e4f79014; cache size = 81.894 MB.
[Thu May 11 10:40:19 2017] Launched Cortex_A9_handshake_0_0_synth_1, Cortex_A9_led_ip_0_0_synth_1, synth_1...
Run output will be captured here:
Cortex_A9_handshake_0_0_synth_1: C:/Users/kmd17/Documents/GitHub/Embedded_Systems_lab4_HW_SW_ACCELERATION/HWacceleration.runs/Cortex_A9_handshake_0_0_synth_1/runme.log
Cortex_A9_led_ip_0_0_synth_1: C:/Users/kmd17/Documents/GitHub/Embedded_Systems_lab4_HW_SW_ACCELERATION/HWacceleration.runs/Cortex_A9_led_ip_0_0_synth_1/runme.log
synth_1: C:/Users/kmd17/Documents/GitHub/Embedded_Systems_lab4_HW_SW_ACCELERATION/HWacceleration.runs/synth_1/runme.log
[Thu May 11 10:40:19 2017] Launched impl_1...
Run output will be captured here: C:/Users/kmd17/Documents/GitHub/Embedded_Systems_lab4_HW_SW_ACCELERATION/HWacceleration.runs/impl_1/runme.log
launch_runs: Time (s): cpu = 00:00:11 ; elapsed = 00:00:13 . Memory (MB): peak = 1279.262 ; gain = 45.285
current_project handshake_v2_0_project
current_project led_ip_v6_0_project
current_project HWacceleration
report_ip_status -name ip_status 
report_ip_status: Time (s): cpu = 00:00:03 ; elapsed = 00:00:06 . Memory (MB): peak = 1279.262 ; gain = 0.000
update_ip_catalog -rebuild -scan_changes
INFO: [IP_Flow 19-234] Refreshing IP repositories
INFO: [IP_Flow 19-1700] Loaded user IP repository 'c:/Users/kmd17/Documents/GitHub/ip_repo/handshake_1.0'.
WARNING: [IP_Flow 19-3685] Ignored loading user repository 'c:/Users/kmd17/Documents/GitHub/Embedded_Systems_lab4_HW_SW_ACCELERATION/ip_repo/GRAY_ACCELERATOR_1.0'. The path is contained within another repository.
INFO: [IP_Flow 19-1700] Loaded user IP repository 'c:/Users/kmd17/Documents/GitHub/Embedded_Systems_lab4_HW_SW_ACCELERATION/ip_repo'.
report_ip_status -name ip_status
upgrade_ip [get_ips  {Cortex_A9_handshake_0_0 Cortex_A9_led_ip_0_0}] -log ip_upgrade.log
Upgrading 'C:/Users/kmd17/Documents/GitHub/Embedded_Systems_lab4_HW_SW_ACCELERATION/HWacceleration.srcs/sources_1/bd/Cortex_A9/Cortex_A9.bd'
INFO: [IP_Flow 19-1972] Upgraded Cortex_A9_handshake_0_0 from handshake_v1.0 2.0 to handshake_v1.0 2.0
INFO: [IP_Flow 19-1972] Upgraded Cortex_A9_led_ip_0_0 from AXI_Lite_kmd_edit 6.0 to AXI_Lite_kmd_edit 6.0
Wrote  : <C:/Users/kmd17/Documents/GitHub/Embedded_Systems_lab4_HW_SW_ACCELERATION/HWacceleration.srcs/sources_1/bd/Cortex_A9/Cortex_A9.bd> 
INFO: [Coretcl 2-1525] Wrote upgrade log to 'C:/Users/kmd17/Documents/GitHub/Embedded_Systems_lab4_HW_SW_ACCELERATION/ip_upgrade.log'.
export_ip_user_files -of_objects [get_ips {Cortex_A9_handshake_0_0 Cortex_A9_led_ip_0_0}] -no_script -sync -force -quiet
report_ip_status -name ip_status 
reset_run synth_1
launch_runs impl_1 -to_step write_bitstream -jobs 4
Verilog Output written to : C:/Users/kmd17/Documents/GitHub/Embedded_Systems_lab4_HW_SW_ACCELERATION/HWacceleration.srcs/sources_1/bd/Cortex_A9/hdl/Cortex_A9.v
Verilog Output written to : C:/Users/kmd17/Documents/GitHub/Embedded_Systems_lab4_HW_SW_ACCELERATION/HWacceleration.srcs/sources_1/bd/Cortex_A9/hdl/Cortex_A9_wrapper.v
Wrote  : <C:/Users/kmd17/Documents/GitHub/Embedded_Systems_lab4_HW_SW_ACCELERATION/HWacceleration.srcs/sources_1/bd/Cortex_A9/Cortex_A9.bd> 
INFO: [BD 41-1029] Generation completed for the IP Integrator block processing_system7_0 .
INFO: [BD 41-1029] Generation completed for the IP Integrator block rst_ps7_0_100M .
INFO: [BD 41-1029] Generation completed for the IP Integrator block ps7_0_axi_periph/xbar .
INFO: [BD 41-1029] Generation completed for the IP Integrator block led_ip .
INFO: [BD 41-1029] Generation completed for the IP Integrator block handshake .
INFO: [BD 41-1029] Generation completed for the IP Integrator block ps7_0_axi_periph/s00_couplers/auto_pc .
Exporting to file C:/Users/kmd17/Documents/GitHub/Embedded_Systems_lab4_HW_SW_ACCELERATION/HWacceleration.srcs/sources_1/bd/Cortex_A9/hw_handoff/Cortex_A9.hwh
Generated Block Design Tcl file C:/Users/kmd17/Documents/GitHub/Embedded_Systems_lab4_HW_SW_ACCELERATION/HWacceleration.srcs/sources_1/bd/Cortex_A9/hw_handoff/Cortex_A9_bd.tcl
Generated Hardware Definition File C:/Users/kmd17/Documents/GitHub/Embedded_Systems_lab4_HW_SW_ACCELERATION/HWacceleration.srcs/sources_1/bd/Cortex_A9/hdl/Cortex_A9.hwdef
INFO: [IP_Flow 19-4993] Using cached IP synthesis design for IP Cortex_A9_auto_pc_0, cache-ID = 83e7b606e4f79014; cache size = 81.894 MB.
[Thu May 11 10:45:13 2017] Launched Cortex_A9_handshake_0_0_synth_1, Cortex_A9_led_ip_0_0_synth_1, synth_1...
Run output will be captured here:
Cortex_A9_handshake_0_0_synth_1: C:/Users/kmd17/Documents/GitHub/Embedded_Systems_lab4_HW_SW_ACCELERATION/HWacceleration.runs/Cortex_A9_handshake_0_0_synth_1/runme.log
Cortex_A9_led_ip_0_0_synth_1: C:/Users/kmd17/Documents/GitHub/Embedded_Systems_lab4_HW_SW_ACCELERATION/HWacceleration.runs/Cortex_A9_led_ip_0_0_synth_1/runme.log
synth_1: C:/Users/kmd17/Documents/GitHub/Embedded_Systems_lab4_HW_SW_ACCELERATION/HWacceleration.runs/synth_1/runme.log
[Thu May 11 10:45:13 2017] Launched impl_1...
Run output will be captured here: C:/Users/kmd17/Documents/GitHub/Embedded_Systems_lab4_HW_SW_ACCELERATION/HWacceleration.runs/impl_1/runme.log
launch_runs: Time (s): cpu = 00:00:10 ; elapsed = 00:00:13 . Memory (MB): peak = 1320.910 ; gain = 41.648
set_property core_revision 5 [ipx::current_core]
ipx::create_xgui_files [ipx::current_core]
ipx::update_checksums [ipx::current_core]
ipx::save_core [ipx::current_core]
current_project led_ip_v6_0_project
close_project
update_ip_catalog -rebuild -repo_path c:/Users/kmd17/Documents/GitHub/Embedded_Systems_lab4_HW_SW_ACCELERATION/ip_repo
INFO: [IP_Flow 19-725] Reloaded user IP repository 'c:/Users/kmd17/Documents/GitHub/Embedded_Systems_lab4_HW_SW_ACCELERATION/ip_repo'
update_ip_catalog: Time (s): cpu = 00:00:19 ; elapsed = 00:00:29 . Memory (MB): peak = 1491.758 ; gain = 87.258
