#-----------------------------------------------------------
# Vivado v2016.4 (64-bit)
# SW Build 1756540 on Mon Jan 23 19:11:23 MST 2017
# IP Build 1755317 on Mon Jan 23 20:30:07 MST 2017
# Start of session at: Mon May 15 23:15:02 2017
# Process ID: 10488
# Current directory: C:/Users/kmd17/Documents/GitHub/Embedded_Systems_lab4_HW_SW_ACCELERATION
# Command line: vivado.exe -gui_launcher_event rodinguilauncherevent992 C:\Users\kmd17\Documents\GitHub\Embedded_Systems_lab4_HW_SW_ACCELERATION\HWacceleration.xpr
# Log file: C:/Users/kmd17/Documents/GitHub/Embedded_Systems_lab4_HW_SW_ACCELERATION/vivado.log
# Journal file: C:/Users/kmd17/Documents/GitHub/Embedded_Systems_lab4_HW_SW_ACCELERATION\vivado.jou
#-----------------------------------------------------------
start_gui
open_project C:/Users/kmd17/Documents/GitHub/Embedded_Systems_lab4_HW_SW_ACCELERATION/HWacceleration.xpr
Scanning sources...
Finished scanning sources
INFO: [IP_Flow 19-234] Refreshing IP repositories
INFO: [IP_Flow 19-1700] Loaded user IP repository 'c:/Users/kmd17/Documents/GitHub/ip_repo/handshake_1.0'.
WARNING: [IP_Flow 19-3685] Ignored loading user repository 'c:/Users/kmd17/Documents/GitHub/Embedded_Systems_lab4_HW_SW_ACCELERATION/ip_repo/GRAY_ACCELERATOR_1.0'. The path is contained within another repository.
INFO: [IP_Flow 19-1700] Loaded user IP repository 'c:/Users/kmd17/Documents/GitHub/Embedded_Systems_lab4_HW_SW_ACCELERATION/ip_repo'.
INFO: [IP_Flow 19-2313] Loaded Vivado IP repository 'C:/Xilinx/Vivado/2016.4/data/ip'.
WARNING: [BD 41-1661] One or more IPs have been locked in the design 'Cortex_A9.bd'. Please run report_ip_status for more details and recommendations on how to fix this issue.
List of locked IPs:
Cortex_A9_led_ip_0_0

open_project: Time (s): cpu = 00:00:17 ; elapsed = 00:00:12 . Memory (MB): peak = 836.566 ; gain = 177.246
open_bd_design {C:/Users/kmd17/Documents/GitHub/Embedded_Systems_lab4_HW_SW_ACCELERATION/HWacceleration.srcs/sources_1/bd/Cortex_A9/Cortex_A9.bd}
Adding cell -- xilinx.com:ip:processing_system7:5.5 - processing_system7_0
Adding cell -- xilinx.com:ip:proc_sys_reset:5.0 - rst_ps7_0_100M
Adding cell -- xilinx.com:user:handshake:2.0 - handshake
Adding cell -- xilinx.com:kmd:led_ip:6.0 - led_ip
Adding cell -- xilinx.com:ip:axi_crossbar:2.1 - xbar
Adding cell -- xilinx.com:ip:axi_protocol_converter:2.1 - auto_pc
Successfully read diagram <Cortex_A9> from BD file <C:/Users/kmd17/Documents/GitHub/Embedded_Systems_lab4_HW_SW_ACCELERATION/HWacceleration.srcs/sources_1/bd/Cortex_A9/Cortex_A9.bd>
open_bd_design: Time (s): cpu = 00:00:08 ; elapsed = 00:00:07 . Memory (MB): peak = 878.480 ; gain = 35.137
report_ip_status -name ip_status 
ipx::edit_ip_in_project -upgrade true -name led_ip_v6_0_project -directory C:/Users/kmd17/Documents/GitHub/Embedded_Systems_lab4_HW_SW_ACCELERATION/HWacceleration.tmp/led_ip_v6_0_project c:/Users/kmd17/Documents/GitHub/Embedded_Systems_lab4_HW_SW_ACCELERATION/ip_repo/led_ip_1.0/component.xml
INFO: [ProjectBase 1-489] The host OS only allows 260 characters in a normal path. The project is stored in a path with more than 80 characters. If you experience issues with IP, Block Designs, or files not being found, please consider moving the project to a location with a shorter path. Alternately consider using the OS subst command to map part of the path to a drive letter.
Current project path is 'c:/users/kmd17/documents/github/embedded_systems_lab4_hw_sw_acceleration/hwacceleration.tmp/led_ip_v6_0_project'
INFO: [IP_Flow 19-234] Refreshing IP repositories
INFO: [IP_Flow 19-1704] No user IP repositories specified
INFO: [IP_Flow 19-2313] Loaded Vivado IP repository 'C:/Xilinx/Vivado/2016.4/data/ip'.
INFO: [IP_Flow 19-234] Refreshing IP repositories
INFO: [IP_Flow 19-1700] Loaded user IP repository 'c:/Users/kmd17/Documents/GitHub/ip_repo/handshake_1.0'.
WARNING: [IP_Flow 19-3685] Ignored loading user repository 'c:/Users/kmd17/Documents/GitHub/Embedded_Systems_lab4_HW_SW_ACCELERATION/ip_repo/GRAY_ACCELERATOR_1.0'. The path is contained within another repository.
INFO: [IP_Flow 19-1700] Loaded user IP repository 'c:/Users/kmd17/Documents/GitHub/Embedded_Systems_lab4_HW_SW_ACCELERATION/ip_repo'.
INFO: [IP_Flow 19-795] Syncing license key meta-data
INFO: [IP_Flow 19-793] Syncing display name meta-data
INFO: [IP_Flow 19-798] Syncing taxonomy meta-data
INFO: [IP_Flow 19-799] Syncing upgrade version meta-data
ipx::edit_ip_in_project: Time (s): cpu = 00:00:11 ; elapsed = 00:00:06 . Memory (MB): peak = 932.891 ; gain = 0.000
close_project
set_property name vector_multiplier_fast_implementation [get_bd_cells led_ip]
set_property name vector_multiplier_accelerator_KMD [get_bd_cells vector_multiplier_fast_implementation]
upgrade_ip -vlnv xilinx.com:kmd:led_ip:6.0 [get_ips  Cortex_A9_led_ip_0_0] -log ip_upgrade.log
Upgrading 'C:/Users/kmd17/Documents/GitHub/Embedded_Systems_lab4_HW_SW_ACCELERATION/HWacceleration.srcs/sources_1/bd/Cortex_A9/Cortex_A9.bd'
INFO: [IP_Flow 19-3422] Upgraded Cortex_A9_led_ip_0_0 (AXI_Lite_kmd_edit 6.0) from revision 4 to revision 5
Wrote  : <C:/Users/kmd17/Documents/GitHub/Embedded_Systems_lab4_HW_SW_ACCELERATION/HWacceleration.srcs/sources_1/bd/Cortex_A9/Cortex_A9.bd> 
Wrote  : <C:/Users/kmd17/Documents/GitHub/Embedded_Systems_lab4_HW_SW_ACCELERATION/HWacceleration.srcs/sources_1/bd/Cortex_A9/ui/bd_a90798d6.ui> 
INFO: [Coretcl 2-1525] Wrote upgrade log to 'C:/Users/kmd17/Documents/GitHub/Embedded_Systems_lab4_HW_SW_ACCELERATION/ip_upgrade.log'.
export_ip_user_files -of_objects [get_ips Cortex_A9_led_ip_0_0] -no_script -sync -force -quiet
report_ip_status -name ip_status 
set_property name vector_multiplier_accelerator_handshake [get_bd_cells handshake]
set_property name accelerator_handshake [get_bd_cells vector_multiplier_accelerator_handshake]
set_property name accelerator_KMD [get_bd_cells vector_multiplier_accelerator_KMD]
ipx::edit_ip_in_project -upgrade true -name handshake_v2_0_project -directory C:/Users/kmd17/Documents/GitHub/Embedded_Systems_lab4_HW_SW_ACCELERATION/HWacceleration.tmp/handshake_v2_0_project c:/Users/kmd17/Documents/GitHub/ip_repo/handshake_1.0/component.xml
INFO: [ProjectBase 1-489] The host OS only allows 260 characters in a normal path. The project is stored in a path with more than 80 characters. If you experience issues with IP, Block Designs, or files not being found, please consider moving the project to a location with a shorter path. Alternately consider using the OS subst command to map part of the path to a drive letter.
Current project path is 'c:/users/kmd17/documents/github/embedded_systems_lab4_hw_sw_acceleration/hwacceleration.tmp/handshake_v2_0_project'
INFO: [IP_Flow 19-234] Refreshing IP repositories
INFO: [IP_Flow 19-1704] No user IP repositories specified
INFO: [IP_Flow 19-2313] Loaded Vivado IP repository 'C:/Xilinx/Vivado/2016.4/data/ip'.
create_project: Time (s): cpu = 00:00:07 ; elapsed = 00:00:05 . Memory (MB): peak = 950.086 ; gain = 4.438
INFO: [IP_Flow 19-234] Refreshing IP repositories
INFO: [IP_Flow 19-1700] Loaded user IP repository 'c:/Users/kmd17/Documents/GitHub/ip_repo/handshake_1.0'.
WARNING: [IP_Flow 19-3685] Ignored loading user repository 'c:/Users/kmd17/Documents/GitHub/Embedded_Systems_lab4_HW_SW_ACCELERATION/ip_repo/GRAY_ACCELERATOR_1.0'. The path is contained within another repository.
INFO: [IP_Flow 19-1700] Loaded user IP repository 'c:/Users/kmd17/Documents/GitHub/Embedded_Systems_lab4_HW_SW_ACCELERATION/ip_repo'.
INFO: [IP_Flow 19-795] Syncing license key meta-data
INFO: [IP_Flow 19-793] Syncing display name meta-data
INFO: [IP_Flow 19-798] Syncing taxonomy meta-data
INFO: [IP_Flow 19-799] Syncing upgrade version meta-data
ipx::edit_ip_in_project: Time (s): cpu = 00:00:10 ; elapsed = 00:00:08 . Memory (MB): peak = 950.086 ; gain = 4.438
ipx::unload_core c:/Users/kmd17/Documents/GitHub/ip_repo/handshake_1.0/component.xml
current_project HWacceleration
ipx::edit_ip_in_project -upgrade true -name led_ip_v6_0_project -directory C:/Users/kmd17/Documents/GitHub/Embedded_Systems_lab4_HW_SW_ACCELERATION/HWacceleration.tmp/led_ip_v6_0_project c:/Users/kmd17/Documents/GitHub/Embedded_Systems_lab4_HW_SW_ACCELERATION/ip_repo/led_ip_1.0/component.xml
INFO: [ProjectBase 1-489] The host OS only allows 260 characters in a normal path. The project is stored in a path with more than 80 characters. If you experience issues with IP, Block Designs, or files not being found, please consider moving the project to a location with a shorter path. Alternately consider using the OS subst command to map part of the path to a drive letter.
Current project path is 'c:/users/kmd17/documents/github/embedded_systems_lab4_hw_sw_acceleration/hwacceleration.tmp/led_ip_v6_0_project'
INFO: [IP_Flow 19-234] Refreshing IP repositories
INFO: [IP_Flow 19-1704] No user IP repositories specified
INFO: [IP_Flow 19-2313] Loaded Vivado IP repository 'C:/Xilinx/Vivado/2016.4/data/ip'.
INFO: [IP_Flow 19-234] Refreshing IP repositories
INFO: [IP_Flow 19-1700] Loaded user IP repository 'c:/Users/kmd17/Documents/GitHub/ip_repo/handshake_1.0'.
WARNING: [IP_Flow 19-3685] Ignored loading user repository 'c:/Users/kmd17/Documents/GitHub/Embedded_Systems_lab4_HW_SW_ACCELERATION/ip_repo/GRAY_ACCELERATOR_1.0'. The path is contained within another repository.
INFO: [IP_Flow 19-1700] Loaded user IP repository 'c:/Users/kmd17/Documents/GitHub/Embedded_Systems_lab4_HW_SW_ACCELERATION/ip_repo'.
INFO: [IP_Flow 19-795] Syncing license key meta-data
INFO: [IP_Flow 19-793] Syncing display name meta-data
INFO: [IP_Flow 19-798] Syncing taxonomy meta-data
INFO: [IP_Flow 19-799] Syncing upgrade version meta-data
ipx::edit_ip_in_project: Time (s): cpu = 00:00:06 ; elapsed = 00:00:06 . Memory (MB): peak = 976.445 ; gain = 0.000
current_project handshake_v2_0_project
launch_runs synth_1 -jobs 4
INFO: [HDL 9-2216] Analyzing Verilog file "c:/Users/kmd17/Documents/GitHub/ip_repo/handshake_1.0/hdl/handshake_v1_0_S00_AXI.v" into library work [c:/Users/kmd17/Documents/GitHub/ip_repo/handshake_1.0/hdl/handshake_v1_0_S00_AXI.v:1]
[Mon May 15 23:30:16 2017] Launched synth_1...
Run output will be captured here: c:/users/kmd17/documents/github/embedded_systems_lab4_hw_sw_acceleration/hwacceleration.tmp/handshake_v2_0_project/handshake_v2_0_project.runs/synth_1/runme.log
current_project led_ip_v6_0_project
launch_runs synth_1 -jobs 4
INFO: [HDL 9-2216] Analyzing Verilog file "c:/Users/kmd17/Documents/GitHub/Embedded_Systems_lab4_HW_SW_ACCELERATION/ip_repo/led_ip_1.0/hdl/led_ip_v1_0.v" into library work [c:/Users/kmd17/Documents/GitHub/Embedded_Systems_lab4_HW_SW_ACCELERATION/ip_repo/led_ip_1.0/hdl/led_ip_v1_0.v:1]
INFO: [HDL 9-2216] Analyzing Verilog file "c:/Users/kmd17/Documents/GitHub/Embedded_Systems_lab4_HW_SW_ACCELERATION/ip_repo/led_ip_1.0/hdl/led_ip_v1_0_S_AXI.v" into library work [c:/Users/kmd17/Documents/GitHub/Embedded_Systems_lab4_HW_SW_ACCELERATION/ip_repo/led_ip_1.0/hdl/led_ip_v1_0_S_AXI.v:1]
[Mon May 15 23:38:17 2017] Launched synth_1...
Run output will be captured here: c:/users/kmd17/documents/github/embedded_systems_lab4_hw_sw_acceleration/hwacceleration.tmp/led_ip_v6_0_project/led_ip_v6_0_project.runs/synth_1/runme.log
current_project handshake_v2_0_project
ERROR: [filemgmt 56-23] Illegal GUI graph access between updates.
ERROR: [filemgmt 20-1788] Illegal access of HADGNode between graph update events.
ERROR: [filemgmt 20-1788] Illegal access of HADGNode between graph update events.
ERROR: [filemgmt 56-23] Illegal GUI graph access between updates.
reset_run synth_1
WARNING: [Vivado 12-1017] Problems encountered:
1. Failed to delete one or more files in run directory c:/users/kmd17/documents/github/embedded_systems_lab4_hw_sw_acceleration/hwacceleration.tmp/handshake_v2_0_project/handshake_v2_0_project.runs/synth_1

launch_runs synth_1 -jobs 4
INFO: [HDL 9-2216] Analyzing Verilog file "c:/Users/kmd17/Documents/GitHub/ip_repo/handshake_1.0/hdl/handshake_v1_0_S00_AXI.v" into library work [c:/Users/kmd17/Documents/GitHub/ip_repo/handshake_1.0/hdl/handshake_v1_0_S00_AXI.v:1]
[Mon May 15 23:39:48 2017] Launched synth_1...
Run output will be captured here: c:/users/kmd17/documents/github/embedded_systems_lab4_hw_sw_acceleration/hwacceleration.tmp/handshake_v2_0_project/handshake_v2_0_project.runs/synth_1/runme.log
reset_run synth_1
launch_runs synth_1 -jobs 4
INFO: [HDL 9-2216] Analyzing Verilog file "c:/Users/kmd17/Documents/GitHub/ip_repo/handshake_1.0/hdl/handshake_v1_0_S00_AXI.v" into library work [c:/Users/kmd17/Documents/GitHub/ip_repo/handshake_1.0/hdl/handshake_v1_0_S00_AXI.v:1]
[Mon May 15 23:41:32 2017] Launched synth_1...
Run output will be captured here: c:/users/kmd17/documents/github/embedded_systems_lab4_hw_sw_acceleration/hwacceleration.tmp/handshake_v2_0_project/handshake_v2_0_project.runs/synth_1/runme.log
current_project led_ip_v6_0_project
reset_run synth_1
WARNING: [Vivado 12-1017] Problems encountered:
1. Failed to delete one or more files in run directory c:/users/kmd17/documents/github/embedded_systems_lab4_hw_sw_acceleration/hwacceleration.tmp/led_ip_v6_0_project/led_ip_v6_0_project.runs/synth_1

launch_runs synth_1 -jobs 4
INFO: [HDL 9-2216] Analyzing Verilog file "c:/Users/kmd17/Documents/GitHub/Embedded_Systems_lab4_HW_SW_ACCELERATION/ip_repo/led_ip_1.0/hdl/led_ip_v1_0_S_AXI.v" into library work [c:/Users/kmd17/Documents/GitHub/Embedded_Systems_lab4_HW_SW_ACCELERATION/ip_repo/led_ip_1.0/hdl/led_ip_v1_0_S_AXI.v:1]
[Mon May 15 23:41:59 2017] Launched synth_1...
Run output will be captured here: c:/users/kmd17/documents/github/embedded_systems_lab4_hw_sw_acceleration/hwacceleration.tmp/led_ip_v6_0_project/led_ip_v6_0_project.runs/synth_1/runme.log
current_project handshake_v2_0_project
ipx::open_ipxact_file c:/Users/kmd17/Documents/GitHub/ip_repo/handshake_1.0/component.xml
set_property core_revision 4 [ipx::current_core]
ipx::create_xgui_files [ipx::current_core]
ipx::update_checksums [ipx::current_core]
ipx::save_core [ipx::current_core]
update_ip_catalog -rebuild -repo_path c:/Users/kmd17/Documents/GitHub/ip_repo/handshake_1.0
INFO: [IP_Flow 19-725] Reloaded user IP repository 'c:/Users/kmd17/Documents/GitHub/ip_repo/handshake_1.0'
update_ip_catalog: Time (s): cpu = 00:00:09 ; elapsed = 00:00:16 . Memory (MB): peak = 1060.836 ; gain = 28.238
close_project
set_property core_revision 6 [ipx::current_core]
ipx::create_xgui_files [ipx::current_core]
ipx::update_checksums [ipx::current_core]
ipx::save_core [ipx::current_core]
close_project
update_ip_catalog -rebuild -repo_path c:/Users/kmd17/Documents/GitHub/Embedded_Systems_lab4_HW_SW_ACCELERATION/ip_repo
INFO: [IP_Flow 19-725] Reloaded user IP repository 'c:/Users/kmd17/Documents/GitHub/Embedded_Systems_lab4_HW_SW_ACCELERATION/ip_repo'
report_ip_status -name ip_status 
upgrade_ip [get_ips  {Cortex_A9_handshake_0_0 Cortex_A9_led_ip_0_0}] -log ip_upgrade.log
Upgrading 'C:/Users/kmd17/Documents/GitHub/Embedded_Systems_lab4_HW_SW_ACCELERATION/HWacceleration.srcs/sources_1/bd/Cortex_A9/Cortex_A9.bd'
INFO: [IP_Flow 19-1972] Upgraded Cortex_A9_handshake_0_0 from handshake_v1.0 2.0 to handshake_v1.0 2.0
INFO: [IP_Flow 19-3422] Upgraded Cortex_A9_led_ip_0_0 (AXI_Lite_kmd_edit 6.0) from revision 5 to revision 6
Wrote  : <C:/Users/kmd17/Documents/GitHub/Embedded_Systems_lab4_HW_SW_ACCELERATION/HWacceleration.srcs/sources_1/bd/Cortex_A9/Cortex_A9.bd> 
Wrote  : <C:/Users/kmd17/Documents/GitHub/Embedded_Systems_lab4_HW_SW_ACCELERATION/HWacceleration.srcs/sources_1/bd/Cortex_A9/ui/bd_a90798d6.ui> 
INFO: [Coretcl 2-1525] Wrote upgrade log to 'C:/Users/kmd17/Documents/GitHub/Embedded_Systems_lab4_HW_SW_ACCELERATION/ip_upgrade.log'.
export_ip_user_files -of_objects [get_ips {Cortex_A9_handshake_0_0 Cortex_A9_led_ip_0_0}] -no_script -sync -force -quiet
report_ip_status -name ip_status 
reset_run synth_1
launch_runs impl_1 -to_step write_bitstream -jobs 4
Verilog Output written to : C:/Users/kmd17/Documents/GitHub/Embedded_Systems_lab4_HW_SW_ACCELERATION/HWacceleration.srcs/sources_1/bd/Cortex_A9/hdl/Cortex_A9.v
Verilog Output written to : C:/Users/kmd17/Documents/GitHub/Embedded_Systems_lab4_HW_SW_ACCELERATION/HWacceleration.srcs/sources_1/bd/Cortex_A9/hdl/Cortex_A9_wrapper.v
Wrote  : <C:/Users/kmd17/Documents/GitHub/Embedded_Systems_lab4_HW_SW_ACCELERATION/HWacceleration.srcs/sources_1/bd/Cortex_A9/Cortex_A9.bd> 
INFO: [BD 41-1029] Generation completed for the IP Integrator block processing_system7_0 .
INFO: [BD 41-1029] Generation completed for the IP Integrator block rst_ps7_0_100M .
INFO: [BD 41-1029] Generation completed for the IP Integrator block ps7_0_axi_periph/xbar .
INFO: [BD 41-1029] Generation completed for the IP Integrator block accelerator_KMD .
INFO: [BD 41-1029] Generation completed for the IP Integrator block accelerator_handshake .
INFO: [BD 41-1029] Generation completed for the IP Integrator block ps7_0_axi_periph/s00_couplers/auto_pc .
Exporting to file C:/Users/kmd17/Documents/GitHub/Embedded_Systems_lab4_HW_SW_ACCELERATION/HWacceleration.srcs/sources_1/bd/Cortex_A9/hw_handoff/Cortex_A9.hwh
Generated Block Design Tcl file C:/Users/kmd17/Documents/GitHub/Embedded_Systems_lab4_HW_SW_ACCELERATION/HWacceleration.srcs/sources_1/bd/Cortex_A9/hw_handoff/Cortex_A9_bd.tcl
Generated Hardware Definition File C:/Users/kmd17/Documents/GitHub/Embedded_Systems_lab4_HW_SW_ACCELERATION/HWacceleration.srcs/sources_1/bd/Cortex_A9/hdl/Cortex_A9.hwdef
INFO: [IP_Flow 19-4993] Using cached IP synthesis design for IP Cortex_A9_auto_pc_0, cache-ID = 83e7b606e4f79014; cache size = 107.381 MB.
[Mon May 15 23:48:22 2017] Launched Cortex_A9_handshake_0_0_synth_1, Cortex_A9_led_ip_0_0_synth_1, synth_1...
Run output will be captured here:
Cortex_A9_handshake_0_0_synth_1: C:/Users/kmd17/Documents/GitHub/Embedded_Systems_lab4_HW_SW_ACCELERATION/HWacceleration.runs/Cortex_A9_handshake_0_0_synth_1/runme.log
Cortex_A9_led_ip_0_0_synth_1: C:/Users/kmd17/Documents/GitHub/Embedded_Systems_lab4_HW_SW_ACCELERATION/HWacceleration.runs/Cortex_A9_led_ip_0_0_synth_1/runme.log
synth_1: C:/Users/kmd17/Documents/GitHub/Embedded_Systems_lab4_HW_SW_ACCELERATION/HWacceleration.runs/synth_1/runme.log
[Mon May 15 23:48:22 2017] Launched impl_1...
Run output will be captured here: C:/Users/kmd17/Documents/GitHub/Embedded_Systems_lab4_HW_SW_ACCELERATION/HWacceleration.runs/impl_1/runme.log
launch_runs: Time (s): cpu = 00:00:14 ; elapsed = 00:00:16 . Memory (MB): peak = 1217.539 ; gain = 75.250
report_ip_status -name ip_status 
ipx::edit_ip_in_project -upgrade true -name handshake_v2_0_project -directory C:/Users/kmd17/Documents/GitHub/Embedded_Systems_lab4_HW_SW_ACCELERATION/HWacceleration.tmp/handshake_v2_0_project c:/Users/kmd17/Documents/GitHub/ip_repo/handshake_1.0/component.xml
INFO: [ProjectBase 1-489] The host OS only allows 260 characters in a normal path. The project is stored in a path with more than 80 characters. If you experience issues with IP, Block Designs, or files not being found, please consider moving the project to a location with a shorter path. Alternately consider using the OS subst command to map part of the path to a drive letter.
Current project path is 'c:/users/kmd17/documents/github/embedded_systems_lab4_hw_sw_acceleration/hwacceleration.tmp/handshake_v2_0_project'
INFO: [IP_Flow 19-234] Refreshing IP repositories
INFO: [IP_Flow 19-1704] No user IP repositories specified
INFO: [IP_Flow 19-2313] Loaded Vivado IP repository 'C:/Xilinx/Vivado/2016.4/data/ip'.
INFO: [IP_Flow 19-234] Refreshing IP repositories
INFO: [IP_Flow 19-1700] Loaded user IP repository 'c:/Users/kmd17/Documents/GitHub/ip_repo/handshake_1.0'.
WARNING: [IP_Flow 19-3685] Ignored loading user repository 'c:/Users/kmd17/Documents/GitHub/Embedded_Systems_lab4_HW_SW_ACCELERATION/ip_repo/GRAY_ACCELERATOR_1.0'. The path is contained within another repository.
INFO: [IP_Flow 19-1700] Loaded user IP repository 'c:/Users/kmd17/Documents/GitHub/Embedded_Systems_lab4_HW_SW_ACCELERATION/ip_repo'.
INFO: [IP_Flow 19-795] Syncing license key meta-data
INFO: [IP_Flow 19-793] Syncing display name meta-data
INFO: [IP_Flow 19-798] Syncing taxonomy meta-data
INFO: [IP_Flow 19-799] Syncing upgrade version meta-data
ipx::edit_ip_in_project: Time (s): cpu = 00:00:06 ; elapsed = 00:00:07 . Memory (MB): peak = 1217.539 ; gain = 0.000
close_project
update_ip_catalog -rebuild -scan_changes
INFO: [IP_Flow 19-234] Refreshing IP repositories
INFO: [IP_Flow 19-1700] Loaded user IP repository 'c:/Users/kmd17/Documents/GitHub/ip_repo/handshake_1.0'.
WARNING: [IP_Flow 19-3685] Ignored loading user repository 'c:/Users/kmd17/Documents/GitHub/Embedded_Systems_lab4_HW_SW_ACCELERATION/ip_repo/GRAY_ACCELERATOR_1.0'. The path is contained within another repository.
INFO: [IP_Flow 19-1700] Loaded user IP repository 'c:/Users/kmd17/Documents/GitHub/Embedded_Systems_lab4_HW_SW_ACCELERATION/ip_repo'.
report_ip_status -name ip_status
ipx::edit_ip_in_project -upgrade true -name led_ip_v6_0_project -directory C:/Users/kmd17/Documents/GitHub/Embedded_Systems_lab4_HW_SW_ACCELERATION/HWacceleration.tmp/led_ip_v6_0_project c:/Users/kmd17/Documents/GitHub/Embedded_Systems_lab4_HW_SW_ACCELERATION/ip_repo/led_ip_1.0/component.xml
INFO: [ProjectBase 1-489] The host OS only allows 260 characters in a normal path. The project is stored in a path with more than 80 characters. If you experience issues with IP, Block Designs, or files not being found, please consider moving the project to a location with a shorter path. Alternately consider using the OS subst command to map part of the path to a drive letter.
Current project path is 'c:/users/kmd17/documents/github/embedded_systems_lab4_hw_sw_acceleration/hwacceleration.tmp/led_ip_v6_0_project'
INFO: [IP_Flow 19-234] Refreshing IP repositories
INFO: [IP_Flow 19-1704] No user IP repositories specified
INFO: [IP_Flow 19-2313] Loaded Vivado IP repository 'C:/Xilinx/Vivado/2016.4/data/ip'.
INFO: [IP_Flow 19-234] Refreshing IP repositories
INFO: [IP_Flow 19-1700] Loaded user IP repository 'c:/Users/kmd17/Documents/GitHub/ip_repo/handshake_1.0'.
WARNING: [IP_Flow 19-3685] Ignored loading user repository 'c:/Users/kmd17/Documents/GitHub/Embedded_Systems_lab4_HW_SW_ACCELERATION/ip_repo/GRAY_ACCELERATOR_1.0'. The path is contained within another repository.
INFO: [IP_Flow 19-1700] Loaded user IP repository 'c:/Users/kmd17/Documents/GitHub/Embedded_Systems_lab4_HW_SW_ACCELERATION/ip_repo'.
INFO: [IP_Flow 19-795] Syncing license key meta-data
INFO: [IP_Flow 19-793] Syncing display name meta-data
INFO: [IP_Flow 19-798] Syncing taxonomy meta-data
INFO: [IP_Flow 19-799] Syncing upgrade version meta-data
close_project
ipx::edit_ip_in_project -upgrade true -name led_ip_v6_0_project -directory C:/Users/kmd17/Documents/GitHub/Embedded_Systems_lab4_HW_SW_ACCELERATION/HWacceleration.tmp/led_ip_v6_0_project c:/Users/kmd17/Documents/GitHub/Embedded_Systems_lab4_HW_SW_ACCELERATION/ip_repo/led_ip_1.0/component.xml
INFO: [ProjectBase 1-489] The host OS only allows 260 characters in a normal path. The project is stored in a path with more than 80 characters. If you experience issues with IP, Block Designs, or files not being found, please consider moving the project to a location with a shorter path. Alternately consider using the OS subst command to map part of the path to a drive letter.
Current project path is 'c:/users/kmd17/documents/github/embedded_systems_lab4_hw_sw_acceleration/hwacceleration.tmp/led_ip_v6_0_project'
INFO: [IP_Flow 19-234] Refreshing IP repositories
INFO: [IP_Flow 19-1704] No user IP repositories specified
INFO: [IP_Flow 19-2313] Loaded Vivado IP repository 'C:/Xilinx/Vivado/2016.4/data/ip'.
INFO: [IP_Flow 19-234] Refreshing IP repositories
INFO: [IP_Flow 19-1700] Loaded user IP repository 'c:/Users/kmd17/Documents/GitHub/ip_repo/handshake_1.0'.
WARNING: [IP_Flow 19-3685] Ignored loading user repository 'c:/Users/kmd17/Documents/GitHub/Embedded_Systems_lab4_HW_SW_ACCELERATION/ip_repo/GRAY_ACCELERATOR_1.0'. The path is contained within another repository.
INFO: [IP_Flow 19-1700] Loaded user IP repository 'c:/Users/kmd17/Documents/GitHub/Embedded_Systems_lab4_HW_SW_ACCELERATION/ip_repo'.
INFO: [IP_Flow 19-795] Syncing license key meta-data
INFO: [IP_Flow 19-793] Syncing display name meta-data
INFO: [IP_Flow 19-798] Syncing taxonomy meta-data
INFO: [IP_Flow 19-799] Syncing upgrade version meta-data
ipx::edit_ip_in_project: Time (s): cpu = 00:00:17 ; elapsed = 00:00:26 . Memory (MB): peak = 1359.840 ; gain = 106.016
close_project
upgrade_ip -vlnv xilinx.com:user:handshake:2.0 [get_ips  Cortex_A9_handshake_0_0] -log ip_upgrade.log
Upgrading 'C:/Users/kmd17/Documents/GitHub/Embedded_Systems_lab4_HW_SW_ACCELERATION/HWacceleration.srcs/sources_1/bd/Cortex_A9/Cortex_A9.bd'
INFO: [IP_Flow 19-3422] Upgraded Cortex_A9_handshake_0_0 (handshake_v1.0 2.0) from revision 3 to revision 4
Wrote  : <C:/Users/kmd17/Documents/GitHub/Embedded_Systems_lab4_HW_SW_ACCELERATION/HWacceleration.srcs/sources_1/bd/Cortex_A9/Cortex_A9.bd> 
INFO: [Coretcl 2-1525] Wrote upgrade log to 'C:/Users/kmd17/Documents/GitHub/Embedded_Systems_lab4_HW_SW_ACCELERATION/ip_upgrade.log'.
upgrade_ip: Time (s): cpu = 00:00:13 ; elapsed = 00:00:18 . Memory (MB): peak = 1504.742 ; gain = 94.398
export_ip_user_files -of_objects [get_ips Cortex_A9_handshake_0_0] -no_script -sync -force -quiet
report_ip_status -name ip_status 
report_ip_status: Time (s): cpu = 00:00:05 ; elapsed = 00:00:06 . Memory (MB): peak = 1556.117 ; gain = 27.914
update_ip_catalog -rebuild -scan_changes
INFO: [IP_Flow 19-234] Refreshing IP repositories
INFO: [IP_Flow 19-1700] Loaded user IP repository 'c:/Users/kmd17/Documents/GitHub/ip_repo/handshake_1.0'.
WARNING: [IP_Flow 19-3685] Ignored loading user repository 'c:/Users/kmd17/Documents/GitHub/Embedded_Systems_lab4_HW_SW_ACCELERATION/ip_repo/GRAY_ACCELERATOR_1.0'. The path is contained within another repository.
INFO: [IP_Flow 19-1700] Loaded user IP repository 'c:/Users/kmd17/Documents/GitHub/Embedded_Systems_lab4_HW_SW_ACCELERATION/ip_repo'.
report_ip_status -name ip_status
upgrade_ip -vlnv xilinx.com:kmd:led_ip:6.0 [get_ips  Cortex_A9_led_ip_0_0] -log ip_upgrade.log
Upgrading 'C:/Users/kmd17/Documents/GitHub/Embedded_Systems_lab4_HW_SW_ACCELERATION/HWacceleration.srcs/sources_1/bd/Cortex_A9/Cortex_A9.bd'
INFO: [IP_Flow 19-1972] Upgraded Cortex_A9_led_ip_0_0 from AXI_Lite_kmd_edit 6.0 to AXI_Lite_kmd_edit 6.0
Wrote  : <C:/Users/kmd17/Documents/GitHub/Embedded_Systems_lab4_HW_SW_ACCELERATION/HWacceleration.srcs/sources_1/bd/Cortex_A9/Cortex_A9.bd> 
INFO: [Coretcl 2-1525] Wrote upgrade log to 'C:/Users/kmd17/Documents/GitHub/Embedded_Systems_lab4_HW_SW_ACCELERATION/ip_upgrade.log'.
export_ip_user_files -of_objects [get_ips Cortex_A9_led_ip_0_0] -no_script -sync -force -quiet
report_ip_status -name ip_status 
reset_run synth_1
launch_runs impl_1 -to_step write_bitstream -jobs 4
Verilog Output written to : C:/Users/kmd17/Documents/GitHub/Embedded_Systems_lab4_HW_SW_ACCELERATION/HWacceleration.srcs/sources_1/bd/Cortex_A9/hdl/Cortex_A9.v
Verilog Output written to : C:/Users/kmd17/Documents/GitHub/Embedded_Systems_lab4_HW_SW_ACCELERATION/HWacceleration.srcs/sources_1/bd/Cortex_A9/hdl/Cortex_A9_wrapper.v
Wrote  : <C:/Users/kmd17/Documents/GitHub/Embedded_Systems_lab4_HW_SW_ACCELERATION/HWacceleration.srcs/sources_1/bd/Cortex_A9/Cortex_A9.bd> 
INFO: [BD 41-1029] Generation completed for the IP Integrator block processing_system7_0 .
INFO: [BD 41-1029] Generation completed for the IP Integrator block rst_ps7_0_100M .
INFO: [BD 41-1029] Generation completed for the IP Integrator block ps7_0_axi_periph/xbar .
INFO: [BD 41-1029] Generation completed for the IP Integrator block accelerator_KMD .
INFO: [BD 41-1029] Generation completed for the IP Integrator block accelerator_handshake .
INFO: [BD 41-1029] Generation completed for the IP Integrator block ps7_0_axi_periph/s00_couplers/auto_pc .
Exporting to file C:/Users/kmd17/Documents/GitHub/Embedded_Systems_lab4_HW_SW_ACCELERATION/HWacceleration.srcs/sources_1/bd/Cortex_A9/hw_handoff/Cortex_A9.hwh
Generated Block Design Tcl file C:/Users/kmd17/Documents/GitHub/Embedded_Systems_lab4_HW_SW_ACCELERATION/HWacceleration.srcs/sources_1/bd/Cortex_A9/hw_handoff/Cortex_A9_bd.tcl
Generated Hardware Definition File C:/Users/kmd17/Documents/GitHub/Embedded_Systems_lab4_HW_SW_ACCELERATION/HWacceleration.srcs/sources_1/bd/Cortex_A9/hdl/Cortex_A9.hwdef
INFO: [IP_Flow 19-4993] Using cached IP synthesis design for IP Cortex_A9_auto_pc_0, cache-ID = 83e7b606e4f79014; cache size = 107.381 MB.
[Tue May 16 00:11:59 2017] Launched Cortex_A9_handshake_0_0_synth_1, Cortex_A9_led_ip_0_0_synth_1, synth_1...
Run output will be captured here:
Cortex_A9_handshake_0_0_synth_1: C:/Users/kmd17/Documents/GitHub/Embedded_Systems_lab4_HW_SW_ACCELERATION/HWacceleration.runs/Cortex_A9_handshake_0_0_synth_1/runme.log
Cortex_A9_led_ip_0_0_synth_1: C:/Users/kmd17/Documents/GitHub/Embedded_Systems_lab4_HW_SW_ACCELERATION/HWacceleration.runs/Cortex_A9_led_ip_0_0_synth_1/runme.log
synth_1: C:/Users/kmd17/Documents/GitHub/Embedded_Systems_lab4_HW_SW_ACCELERATION/HWacceleration.runs/synth_1/runme.log
[Tue May 16 00:11:59 2017] Launched impl_1...
Run output will be captured here: C:/Users/kmd17/Documents/GitHub/Embedded_Systems_lab4_HW_SW_ACCELERATION/HWacceleration.runs/impl_1/runme.log
launch_runs: Time (s): cpu = 00:00:12 ; elapsed = 00:00:12 . Memory (MB): peak = 1675.742 ; gain = 77.363
report_ip_status -name ip_status 
file copy -force C:/Users/kmd17/Documents/GitHub/Embedded_Systems_lab4_HW_SW_ACCELERATION/HWacceleration.runs/impl_1/Cortex_A9_wrapper.sysdef C:/Users/kmd17/Documents/GitHub/Embedded_Systems_lab4_HW_SW_ACCELERATION/HWacceleration.sdk/Cortex_A9_wrapper.hdf

set_property name led_ip [get_bd_cells accelerator_KMD]
set_property name handshake [get_bd_cells accelerator_handshake]
save_bd_design
Wrote  : <C:/Users/kmd17/Documents/GitHub/Embedded_Systems_lab4_HW_SW_ACCELERATION/HWacceleration.srcs/sources_1/bd/Cortex_A9/Cortex_A9.bd> 
Wrote  : <C:/Users/kmd17/Documents/GitHub/Embedded_Systems_lab4_HW_SW_ACCELERATION/HWacceleration.srcs/sources_1/bd/Cortex_A9/ui/bd_a90798d6.ui> 
reset_run synth_1
launch_runs impl_1 -to_step write_bitstream -jobs 4
Verilog Output written to : C:/Users/kmd17/Documents/GitHub/Embedded_Systems_lab4_HW_SW_ACCELERATION/HWacceleration.srcs/sources_1/bd/Cortex_A9/hdl/Cortex_A9.v
Verilog Output written to : C:/Users/kmd17/Documents/GitHub/Embedded_Systems_lab4_HW_SW_ACCELERATION/HWacceleration.srcs/sources_1/bd/Cortex_A9/hdl/Cortex_A9_wrapper.v
Wrote  : <C:/Users/kmd17/Documents/GitHub/Embedded_Systems_lab4_HW_SW_ACCELERATION/HWacceleration.srcs/sources_1/bd/Cortex_A9/Cortex_A9.bd> 
INFO: [BD 41-1029] Generation completed for the IP Integrator block processing_system7_0 .
INFO: [BD 41-1029] Generation completed for the IP Integrator block rst_ps7_0_100M .
INFO: [BD 41-1029] Generation completed for the IP Integrator block ps7_0_axi_periph/xbar .
INFO: [BD 41-1029] Generation completed for the IP Integrator block led_ip .
INFO: [BD 41-1029] Generation completed for the IP Integrator block handshake .
INFO: [BD 41-1029] Generation completed for the IP Integrator block ps7_0_axi_periph/s00_couplers/auto_pc .
Exporting to file C:/Users/kmd17/Documents/GitHub/Embedded_Systems_lab4_HW_SW_ACCELERATION/HWacceleration.srcs/sources_1/bd/Cortex_A9/hw_handoff/Cortex_A9.hwh
Generated Block Design Tcl file C:/Users/kmd17/Documents/GitHub/Embedded_Systems_lab4_HW_SW_ACCELERATION/HWacceleration.srcs/sources_1/bd/Cortex_A9/hw_handoff/Cortex_A9_bd.tcl
Generated Hardware Definition File C:/Users/kmd17/Documents/GitHub/Embedded_Systems_lab4_HW_SW_ACCELERATION/HWacceleration.srcs/sources_1/bd/Cortex_A9/hdl/Cortex_A9.hwdef
INFO: [IP_Flow 19-4993] Using cached IP synthesis design for IP Cortex_A9_auto_pc_0, cache-ID = 83e7b606e4f79014; cache size = 117.890 MB.
[Tue May 16 00:50:20 2017] Launched synth_1...
Run output will be captured here: C:/Users/kmd17/Documents/GitHub/Embedded_Systems_lab4_HW_SW_ACCELERATION/HWacceleration.runs/synth_1/runme.log
[Tue May 16 00:50:20 2017] Launched impl_1...
Run output will be captured here: C:/Users/kmd17/Documents/GitHub/Embedded_Systems_lab4_HW_SW_ACCELERATION/HWacceleration.runs/impl_1/runme.log
launch_runs: Time (s): cpu = 00:00:09 ; elapsed = 00:00:13 . Memory (MB): peak = 1700.391 ; gain = 24.648
reset_run impl_1 -prev_step 
launch_runs impl_1 -to_step write_bitstream -jobs 4
[Tue May 16 00:59:14 2017] Launched impl_1...
Run output will be captured here: C:/Users/kmd17/Documents/GitHub/Embedded_Systems_lab4_HW_SW_ACCELERATION/HWacceleration.runs/impl_1/runme.log
ipx::edit_ip_in_project -upgrade true -name handshake_v2_0_project -directory C:/Users/kmd17/Documents/GitHub/Embedded_Systems_lab4_HW_SW_ACCELERATION/HWacceleration.tmp/handshake_v2_0_project c:/Users/kmd17/Documents/GitHub/ip_repo/handshake_1.0/component.xml
INFO: [ProjectBase 1-489] The host OS only allows 260 characters in a normal path. The project is stored in a path with more than 80 characters. If you experience issues with IP, Block Designs, or files not being found, please consider moving the project to a location with a shorter path. Alternately consider using the OS subst command to map part of the path to a drive letter.
Current project path is 'c:/users/kmd17/documents/github/embedded_systems_lab4_hw_sw_acceleration/hwacceleration.tmp/handshake_v2_0_project'
INFO: [IP_Flow 19-234] Refreshing IP repositories
INFO: [IP_Flow 19-1704] No user IP repositories specified
INFO: [IP_Flow 19-2313] Loaded Vivado IP repository 'C:/Xilinx/Vivado/2016.4/data/ip'.
INFO: [IP_Flow 19-234] Refreshing IP repositories
INFO: [IP_Flow 19-1700] Loaded user IP repository 'c:/Users/kmd17/Documents/GitHub/ip_repo/handshake_1.0'.
WARNING: [IP_Flow 19-3685] Ignored loading user repository 'c:/Users/kmd17/Documents/GitHub/Embedded_Systems_lab4_HW_SW_ACCELERATION/ip_repo/GRAY_ACCELERATOR_1.0'. The path is contained within another repository.
INFO: [IP_Flow 19-1700] Loaded user IP repository 'c:/Users/kmd17/Documents/GitHub/Embedded_Systems_lab4_HW_SW_ACCELERATION/ip_repo'.
INFO: [IP_Flow 19-795] Syncing license key meta-data
INFO: [IP_Flow 19-793] Syncing display name meta-data
INFO: [IP_Flow 19-798] Syncing taxonomy meta-data
INFO: [IP_Flow 19-799] Syncing upgrade version meta-data
ipx::edit_ip_in_project: Time (s): cpu = 00:00:05 ; elapsed = 00:00:06 . Memory (MB): peak = 1700.391 ; gain = 0.000
current_project HWacceleration
ipx::edit_ip_in_project -upgrade true -name led_ip_v6_0_project -directory C:/Users/kmd17/Documents/GitHub/Embedded_Systems_lab4_HW_SW_ACCELERATION/HWacceleration.tmp/led_ip_v6_0_project c:/Users/kmd17/Documents/GitHub/Embedded_Systems_lab4_HW_SW_ACCELERATION/ip_repo/led_ip_1.0/component.xml
INFO: [ProjectBase 1-489] The host OS only allows 260 characters in a normal path. The project is stored in a path with more than 80 characters. If you experience issues with IP, Block Designs, or files not being found, please consider moving the project to a location with a shorter path. Alternately consider using the OS subst command to map part of the path to a drive letter.
Current project path is 'c:/users/kmd17/documents/github/embedded_systems_lab4_hw_sw_acceleration/hwacceleration.tmp/led_ip_v6_0_project'
INFO: [IP_Flow 19-234] Refreshing IP repositories
INFO: [IP_Flow 19-1704] No user IP repositories specified
INFO: [IP_Flow 19-2313] Loaded Vivado IP repository 'C:/Xilinx/Vivado/2016.4/data/ip'.
INFO: [IP_Flow 19-234] Refreshing IP repositories
INFO: [IP_Flow 19-1700] Loaded user IP repository 'c:/Users/kmd17/Documents/GitHub/ip_repo/handshake_1.0'.
WARNING: [IP_Flow 19-3685] Ignored loading user repository 'c:/Users/kmd17/Documents/GitHub/Embedded_Systems_lab4_HW_SW_ACCELERATION/ip_repo/GRAY_ACCELERATOR_1.0'. The path is contained within another repository.
INFO: [IP_Flow 19-1700] Loaded user IP repository 'c:/Users/kmd17/Documents/GitHub/Embedded_Systems_lab4_HW_SW_ACCELERATION/ip_repo'.
INFO: [IP_Flow 19-795] Syncing license key meta-data
INFO: [IP_Flow 19-793] Syncing display name meta-data
INFO: [IP_Flow 19-798] Syncing taxonomy meta-data
INFO: [IP_Flow 19-799] Syncing upgrade version meta-data
close_project
close_project
update_ip_catalog -rebuild -scan_changes
INFO: [IP_Flow 19-234] Refreshing IP repositories
INFO: [IP_Flow 19-1700] Loaded user IP repository 'c:/Users/kmd17/Documents/GitHub/ip_repo/handshake_1.0'.
WARNING: [IP_Flow 19-3685] Ignored loading user repository 'c:/Users/kmd17/Documents/GitHub/Embedded_Systems_lab4_HW_SW_ACCELERATION/ip_repo/GRAY_ACCELERATOR_1.0'. The path is contained within another repository.
INFO: [IP_Flow 19-1700] Loaded user IP repository 'c:/Users/kmd17/Documents/GitHub/Embedded_Systems_lab4_HW_SW_ACCELERATION/ip_repo'.
report_ip_status -name ip_status
upgrade_ip [get_ips  {Cortex_A9_handshake_0_0 Cortex_A9_led_ip_0_0}] -log ip_upgrade.log
Upgrading 'C:/Users/kmd17/Documents/GitHub/Embedded_Systems_lab4_HW_SW_ACCELERATION/HWacceleration.srcs/sources_1/bd/Cortex_A9/Cortex_A9.bd'
INFO: [IP_Flow 19-1972] Upgraded Cortex_A9_handshake_0_0 from handshake_v1.0 2.0 to handshake_v1.0 2.0
INFO: [IP_Flow 19-1972] Upgraded Cortex_A9_led_ip_0_0 from AXI_Lite_kmd_edit 6.0 to AXI_Lite_kmd_edit 6.0
Wrote  : <C:/Users/kmd17/Documents/GitHub/Embedded_Systems_lab4_HW_SW_ACCELERATION/HWacceleration.srcs/sources_1/bd/Cortex_A9/Cortex_A9.bd> 
INFO: [Coretcl 2-1525] Wrote upgrade log to 'C:/Users/kmd17/Documents/GitHub/Embedded_Systems_lab4_HW_SW_ACCELERATION/ip_upgrade.log'.
export_ip_user_files -of_objects [get_ips {Cortex_A9_handshake_0_0 Cortex_A9_led_ip_0_0}] -no_script -sync -force -quiet
report_ip_status -name ip_status 
reset_run synth_1
launch_runs impl_1 -to_step write_bitstream -jobs 4
Verilog Output written to : C:/Users/kmd17/Documents/GitHub/Embedded_Systems_lab4_HW_SW_ACCELERATION/HWacceleration.srcs/sources_1/bd/Cortex_A9/hdl/Cortex_A9.v
Verilog Output written to : C:/Users/kmd17/Documents/GitHub/Embedded_Systems_lab4_HW_SW_ACCELERATION/HWacceleration.srcs/sources_1/bd/Cortex_A9/hdl/Cortex_A9_wrapper.v
Wrote  : <C:/Users/kmd17/Documents/GitHub/Embedded_Systems_lab4_HW_SW_ACCELERATION/HWacceleration.srcs/sources_1/bd/Cortex_A9/Cortex_A9.bd> 
INFO: [BD 41-1029] Generation completed for the IP Integrator block processing_system7_0 .
INFO: [BD 41-1029] Generation completed for the IP Integrator block rst_ps7_0_100M .
INFO: [BD 41-1029] Generation completed for the IP Integrator block ps7_0_axi_periph/xbar .
INFO: [BD 41-1029] Generation completed for the IP Integrator block led_ip .
INFO: [BD 41-1029] Generation completed for the IP Integrator block handshake .
INFO: [BD 41-1029] Generation completed for the IP Integrator block ps7_0_axi_periph/s00_couplers/auto_pc .
Exporting to file C:/Users/kmd17/Documents/GitHub/Embedded_Systems_lab4_HW_SW_ACCELERATION/HWacceleration.srcs/sources_1/bd/Cortex_A9/hw_handoff/Cortex_A9.hwh
Generated Block Design Tcl file C:/Users/kmd17/Documents/GitHub/Embedded_Systems_lab4_HW_SW_ACCELERATION/HWacceleration.srcs/sources_1/bd/Cortex_A9/hw_handoff/Cortex_A9_bd.tcl
Generated Hardware Definition File C:/Users/kmd17/Documents/GitHub/Embedded_Systems_lab4_HW_SW_ACCELERATION/HWacceleration.srcs/sources_1/bd/Cortex_A9/hdl/Cortex_A9.hwdef
INFO: [IP_Flow 19-4993] Using cached IP synthesis design for IP Cortex_A9_auto_pc_0, cache-ID = 83e7b606e4f79014; cache size = 107.381 MB.
[Tue May 16 01:07:53 2017] Launched Cortex_A9_handshake_0_0_synth_1, Cortex_A9_led_ip_0_0_synth_1, synth_1...
Run output will be captured here:
Cortex_A9_handshake_0_0_synth_1: C:/Users/kmd17/Documents/GitHub/Embedded_Systems_lab4_HW_SW_ACCELERATION/HWacceleration.runs/Cortex_A9_handshake_0_0_synth_1/runme.log
Cortex_A9_led_ip_0_0_synth_1: C:/Users/kmd17/Documents/GitHub/Embedded_Systems_lab4_HW_SW_ACCELERATION/HWacceleration.runs/Cortex_A9_led_ip_0_0_synth_1/runme.log
synth_1: C:/Users/kmd17/Documents/GitHub/Embedded_Systems_lab4_HW_SW_ACCELERATION/HWacceleration.runs/synth_1/runme.log
[Tue May 16 01:07:53 2017] Launched impl_1...
Run output will be captured here: C:/Users/kmd17/Documents/GitHub/Embedded_Systems_lab4_HW_SW_ACCELERATION/HWacceleration.runs/impl_1/runme.log
launch_runs: Time (s): cpu = 00:00:09 ; elapsed = 00:00:11 . Memory (MB): peak = 1742.469 ; gain = 42.078
report_ip_status -name ip_status 
file copy -force C:/Users/kmd17/Documents/GitHub/Embedded_Systems_lab4_HW_SW_ACCELERATION/HWacceleration.runs/impl_1/Cortex_A9_wrapper.sysdef C:/Users/kmd17/Documents/GitHub/Embedded_Systems_lab4_HW_SW_ACCELERATION/HWacceleration.sdk/Cortex_A9_wrapper.hdf

exit
INFO: [Common 17-206] Exiting Vivado at Tue May 16 01:19:03 2017...
