#-----------------------------------------------------------
# Vivado v2016.4 (64-bit)
# SW Build 1756540 on Mon Jan 23 19:11:23 MST 2017
# IP Build 1755317 on Mon Jan 23 20:30:07 MST 2017
# Start of session at: Tue May 02 01:13:29 2017
# Process ID: 10024
# Current directory: C:/Users/kmd17/Documents/GitHub/Embedded_Systems_lab4_HW_SW_ACCELERATION
# Command line: vivado.exe -gui_launcher_event rodinguilauncherevent6944 C:\Users\kmd17\Documents\GitHub\Embedded_Systems_lab4_HW_SW_ACCELERATION\HWacceleration.xpr
# Log file: C:/Users/kmd17/Documents/GitHub/Embedded_Systems_lab4_HW_SW_ACCELERATION/vivado.log
# Journal file: C:/Users/kmd17/Documents/GitHub/Embedded_Systems_lab4_HW_SW_ACCELERATION\vivado.jou
#-----------------------------------------------------------
start_gui
open_project C:/Users/kmd17/Documents/GitHub/Embedded_Systems_lab4_HW_SW_ACCELERATION/HWacceleration.xpr
Scanning sources...
Finished scanning sources
INFO: [IP_Flow 19-234] Refreshing IP repositories
WARNING: [IP_Flow 19-3685] Ignored loading user repository 'c:/Users/kmd17/Documents/GitHub/Embedded_Systems_lab4_HW_SW_ACCELERATION/ip_repo/GRAY_ACCELERATOR_1.0'. The path is contained within another repository.
INFO: [IP_Flow 19-1700] Loaded user IP repository 'c:/Users/kmd17/Documents/GitHub/Embedded_Systems_lab4_HW_SW_ACCELERATION/ip_repo'.
INFO: [IP_Flow 19-2313] Loaded Vivado IP repository 'C:/Xilinx/Vivado/2016.4/data/ip'.
open_project: Time (s): cpu = 00:00:19 ; elapsed = 00:00:16 . Memory (MB): peak = 847.277 ; gain = 185.582
open_bd_design {C:/Users/kmd17/Documents/GitHub/Embedded_Systems_lab4_HW_SW_ACCELERATION/HWacceleration.srcs/sources_1/bd/Cortex_A9/Cortex_A9.bd}
Adding cell -- xilinx.com:ip:processing_system7:5.5 - processing_system7_0
Adding cell -- xilinx.com:ip:axi_gpio:2.0 - btns_5bits
Adding cell -- xilinx.com:ip:proc_sys_reset:5.0 - rst_ps7_0_100M
Adding cell -- xilinx.com:ip:axi_gpio:2.0 - sws_8bits
Adding cell -- xilinx.com:kmd:led_ip:3.0 - led_ip
Adding cell -- xilinx.com:ip:axi_crossbar:2.1 - xbar
Adding cell -- xilinx.com:ip:axi_protocol_converter:2.1 - auto_pc
Successfully read diagram <Cortex_A9> from BD file <C:/Users/kmd17/Documents/GitHub/Embedded_Systems_lab4_HW_SW_ACCELERATION/HWacceleration.srcs/sources_1/bd/Cortex_A9/Cortex_A9.bd>
open_bd_design: Time (s): cpu = 00:00:09 ; elapsed = 00:00:08 . Memory (MB): peak = 880.570 ; gain = 28.828
reset_run impl_1 -prev_step 
launch_runs impl_1 -to_step write_bitstream -jobs 4
[Tue May 02 01:18:53 2017] Launched impl_1...
Run output will be captured here: C:/Users/kmd17/Documents/GitHub/Embedded_Systems_lab4_HW_SW_ACCELERATION/HWacceleration.runs/impl_1/runme.log
file copy -force C:/Users/kmd17/Documents/GitHub/Embedded_Systems_lab4_HW_SW_ACCELERATION/HWacceleration.runs/impl_1/Cortex_A9_wrapper.sysdef C:/Users/kmd17/Documents/GitHub/Embedded_Systems_lab4_HW_SW_ACCELERATION/HWacceleration.sdk/Cortex_A9_wrapper.hdf

exit
INFO: [Common 17-206] Exiting Vivado at Tue May 02 01:36:01 2017...
