#-----------------------------------------------------------
# Vivado v2016.4 (64-bit)
# SW Build 1756540 on Mon Jan 23 19:11:23 MST 2017
# IP Build 1755317 on Mon Jan 23 20:30:07 MST 2017
# Start of session at: Tue May 09 20:57:46 2017
# Process ID: 1784
# Current directory: C:/Users/kmd17/Documents/GitHub/Embedded_Systems_lab4_HW_SW_ACCELERATION
# Command line: vivado.exe -gui_launcher_event rodinguilauncherevent2880 C:\Users\kmd17\Documents\GitHub\Embedded_Systems_lab4_HW_SW_ACCELERATION\HWacceleration.xpr
# Log file: C:/Users/kmd17/Documents/GitHub/Embedded_Systems_lab4_HW_SW_ACCELERATION/vivado.log
# Journal file: C:/Users/kmd17/Documents/GitHub/Embedded_Systems_lab4_HW_SW_ACCELERATION\vivado.jou
#-----------------------------------------------------------
start_gui
open_project C:/Users/kmd17/Documents/GitHub/Embedded_Systems_lab4_HW_SW_ACCELERATION/HWacceleration.xpr
Scanning sources...
Finished scanning sources
INFO: [IP_Flow 19-234] Refreshing IP repositories
WARNING: [IP_Flow 19-3685] Ignored loading user repository 'c:/Users/kmd17/Documents/GitHub/Embedded_Systems_lab4_HW_SW_ACCELERATION/ip_repo/GRAY_ACCELERATOR_1.0'. The path is contained within another repository.
INFO: [IP_Flow 19-1700] Loaded user IP repository 'c:/Users/kmd17/Documents/GitHub/Embedded_Systems_lab4_HW_SW_ACCELERATION/ip_repo'.
INFO: [IP_Flow 19-2313] Loaded Vivado IP repository 'C:/Xilinx/Vivado/2016.4/data/ip'.
open_project: Time (s): cpu = 00:00:20 ; elapsed = 00:00:16 . Memory (MB): peak = 847.090 ; gain = 198.707
reset_run synth_1
launch_runs impl_1 -to_step write_bitstream -jobs 4
Adding cell -- xilinx.com:ip:processing_system7:5.5 - processing_system7_0
Adding cell -- xilinx.com:ip:axi_gpio:2.0 - btns_5bits
Adding cell -- xilinx.com:ip:proc_sys_reset:5.0 - rst_ps7_0_100M
Adding cell -- xilinx.com:ip:axi_gpio:2.0 - sws_8bits
Adding cell -- xilinx.com:kmd:led_ip:6.0 - led_ip
Adding cell -- xilinx.com:ip:axi_crossbar:2.1 - xbar
Adding cell -- xilinx.com:ip:axi_protocol_converter:2.1 - auto_pc
Successfully read diagram <Cortex_A9> from BD file <C:/Users/kmd17/Documents/GitHub/Embedded_Systems_lab4_HW_SW_ACCELERATION/HWacceleration.srcs/sources_1/bd/Cortex_A9/Cortex_A9.bd>
Verilog Output written to : C:/Users/kmd17/Documents/GitHub/Embedded_Systems_lab4_HW_SW_ACCELERATION/HWacceleration.srcs/sources_1/bd/Cortex_A9/hdl/Cortex_A9.v
Verilog Output written to : C:/Users/kmd17/Documents/GitHub/Embedded_Systems_lab4_HW_SW_ACCELERATION/HWacceleration.srcs/sources_1/bd/Cortex_A9/hdl/Cortex_A9_wrapper.v
Wrote  : <C:/Users/kmd17/Documents/GitHub/Embedded_Systems_lab4_HW_SW_ACCELERATION/HWacceleration.srcs/sources_1/bd/Cortex_A9/Cortex_A9.bd> 
INFO: [BD 41-1029] Generation completed for the IP Integrator block processing_system7_0 .
INFO: [BD 41-1029] Generation completed for the IP Integrator block btns_5bits .
INFO: [BD 41-1029] Generation completed for the IP Integrator block rst_ps7_0_100M .
INFO: [BD 41-1029] Generation completed for the IP Integrator block sws_8bits .
INFO: [BD 41-1029] Generation completed for the IP Integrator block ps7_0_axi_periph/xbar .
INFO: [BD 41-1029] Generation completed for the IP Integrator block led_ip .
INFO: [BD 41-1029] Generation completed for the IP Integrator block ps7_0_axi_periph/s00_couplers/auto_pc .
Exporting to file C:/Users/kmd17/Documents/GitHub/Embedded_Systems_lab4_HW_SW_ACCELERATION/HWacceleration.srcs/sources_1/bd/Cortex_A9/hw_handoff/Cortex_A9.hwh
Generated Block Design Tcl file C:/Users/kmd17/Documents/GitHub/Embedded_Systems_lab4_HW_SW_ACCELERATION/HWacceleration.srcs/sources_1/bd/Cortex_A9/hw_handoff/Cortex_A9_bd.tcl
Generated Hardware Definition File C:/Users/kmd17/Documents/GitHub/Embedded_Systems_lab4_HW_SW_ACCELERATION/HWacceleration.srcs/sources_1/bd/Cortex_A9/hdl/Cortex_A9.hwdef
INFO: [IP_Flow 19-4993] Using cached IP synthesis design for IP Cortex_A9_auto_pc_0, cache-ID = 83e7b606e4f79014; cache size = 29.510 MB.
[Tue May 09 21:00:05 2017] Launched Cortex_A9_led_ip_0_0_synth_1, synth_1...
Run output will be captured here:
Cortex_A9_led_ip_0_0_synth_1: C:/Users/kmd17/Documents/GitHub/Embedded_Systems_lab4_HW_SW_ACCELERATION/HWacceleration.runs/Cortex_A9_led_ip_0_0_synth_1/runme.log
synth_1: C:/Users/kmd17/Documents/GitHub/Embedded_Systems_lab4_HW_SW_ACCELERATION/HWacceleration.runs/synth_1/runme.log
[Tue May 09 21:00:05 2017] Launched impl_1...
Run output will be captured here: C:/Users/kmd17/Documents/GitHub/Embedded_Systems_lab4_HW_SW_ACCELERATION/HWacceleration.runs/impl_1/runme.log
launch_runs: Time (s): cpu = 00:00:21 ; elapsed = 00:00:20 . Memory (MB): peak = 1004.707 ; gain = 149.645
reset_run impl_1 -prev_step 
launch_runs impl_1 -to_step write_bitstream -jobs 4
[Tue May 09 21:14:47 2017] Launched impl_1...
Run output will be captured here: C:/Users/kmd17/Documents/GitHub/Embedded_Systems_lab4_HW_SW_ACCELERATION/HWacceleration.runs/impl_1/runme.log
reset_run impl_1
launch_runs impl_1 -to_step write_bitstream -jobs 4
[Tue May 09 22:57:17 2017] Launched impl_1...
Run output will be captured here: C:/Users/kmd17/Documents/GitHub/Embedded_Systems_lab4_HW_SW_ACCELERATION/HWacceleration.runs/impl_1/runme.log
reset_run impl_1
ipx::edit_ip_in_project -upgrade true -name AXI_Lite_kmd_edit_v6_0_project -directory C:/Users/kmd17/Documents/GitHub/Embedded_Systems_lab4_HW_SW_ACCELERATION/HWacceleration.tmp/AXI_Lite_kmd_edit_v6_0_project c:/Users/kmd17/Documents/GitHub/Embedded_Systems_lab4_HW_SW_ACCELERATION/ip_repo/led_ip_1.0/component.xml
INFO: [ProjectBase 1-489] The host OS only allows 260 characters in a normal path. The project is stored in a path with more than 80 characters. If you experience issues with IP, Block Designs, or files not being found, please consider moving the project to a location with a shorter path. Alternately consider using the OS subst command to map part of the path to a drive letter.
Current project path is 'c:/users/kmd17/documents/github/embedded_systems_lab4_hw_sw_acceleration/hwacceleration.tmp/axi_lite_kmd_edit_v6_0_project'
INFO: [IP_Flow 19-234] Refreshing IP repositories
INFO: [IP_Flow 19-1704] No user IP repositories specified
INFO: [IP_Flow 19-2313] Loaded Vivado IP repository 'C:/Xilinx/Vivado/2016.4/data/ip'.
create_project: Time (s): cpu = 00:00:08 ; elapsed = 00:00:05 . Memory (MB): peak = 1033.168 ; gain = 0.000
INFO: [IP_Flow 19-234] Refreshing IP repositories
WARNING: [IP_Flow 19-3685] Ignored loading user repository 'c:/Users/kmd17/Documents/GitHub/Embedded_Systems_lab4_HW_SW_ACCELERATION/ip_repo/GRAY_ACCELERATOR_1.0'. The path is contained within another repository.
INFO: [IP_Flow 19-1700] Loaded user IP repository 'c:/Users/kmd17/Documents/GitHub/Embedded_Systems_lab4_HW_SW_ACCELERATION/ip_repo'.
INFO: [IP_Flow 19-795] Syncing license key meta-data
INFO: [IP_Flow 19-793] Syncing display name meta-data
INFO: [IP_Flow 19-798] Syncing taxonomy meta-data
INFO: [IP_Flow 19-799] Syncing upgrade version meta-data
ipx::edit_ip_in_project: Time (s): cpu = 00:00:11 ; elapsed = 00:00:09 . Memory (MB): peak = 1033.168 ; gain = 0.000
set_property core_revision 2 [ipx::current_core]
ipx::create_xgui_files [ipx::current_core]
ipx::update_checksums [ipx::current_core]
ipx::save_core [ipx::current_core]
close_project
update_ip_catalog -rebuild -repo_path c:/Users/kmd17/Documents/GitHub/Embedded_Systems_lab4_HW_SW_ACCELERATION/ip_repo
INFO: [IP_Flow 19-725] Reloaded user IP repository 'c:/Users/kmd17/Documents/GitHub/Embedded_Systems_lab4_HW_SW_ACCELERATION/ip_repo'
ipx::edit_ip_in_project -upgrade true -name AXI_Lite_kmd_edit_v6_0_project -directory C:/Users/kmd17/Documents/GitHub/Embedded_Systems_lab4_HW_SW_ACCELERATION/HWacceleration.tmp/AXI_Lite_kmd_edit_v6_0_project c:/Users/kmd17/Documents/GitHub/Embedded_Systems_lab4_HW_SW_ACCELERATION/ip_repo/led_ip_1.0/component.xml
INFO: [ProjectBase 1-489] The host OS only allows 260 characters in a normal path. The project is stored in a path with more than 80 characters. If you experience issues with IP, Block Designs, or files not being found, please consider moving the project to a location with a shorter path. Alternately consider using the OS subst command to map part of the path to a drive letter.
Current project path is 'c:/users/kmd17/documents/github/embedded_systems_lab4_hw_sw_acceleration/hwacceleration.tmp/axi_lite_kmd_edit_v6_0_project'
INFO: [IP_Flow 19-234] Refreshing IP repositories
INFO: [IP_Flow 19-1704] No user IP repositories specified
INFO: [IP_Flow 19-2313] Loaded Vivado IP repository 'C:/Xilinx/Vivado/2016.4/data/ip'.
INFO: [IP_Flow 19-234] Refreshing IP repositories
WARNING: [IP_Flow 19-3685] Ignored loading user repository 'c:/Users/kmd17/Documents/GitHub/Embedded_Systems_lab4_HW_SW_ACCELERATION/ip_repo/GRAY_ACCELERATOR_1.0'. The path is contained within another repository.
INFO: [IP_Flow 19-1700] Loaded user IP repository 'c:/Users/kmd17/Documents/GitHub/Embedded_Systems_lab4_HW_SW_ACCELERATION/ip_repo'.
INFO: [IP_Flow 19-795] Syncing license key meta-data
INFO: [IP_Flow 19-793] Syncing display name meta-data
INFO: [IP_Flow 19-798] Syncing taxonomy meta-data
INFO: [IP_Flow 19-799] Syncing upgrade version meta-data
set_property core_revision 3 [ipx::current_core]
ipx::create_xgui_files [ipx::current_core]
ipx::update_checksums [ipx::current_core]
ipx::save_core [ipx::current_core]
close_project
update_ip_catalog -rebuild -repo_path c:/Users/kmd17/Documents/GitHub/Embedded_Systems_lab4_HW_SW_ACCELERATION/ip_repo
INFO: [IP_Flow 19-725] Reloaded user IP repository 'c:/Users/kmd17/Documents/GitHub/Embedded_Systems_lab4_HW_SW_ACCELERATION/ip_repo'
ipx::edit_ip_in_project -upgrade true -name AXI_Lite_kmd_edit_v6_0_project -directory C:/Users/kmd17/Documents/GitHub/Embedded_Systems_lab4_HW_SW_ACCELERATION/HWacceleration.tmp/AXI_Lite_kmd_edit_v6_0_project c:/Users/kmd17/Documents/GitHub/Embedded_Systems_lab4_HW_SW_ACCELERATION/ip_repo/led_ip_1.0/component.xml
INFO: [ProjectBase 1-489] The host OS only allows 260 characters in a normal path. The project is stored in a path with more than 80 characters. If you experience issues with IP, Block Designs, or files not being found, please consider moving the project to a location with a shorter path. Alternately consider using the OS subst command to map part of the path to a drive letter.
Current project path is 'c:/users/kmd17/documents/github/embedded_systems_lab4_hw_sw_acceleration/hwacceleration.tmp/axi_lite_kmd_edit_v6_0_project'
INFO: [IP_Flow 19-234] Refreshing IP repositories
INFO: [IP_Flow 19-1704] No user IP repositories specified
INFO: [IP_Flow 19-2313] Loaded Vivado IP repository 'C:/Xilinx/Vivado/2016.4/data/ip'.
INFO: [IP_Flow 19-234] Refreshing IP repositories
WARNING: [IP_Flow 19-3685] Ignored loading user repository 'c:/Users/kmd17/Documents/GitHub/Embedded_Systems_lab4_HW_SW_ACCELERATION/ip_repo/GRAY_ACCELERATOR_1.0'. The path is contained within another repository.
INFO: [IP_Flow 19-1700] Loaded user IP repository 'c:/Users/kmd17/Documents/GitHub/Embedded_Systems_lab4_HW_SW_ACCELERATION/ip_repo'.
INFO: [IP_Flow 19-795] Syncing license key meta-data
INFO: [IP_Flow 19-793] Syncing display name meta-data
INFO: [IP_Flow 19-798] Syncing taxonomy meta-data
INFO: [IP_Flow 19-799] Syncing upgrade version meta-data
current_project HWacceleration
update_ip_catalog -rebuild -scan_changes
INFO: [IP_Flow 19-234] Refreshing IP repositories
WARNING: [IP_Flow 19-3685] Ignored loading user repository 'c:/Users/kmd17/Documents/GitHub/Embedded_Systems_lab4_HW_SW_ACCELERATION/ip_repo/GRAY_ACCELERATOR_1.0'. The path is contained within another repository.
INFO: [IP_Flow 19-1700] Loaded user IP repository 'c:/Users/kmd17/Documents/GitHub/Embedded_Systems_lab4_HW_SW_ACCELERATION/ip_repo'.
report_ip_status -name ip_status
current_project AXI_Lite_kmd_edit_v6_0_project
current_project HWacceleration
upgrade_ip -vlnv xilinx.com:kmd:led_ip:6.0 [get_ips  Cortex_A9_led_ip_0_0] -log ip_upgrade.log
Upgrading 'C:/Users/kmd17/Documents/GitHub/Embedded_Systems_lab4_HW_SW_ACCELERATION/HWacceleration.srcs/sources_1/bd/Cortex_A9/Cortex_A9.bd'
Adding cell -- xilinx.com:ip:processing_system7:5.5 - processing_system7_0
Adding cell -- xilinx.com:ip:axi_gpio:2.0 - btns_5bits
Adding cell -- xilinx.com:ip:proc_sys_reset:5.0 - rst_ps7_0_100M
Adding cell -- xilinx.com:ip:axi_gpio:2.0 - sws_8bits
Adding cell -- xilinx.com:kmd:led_ip:6.0 - led_ip
Adding cell -- xilinx.com:ip:axi_crossbar:2.1 - xbar
Adding cell -- xilinx.com:ip:axi_protocol_converter:2.1 - auto_pc
Successfully read diagram <Cortex_A9> from BD file <C:/Users/kmd17/Documents/GitHub/Embedded_Systems_lab4_HW_SW_ACCELERATION/HWacceleration.srcs/sources_1/bd/Cortex_A9/Cortex_A9.bd>
INFO: [IP_Flow 19-3422] Upgraded Cortex_A9_led_ip_0_0 (AXI_Lite_kmd_edit 6.0) from revision 1 to revision 3
Wrote  : <C:/Users/kmd17/Documents/GitHub/Embedded_Systems_lab4_HW_SW_ACCELERATION/HWacceleration.srcs/sources_1/bd/Cortex_A9/Cortex_A9.bd> 
INFO: [Coretcl 2-1525] Wrote upgrade log to 'C:/Users/kmd17/Documents/GitHub/Embedded_Systems_lab4_HW_SW_ACCELERATION/ip_upgrade.log'.
upgrade_ip: Time (s): cpu = 00:00:11 ; elapsed = 00:00:08 . Memory (MB): peak = 1118.785 ; gain = 54.566
export_ip_user_files -of_objects [get_ips Cortex_A9_led_ip_0_0] -no_script -sync -force -quiet
report_ip_status -name ip_status 
reset_run synth_1
launch_runs impl_1 -to_step write_bitstream -jobs 4
Verilog Output written to : C:/Users/kmd17/Documents/GitHub/Embedded_Systems_lab4_HW_SW_ACCELERATION/HWacceleration.srcs/sources_1/bd/Cortex_A9/hdl/Cortex_A9.v
Verilog Output written to : C:/Users/kmd17/Documents/GitHub/Embedded_Systems_lab4_HW_SW_ACCELERATION/HWacceleration.srcs/sources_1/bd/Cortex_A9/hdl/Cortex_A9_wrapper.v
Wrote  : <C:/Users/kmd17/Documents/GitHub/Embedded_Systems_lab4_HW_SW_ACCELERATION/HWacceleration.srcs/sources_1/bd/Cortex_A9/Cortex_A9.bd> 
INFO: [BD 41-1029] Generation completed for the IP Integrator block processing_system7_0 .
INFO: [BD 41-1029] Generation completed for the IP Integrator block btns_5bits .
INFO: [BD 41-1029] Generation completed for the IP Integrator block rst_ps7_0_100M .
INFO: [BD 41-1029] Generation completed for the IP Integrator block sws_8bits .
INFO: [BD 41-1029] Generation completed for the IP Integrator block ps7_0_axi_periph/xbar .
INFO: [BD 41-1029] Generation completed for the IP Integrator block led_ip .
INFO: [BD 41-1029] Generation completed for the IP Integrator block ps7_0_axi_periph/s00_couplers/auto_pc .
Exporting to file C:/Users/kmd17/Documents/GitHub/Embedded_Systems_lab4_HW_SW_ACCELERATION/HWacceleration.srcs/sources_1/bd/Cortex_A9/hw_handoff/Cortex_A9.hwh
Generated Block Design Tcl file C:/Users/kmd17/Documents/GitHub/Embedded_Systems_lab4_HW_SW_ACCELERATION/HWacceleration.srcs/sources_1/bd/Cortex_A9/hw_handoff/Cortex_A9_bd.tcl
Generated Hardware Definition File C:/Users/kmd17/Documents/GitHub/Embedded_Systems_lab4_HW_SW_ACCELERATION/HWacceleration.srcs/sources_1/bd/Cortex_A9/hdl/Cortex_A9.hwdef
INFO: [IP_Flow 19-4993] Using cached IP synthesis design for IP Cortex_A9_auto_pc_0, cache-ID = 83e7b606e4f79014; cache size = 81.361 MB.
[Tue May 09 23:54:59 2017] Launched Cortex_A9_led_ip_0_0_synth_1, synth_1...
Run output will be captured here:
Cortex_A9_led_ip_0_0_synth_1: C:/Users/kmd17/Documents/GitHub/Embedded_Systems_lab4_HW_SW_ACCELERATION/HWacceleration.runs/Cortex_A9_led_ip_0_0_synth_1/runme.log
synth_1: C:/Users/kmd17/Documents/GitHub/Embedded_Systems_lab4_HW_SW_ACCELERATION/HWacceleration.runs/synth_1/runme.log
[Tue May 09 23:54:59 2017] Launched impl_1...
Run output will be captured here: C:/Users/kmd17/Documents/GitHub/Embedded_Systems_lab4_HW_SW_ACCELERATION/HWacceleration.runs/impl_1/runme.log
launch_runs: Time (s): cpu = 00:00:12 ; elapsed = 00:00:12 . Memory (MB): peak = 1178.727 ; gain = 59.941
report_ip_status -name ip_status 
current_project AXI_Lite_kmd_edit_v6_0_project
close_project
file copy -force C:/Users/kmd17/Documents/GitHub/Embedded_Systems_lab4_HW_SW_ACCELERATION/HWacceleration.runs/impl_1/Cortex_A9_wrapper.sysdef C:/Users/kmd17/Documents/GitHub/Embedded_Systems_lab4_HW_SW_ACCELERATION/HWacceleration.sdk/Cortex_A9_wrapper.hdf

startgroup
create_bd_cell -type ip -vlnv xilinx.com:kmd:led_ip:6.0 led_ip_0
endgroup
delete_bd_objs [get_bd_intf_nets ps7_0_axi_periph_M00_AXI] [get_bd_intf_nets axi_gpio_0_GPIO] [get_bd_nets btns_5bits_ip2intc_irpt] [get_bd_cells btns_5bits]
delete_bd_objs [get_bd_intf_ports btns_5bits]
delete_bd_objs [get_bd_intf_nets ps7_0_axi_periph_M01_AXI] [get_bd_intf_nets axi_gpio_0_GPIO1] [get_bd_cells sws_8bits]
delete_bd_objs [get_bd_intf_ports sws_8bits]
apply_bd_automation -rule xilinx.com:bd_rule:axi4 -config {Master "/processing_system7_0/M_AXI_GP0" Clk "Auto" }  [get_bd_intf_pins led_ip_0/S_AXI]
</led_ip_0/S_AXI/S_AXI_reg> is being mapped into </processing_system7_0/Data> at <0x43C10000 [ 64K ]>
set_property location {3 817 168} [get_bd_cells led_ip_0]
set_property name handshake [get_bd_cells led_ip_0]
ipx::edit_ip_in_project -upgrade true -name led_ip_v6_0_project -directory C:/Users/kmd17/Documents/GitHub/Embedded_Systems_lab4_HW_SW_ACCELERATION/HWacceleration.tmp/led_ip_v6_0_project c:/Users/kmd17/Documents/GitHub/Embedded_Systems_lab4_HW_SW_ACCELERATION/ip_repo/led_ip_1.0/component.xml
INFO: [ProjectBase 1-489] The host OS only allows 260 characters in a normal path. The project is stored in a path with more than 80 characters. If you experience issues with IP, Block Designs, or files not being found, please consider moving the project to a location with a shorter path. Alternately consider using the OS subst command to map part of the path to a drive letter.
Current project path is 'c:/users/kmd17/documents/github/embedded_systems_lab4_hw_sw_acceleration/hwacceleration.tmp/led_ip_v6_0_project'
INFO: [IP_Flow 19-234] Refreshing IP repositories
INFO: [IP_Flow 19-1704] No user IP repositories specified
INFO: [IP_Flow 19-2313] Loaded Vivado IP repository 'C:/Xilinx/Vivado/2016.4/data/ip'.
INFO: [IP_Flow 19-234] Refreshing IP repositories
WARNING: [IP_Flow 19-3685] Ignored loading user repository 'c:/Users/kmd17/Documents/GitHub/Embedded_Systems_lab4_HW_SW_ACCELERATION/ip_repo/GRAY_ACCELERATOR_1.0'. The path is contained within another repository.
INFO: [IP_Flow 19-1700] Loaded user IP repository 'c:/Users/kmd17/Documents/GitHub/Embedded_Systems_lab4_HW_SW_ACCELERATION/ip_repo'.
INFO: [IP_Flow 19-795] Syncing license key meta-data
INFO: [IP_Flow 19-793] Syncing display name meta-data
INFO: [IP_Flow 19-798] Syncing taxonomy meta-data
INFO: [IP_Flow 19-799] Syncing upgrade version meta-data
ipx::edit_ip_in_project: Time (s): cpu = 00:00:06 ; elapsed = 00:00:06 . Memory (MB): peak = 1202.184 ; gain = 0.000
current_project HWacceleration
report_ip_status -name ip_status 
update_ip_catalog -rebuild -scan_changes
INFO: [IP_Flow 19-234] Refreshing IP repositories
WARNING: [IP_Flow 19-3685] Ignored loading user repository 'c:/Users/kmd17/Documents/GitHub/Embedded_Systems_lab4_HW_SW_ACCELERATION/ip_repo/GRAY_ACCELERATOR_1.0'. The path is contained within another repository.
INFO: [IP_Flow 19-1700] Loaded user IP repository 'c:/Users/kmd17/Documents/GitHub/Embedded_Systems_lab4_HW_SW_ACCELERATION/ip_repo'.
report_ip_status -name ip_status
current_project led_ip_v6_0_project
close_project
upgrade_ip [get_ips  {Cortex_A9_led_ip_0_1 Cortex_A9_led_ip_0_0}] -log ip_upgrade.log
Upgrading 'C:/Users/kmd17/Documents/GitHub/Embedded_Systems_lab4_HW_SW_ACCELERATION/HWacceleration.srcs/sources_1/bd/Cortex_A9/Cortex_A9.bd'
INFO: [IP_Flow 19-1972] Upgraded Cortex_A9_led_ip_0_0 from AXI_Lite_kmd_edit 6.0 to AXI_Lite_kmd_edit 6.0
INFO: [IP_Flow 19-1972] Upgraded Cortex_A9_led_ip_0_1 from AXI_Lite_kmd_edit 6.0 to AXI_Lite_kmd_edit 6.0
Wrote  : <C:/Users/kmd17/Documents/GitHub/Embedded_Systems_lab4_HW_SW_ACCELERATION/HWacceleration.srcs/sources_1/bd/Cortex_A9/Cortex_A9.bd> 
Wrote  : <C:/Users/kmd17/Documents/GitHub/Embedded_Systems_lab4_HW_SW_ACCELERATION/HWacceleration.srcs/sources_1/bd/Cortex_A9/ui/bd_a90798d6.ui> 
INFO: [Coretcl 2-1525] Wrote upgrade log to 'C:/Users/kmd17/Documents/GitHub/Embedded_Systems_lab4_HW_SW_ACCELERATION/ip_upgrade.log'.
export_ip_user_files -of_objects [get_ips {Cortex_A9_led_ip_0_1 Cortex_A9_led_ip_0_0}] -no_script -sync -force -quiet
report_ip_status -name ip_status 
ipx::edit_ip_in_project -upgrade true -name led_ip_v6_0_project -directory C:/Users/kmd17/Documents/GitHub/Embedded_Systems_lab4_HW_SW_ACCELERATION/HWacceleration.tmp/led_ip_v6_0_project c:/Users/kmd17/Documents/GitHub/Embedded_Systems_lab4_HW_SW_ACCELERATION/ip_repo/led_ip_1.0/component.xml
INFO: [ProjectBase 1-489] The host OS only allows 260 characters in a normal path. The project is stored in a path with more than 80 characters. If you experience issues with IP, Block Designs, or files not being found, please consider moving the project to a location with a shorter path. Alternately consider using the OS subst command to map part of the path to a drive letter.
Current project path is 'c:/users/kmd17/documents/github/embedded_systems_lab4_hw_sw_acceleration/hwacceleration.tmp/led_ip_v6_0_project'
INFO: [IP_Flow 19-234] Refreshing IP repositories
INFO: [IP_Flow 19-1704] No user IP repositories specified
INFO: [IP_Flow 19-2313] Loaded Vivado IP repository 'C:/Xilinx/Vivado/2016.4/data/ip'.
INFO: [IP_Flow 19-234] Refreshing IP repositories
WARNING: [IP_Flow 19-3685] Ignored loading user repository 'c:/Users/kmd17/Documents/GitHub/Embedded_Systems_lab4_HW_SW_ACCELERATION/ip_repo/GRAY_ACCELERATOR_1.0'. The path is contained within another repository.
INFO: [IP_Flow 19-1700] Loaded user IP repository 'c:/Users/kmd17/Documents/GitHub/Embedded_Systems_lab4_HW_SW_ACCELERATION/ip_repo'.
INFO: [IP_Flow 19-795] Syncing license key meta-data
INFO: [IP_Flow 19-793] Syncing display name meta-data
INFO: [IP_Flow 19-798] Syncing taxonomy meta-data
INFO: [IP_Flow 19-799] Syncing upgrade version meta-data
ipx::edit_ip_in_project: Time (s): cpu = 00:00:05 ; elapsed = 00:00:05 . Memory (MB): peak = 1202.184 ; gain = 0.000
current_project HWacceleration
update_ip_catalog -rebuild -scan_changes
INFO: [IP_Flow 19-234] Refreshing IP repositories
WARNING: [IP_Flow 19-3685] Ignored loading user repository 'c:/Users/kmd17/Documents/GitHub/Embedded_Systems_lab4_HW_SW_ACCELERATION/ip_repo/GRAY_ACCELERATOR_1.0'. The path is contained within another repository.
INFO: [IP_Flow 19-1700] Loaded user IP repository 'c:/Users/kmd17/Documents/GitHub/Embedded_Systems_lab4_HW_SW_ACCELERATION/ip_repo'.
report_ip_status -name ip_status
current_project led_ip_v6_0_project
current_project HWacceleration
update_ip_catalog -rebuild -scan_changes
INFO: [IP_Flow 19-234] Refreshing IP repositories
WARNING: [IP_Flow 19-3685] Ignored loading user repository 'c:/Users/kmd17/Documents/GitHub/Embedded_Systems_lab4_HW_SW_ACCELERATION/ip_repo/GRAY_ACCELERATOR_1.0'. The path is contained within another repository.
INFO: [IP_Flow 19-1700] Loaded user IP repository 'c:/Users/kmd17/Documents/GitHub/Embedded_Systems_lab4_HW_SW_ACCELERATION/ip_repo'.
report_ip_status -name ip_status
current_project led_ip_v6_0_project
current_project HWacceleration
upgrade_ip [get_ips  {Cortex_A9_led_ip_0_1 Cortex_A9_led_ip_0_0}] -log ip_upgrade.log
Upgrading 'C:/Users/kmd17/Documents/GitHub/Embedded_Systems_lab4_HW_SW_ACCELERATION/HWacceleration.srcs/sources_1/bd/Cortex_A9/Cortex_A9.bd'
INFO: [IP_Flow 19-1972] Upgraded Cortex_A9_led_ip_0_0 from AXI_Lite_kmd_edit 6.0 to AXI_Lite_kmd_edit 6.0
INFO: [IP_Flow 19-1972] Upgraded Cortex_A9_led_ip_0_1 from AXI_Lite_kmd_edit 6.0 to AXI_Lite_kmd_edit 6.0
Wrote  : <C:/Users/kmd17/Documents/GitHub/Embedded_Systems_lab4_HW_SW_ACCELERATION/HWacceleration.srcs/sources_1/bd/Cortex_A9/Cortex_A9.bd> 
INFO: [Coretcl 2-1525] Wrote upgrade log to 'C:/Users/kmd17/Documents/GitHub/Embedded_Systems_lab4_HW_SW_ACCELERATION/ip_upgrade.log'.
export_ip_user_files -of_objects [get_ips {Cortex_A9_led_ip_0_1 Cortex_A9_led_ip_0_0}] -no_script -sync -force -quiet
startgroup
create_bd_cell -type ip -vlnv xilinx.com:kmd:led_ip:6.0 led_ip_0
endgroup
delete_bd_objs [get_bd_cells led_ip_0]
current_project led_ip_v6_0_project
current_project HWacceleration
report_ip_status -name ip_status 
update_ip_catalog -rebuild -scan_changes
INFO: [IP_Flow 19-234] Refreshing IP repositories
WARNING: [IP_Flow 19-3685] Ignored loading user repository 'c:/Users/kmd17/Documents/GitHub/Embedded_Systems_lab4_HW_SW_ACCELERATION/ip_repo/GRAY_ACCELERATOR_1.0'. The path is contained within another repository.
INFO: [IP_Flow 19-1700] Loaded user IP repository 'c:/Users/kmd17/Documents/GitHub/Embedded_Systems_lab4_HW_SW_ACCELERATION/ip_repo'.
report_ip_status -name ip_status
upgrade_ip [get_ips  {Cortex_A9_led_ip_0_1 Cortex_A9_led_ip_0_0}] -log ip_upgrade.log
Upgrading 'C:/Users/kmd17/Documents/GitHub/Embedded_Systems_lab4_HW_SW_ACCELERATION/HWacceleration.srcs/sources_1/bd/Cortex_A9/Cortex_A9.bd'
INFO: [IP_Flow 19-1972] Upgraded Cortex_A9_led_ip_0_0 from AXI_Lite_kmd_edit 6.0 to AXI_Lite_kmd_edit 6.0
INFO: [IP_Flow 19-1972] Upgraded Cortex_A9_led_ip_0_1 from AXI_Lite_kmd_edit 6.0 to AXI_Lite_kmd_edit 6.0
Wrote  : <C:/Users/kmd17/Documents/GitHub/Embedded_Systems_lab4_HW_SW_ACCELERATION/HWacceleration.srcs/sources_1/bd/Cortex_A9/Cortex_A9.bd> 
Wrote  : <C:/Users/kmd17/Documents/GitHub/Embedded_Systems_lab4_HW_SW_ACCELERATION/HWacceleration.srcs/sources_1/bd/Cortex_A9/ui/bd_a90798d6.ui> 
INFO: [Coretcl 2-1525] Wrote upgrade log to 'C:/Users/kmd17/Documents/GitHub/Embedded_Systems_lab4_HW_SW_ACCELERATION/ip_upgrade.log'.
export_ip_user_files -of_objects [get_ips {Cortex_A9_led_ip_0_1 Cortex_A9_led_ip_0_0}] -no_script -sync -force -quiet
report_ip_status -name ip_status 
ipx::edit_ip_in_project -upgrade true -name led_ip_v6_0_to_del -directory C:/Users/kmd17/Documents/GitHub/Embedded_Systems_lab4_HW_SW_ACCELERATION/HWacceleration.tmp/led_ip_v6_0_to_del c:/Users/kmd17/Documents/GitHub/Embedded_Systems_lab4_HW_SW_ACCELERATION/ip_repo/led_ip_1.0/component.xml
INFO: [ProjectBase 1-489] The host OS only allows 260 characters in a normal path. The project is stored in a path with more than 80 characters. If you experience issues with IP, Block Designs, or files not being found, please consider moving the project to a location with a shorter path. Alternately consider using the OS subst command to map part of the path to a drive letter.
Current project path is 'c:/users/kmd17/documents/github/embedded_systems_lab4_hw_sw_acceleration/hwacceleration.tmp/led_ip_v6_0_to_del'
INFO: [IP_Flow 19-234] Refreshing IP repositories
INFO: [IP_Flow 19-1704] No user IP repositories specified
INFO: [IP_Flow 19-2313] Loaded Vivado IP repository 'C:/Xilinx/Vivado/2016.4/data/ip'.
INFO: [IP_Flow 19-234] Refreshing IP repositories
WARNING: [IP_Flow 19-3685] Ignored loading user repository 'c:/Users/kmd17/Documents/GitHub/Embedded_Systems_lab4_HW_SW_ACCELERATION/ip_repo/GRAY_ACCELERATOR_1.0'. The path is contained within another repository.
INFO: [IP_Flow 19-1700] Loaded user IP repository 'c:/Users/kmd17/Documents/GitHub/Embedded_Systems_lab4_HW_SW_ACCELERATION/ip_repo'.
INFO: [IP_Flow 19-795] Syncing license key meta-data
INFO: [IP_Flow 19-793] Syncing display name meta-data
INFO: [IP_Flow 19-798] Syncing taxonomy meta-data
INFO: [IP_Flow 19-799] Syncing upgrade version meta-data
current_project HWacceleration
delete_bd_objs [get_bd_intf_nets ps7_0_axi_periph_M00_AXI] [get_bd_cells handshake]
create_peripheral xilinx.com user handshake 1.0 -dir C:/Users/kmd17/Documents/GitHub/Embedded_Systems_lab4_HW_SW_ACCELERATION/../ip_repo
add_peripheral_interface S00_AXI -interface_mode slave -axi_type lite [ipx::find_open_core xilinx.com:user:handshake:1.0]
generate_peripheral -driver -bfm_example_design -debug_hw_example_design [ipx::find_open_core xilinx.com:user:handshake:1.0]
write_peripheral [ipx::find_open_core xilinx.com:user:handshake:1.0]
set_property  ip_repo_paths  {C:/Users/kmd17/Documents/GitHub/Embedded_Systems_lab4_HW_SW_ACCELERATION/../ip_repo/handshake_1.0 C:/Users/kmd17/Documents/GitHub/Embedded_Systems_lab4_HW_SW_ACCELERATION/ip_repo/GRAY_ACCELERATOR_1.0 C:/Users/kmd17/Documents/GitHub/Embedded_Systems_lab4_HW_SW_ACCELERATION/ip_repo} [current_project]
update_ip_catalog -rebuild
INFO: [IP_Flow 19-234] Refreshing IP repositories
INFO: [IP_Flow 19-1700] Loaded user IP repository 'c:/Users/kmd17/Documents/GitHub/ip_repo/handshake_1.0'.
WARNING: [IP_Flow 19-3685] Ignored loading user repository 'c:/Users/kmd17/Documents/GitHub/Embedded_Systems_lab4_HW_SW_ACCELERATION/ip_repo/GRAY_ACCELERATOR_1.0'. The path is contained within another repository.
INFO: [IP_Flow 19-1700] Loaded user IP repository 'c:/Users/kmd17/Documents/GitHub/Embedded_Systems_lab4_HW_SW_ACCELERATION/ip_repo'.
startgroup
create_bd_cell -type ip -vlnv xilinx.com:user:handshake:1.0 handshake_0
endgroup
set_property name handshake [get_bd_cells handshake_0]
ipx::edit_ip_in_project -upgrade true -name handshake_v1_0_project -directory C:/Users/kmd17/Documents/GitHub/Embedded_Systems_lab4_HW_SW_ACCELERATION/HWacceleration.tmp/handshake_v1_0_project c:/Users/kmd17/Documents/GitHub/ip_repo/handshake_1.0/component.xml
INFO: [ProjectBase 1-489] The host OS only allows 260 characters in a normal path. The project is stored in a path with more than 80 characters. If you experience issues with IP, Block Designs, or files not being found, please consider moving the project to a location with a shorter path. Alternately consider using the OS subst command to map part of the path to a drive letter.
Current project path is 'c:/users/kmd17/documents/github/embedded_systems_lab4_hw_sw_acceleration/hwacceleration.tmp/handshake_v1_0_project'
INFO: [IP_Flow 19-234] Refreshing IP repositories
INFO: [IP_Flow 19-1704] No user IP repositories specified
INFO: [IP_Flow 19-2313] Loaded Vivado IP repository 'C:/Xilinx/Vivado/2016.4/data/ip'.
INFO: [IP_Flow 19-234] Refreshing IP repositories
INFO: [IP_Flow 19-1700] Loaded user IP repository 'c:/Users/kmd17/Documents/GitHub/ip_repo/handshake_1.0'.
WARNING: [IP_Flow 19-3685] Ignored loading user repository 'c:/Users/kmd17/Documents/GitHub/Embedded_Systems_lab4_HW_SW_ACCELERATION/ip_repo/GRAY_ACCELERATOR_1.0'. The path is contained within another repository.
INFO: [IP_Flow 19-1700] Loaded user IP repository 'c:/Users/kmd17/Documents/GitHub/Embedded_Systems_lab4_HW_SW_ACCELERATION/ip_repo'.
INFO: [IP_Flow 19-795] Syncing license key meta-data
INFO: [IP_Flow 19-793] Syncing display name meta-data
INFO: [IP_Flow 19-798] Syncing taxonomy meta-data
ipx::edit_ip_in_project: Time (s): cpu = 00:00:06 ; elapsed = 00:00:06 . Memory (MB): peak = 1210.500 ; gain = 1.664
set_property version 2.0 [ipx::current_core]
set_property previous_version_for_upgrade xilinx.com:user:handshake:1.0 [ipx::current_core]
set_property core_revision 1 [ipx::current_core]
ipx::create_xgui_files [ipx::current_core]
ipx::update_checksums [ipx::current_core]
ipx::save_core [ipx::current_core]
close_project
set_property  ip_repo_paths  {c:/Users/kmd17/Documents/GitHub/ip_repo/handshake_1.0 c:/Users/kmd17/Documents/GitHub/Embedded_Systems_lab4_HW_SW_ACCELERATION/ip_repo/GRAY_ACCELERATOR_1.0 c:/Users/kmd17/Documents/GitHub/Embedded_Systems_lab4_HW_SW_ACCELERATION/ip_repo} [current_project]
update_ip_catalog
INFO: [IP_Flow 19-234] Refreshing IP repositories
INFO: [IP_Flow 19-1700] Loaded user IP repository 'c:/Users/kmd17/Documents/GitHub/ip_repo/handshake_1.0'.
WARNING: [IP_Flow 19-3685] Ignored loading user repository 'c:/Users/kmd17/Documents/GitHub/Embedded_Systems_lab4_HW_SW_ACCELERATION/ip_repo/GRAY_ACCELERATOR_1.0'. The path is contained within another repository.
INFO: [IP_Flow 19-1700] Loaded user IP repository 'c:/Users/kmd17/Documents/GitHub/Embedded_Systems_lab4_HW_SW_ACCELERATION/ip_repo'.
