Copyright 1986-2016 Xilinx, Inc. All Rights Reserved.
----------------------------------------------------------------------------------------------------------------------------------------------------------------
| Tool Version     : Vivado v.2016.4 (win64) Build 1756540 Mon Jan 23 19:11:23 MST 2017
| Date             : Wed May 10 01:51:56 2017
| Host             : SURFACE running 64-bit major release  (build 9200)
| Command          : report_power -file handshake_v1_0_power_routed.rpt -pb handshake_v1_0_power_summary_routed.pb -rpx handshake_v1_0_power_routed.rpx
| Design           : handshake_v1_0
| Device           : xc7z020clg484-1
| Design State     : routed
| Grade            : commercial
| Process          : typical
| Characterization : Production
----------------------------------------------------------------------------------------------------------------------------------------------------------------

Power Report

Table of Contents
-----------------
1. Summary
1.1 On-Chip Components
1.2 Power Supply Summary
1.3 Confidence Level
2. Settings
2.1 Environment
2.2 Clock Constraints
3. Detailed Reports
3.1 By Hierarchy

1. Summary
----------

+--------------------------+---------------------------------+
| Total On-Chip Power (W)  | 9.238 (Junction temp exceeded!) |
| Dynamic (W)              | 8.198                           |
| Device Static (W)        | 1.040                           |
| Effective TJA (C/W)      | 11.5                            |
| Max Ambient (C)          | 0.0                             |
| Junction Temperature (C) | 125.0                           |
| Confidence Level         | Low                             |
| Setting File             | ---                             |
| Simulation Activity File | ---                             |
| Design Nets Matched      | NA                              |
+--------------------------+---------------------------------+


1.1 On-Chip Components
----------------------

+--------------------------+-----------+----------+-----------+-----------------+
| On-Chip                  | Power (W) | Used     | Available | Utilization (%) |
+--------------------------+-----------+----------+-----------+-----------------+
| Slice Logic              |     0.788 |      538 |       --- |             --- |
|   LUT as Logic           |     0.579 |      187 |     53200 |            0.35 |
|   LUT as Distributed RAM |     0.139 |       98 |     17400 |            0.56 |
|   CARRY4                 |     0.046 |       25 |     13300 |            0.19 |
|   Register               |     0.018 |      202 |    106400 |            0.19 |
|   BUFG                   |     0.006 |        1 |        32 |            3.13 |
|   Others                 |     0.000 |        6 |       --- |             --- |
| Signals                  |     1.689 |      535 |       --- |             --- |
| DSPs                     |     1.533 |        3 |       220 |            1.36 |
| I/O                      |     4.187 |       88 |       200 |           44.00 |
| Static Power             |     1.040 |          |           |                 |
| Total                    |     9.238 |          |           |                 |
+--------------------------+-----------+----------+-----------+-----------------+


1.2 Power Supply Summary
------------------------

+-----------+-------------+-----------+-------------+------------+
| Source    | Voltage (V) | Total (A) | Dynamic (A) | Static (A) |
+-----------+-------------+-----------+-------------+------------+
| Vccint    |       1.000 |     4.493 |       4.195 |      0.299 |
| Vccaux    |       1.800 |     0.428 |       0.328 |      0.100 |
| Vcco33    |       3.300 |     0.000 |       0.000 |      0.000 |
| Vcco25    |       2.500 |     0.000 |       0.000 |      0.000 |
| Vcco18    |       1.800 |     1.897 |       1.896 |      0.001 |
| Vcco15    |       1.500 |     0.000 |       0.000 |      0.000 |
| Vcco135   |       1.350 |     0.000 |       0.000 |      0.000 |
| Vcco12    |       1.200 |     0.000 |       0.000 |      0.000 |
| Vccaux_io |       1.800 |     0.000 |       0.000 |      0.000 |
| Vccbram   |       1.000 |     0.026 |       0.000 |      0.026 |
| MGTAVcc   |       1.000 |     0.000 |       0.000 |      0.000 |
| MGTAVtt   |       1.200 |     0.000 |       0.000 |      0.000 |
| MGTVccaux |       1.800 |     0.000 |       0.000 |      0.000 |
| Vccpint   |       1.000 |     0.473 |       0.000 |      0.473 |
| Vccpaux   |       1.800 |     0.010 |       0.000 |      0.010 |
| Vccpll    |       1.800 |     0.003 |       0.000 |      0.003 |
| Vcco_ddr  |       1.500 |     0.000 |       0.000 |      0.000 |
| Vcco_mio0 |       1.800 |     0.000 |       0.000 |      0.000 |
| Vcco_mio1 |       1.800 |     0.000 |       0.000 |      0.000 |
| Vccadc    |       1.800 |     0.020 |       0.000 |      0.020 |
+-----------+-------------+-----------+-------------+------------+


1.3 Confidence Level
--------------------

+-----------------------------+------------+--------------------------------------------------------+--------------------------------------------------------------------------------------------------------------------+
| User Input Data             | Confidence | Details                                                | Action                                                                                                             |
+-----------------------------+------------+--------------------------------------------------------+--------------------------------------------------------------------------------------------------------------------+
| Design implementation state | High       | Design is routed                                       |                                                                                                                    |
| Clock nodes activity        | Low        | User specified less than 75% of clocks                 | Provide missing clock activity with a constraint file, simulation results or by editing the "By Clock Domain" view |
| I/O nodes activity          | Low        | More than 75% of inputs are missing user specification | Provide missing input activity with simulation results or by editing the "By Resource Type -> I/Os" view           |
| Internal nodes activity     | Medium     | User specified less than 25% of internal nodes         | Provide missing internal nodes activity with simulation results or by editing the "By Resource Type" views         |
| Device models               | High       | Device models are Production                           |                                                                                                                    |
|                             |            |                                                        |                                                                                                                    |
| Overall confidence level    | Low        |                                                        |                                                                                                                    |
+-----------------------------+------------+--------------------------------------------------------+--------------------------------------------------------------------------------------------------------------------+


2. Settings
-----------

2.1 Environment
---------------

+-----------------------+------------------------+
| Ambient Temp (C)      | 25.0                   |
| ThetaJA (C/W)         | 11.5                   |
| Airflow (LFM)         | 250                    |
| Heat Sink             | none                   |
| ThetaSA (C/W)         | 0.0                    |
| Board Selection       | medium (10"x10")       |
| # of Board Layers     | 8to11 (8 to 11 Layers) |
| Board Temperature (C) | 25.0                   |
+-----------------------+------------------------+


2.2 Clock Constraints
---------------------

+-------+--------+-----------------+
| Clock | Domain | Constraint (ns) |
+-------+--------+-----------------+


3. Detailed Reports
-------------------

3.1 By Hierarchy
----------------

+----------------------------------+-----------+
| Name                             | Power (W) |
+----------------------------------+-----------+
| handshake_v1_0                   |     8.198 |
|   handshake_v1_0_S00_AXI_inst    |     3.780 |
|     kmd1                         |     3.578 |
|       memInputX_reg_0_15_0_0     |    <0.001 |
|       memInputX_reg_0_15_0_0__0  |    <0.001 |
|       memInputX_reg_0_15_0_0__1  |    <0.001 |
|       memInputX_reg_0_15_0_0__10 |    <0.001 |
|       memInputX_reg_0_15_0_0__11 |    <0.001 |
|       memInputX_reg_0_15_0_0__12 |    <0.001 |
|       memInputX_reg_0_15_0_0__13 |    <0.001 |
|       memInputX_reg_0_15_0_0__14 |    <0.001 |
|       memInputX_reg_0_15_0_0__15 |    <0.001 |
|       memInputX_reg_0_15_0_0__16 |    <0.001 |
|       memInputX_reg_0_15_0_0__17 |    <0.001 |
|       memInputX_reg_0_15_0_0__18 |    <0.001 |
|       memInputX_reg_0_15_0_0__19 |    <0.001 |
|       memInputX_reg_0_15_0_0__2  |    <0.001 |
|       memInputX_reg_0_15_0_0__20 |    <0.001 |
|       memInputX_reg_0_15_0_0__21 |    <0.001 |
|       memInputX_reg_0_15_0_0__22 |    <0.001 |
|       memInputX_reg_0_15_0_0__23 |    <0.001 |
|       memInputX_reg_0_15_0_0__24 |    <0.001 |
|       memInputX_reg_0_15_0_0__25 |    <0.001 |
|       memInputX_reg_0_15_0_0__26 |    <0.001 |
|       memInputX_reg_0_15_0_0__27 |    <0.001 |
|       memInputX_reg_0_15_0_0__28 |    <0.001 |
|       memInputX_reg_0_15_0_0__29 |    <0.001 |
|       memInputX_reg_0_15_0_0__3  |    <0.001 |
|       memInputX_reg_0_15_0_0__30 |    <0.001 |
|       memInputX_reg_0_15_0_0__31 |     0.000 |
|       memInputX_reg_0_15_0_0__32 |     0.000 |
|       memInputX_reg_0_15_0_0__4  |    <0.001 |
|       memInputX_reg_0_15_0_0__5  |    <0.001 |
|       memInputX_reg_0_15_0_0__6  |    <0.001 |
|       memInputX_reg_0_15_0_0__7  |    <0.001 |
|       memInputX_reg_0_15_0_0__8  |    <0.001 |
|       memInputX_reg_0_15_0_0__9  |    <0.001 |
|       memInputY_reg_0_15_0_0     |    <0.001 |
|       memInputY_reg_0_15_0_0__0  |     0.001 |
|       memInputY_reg_0_15_0_0__1  |     0.002 |
|       memInputY_reg_0_15_0_0__10 |     0.007 |
|       memInputY_reg_0_15_0_0__11 |     0.007 |
|       memInputY_reg_0_15_0_0__12 |     0.005 |
|       memInputY_reg_0_15_0_0__13 |     0.007 |
|       memInputY_reg_0_15_0_0__14 |     0.005 |
|       memInputY_reg_0_15_0_0__15 |     0.005 |
|       memInputY_reg_0_15_0_0__16 |     0.005 |
|       memInputY_reg_0_15_0_0__17 |     0.005 |
|       memInputY_reg_0_15_0_0__18 |     0.005 |
|       memInputY_reg_0_15_0_0__19 |     0.005 |
|       memInputY_reg_0_15_0_0__2  |     0.001 |
|       memInputY_reg_0_15_0_0__20 |     0.005 |
|       memInputY_reg_0_15_0_0__21 |     0.006 |
|       memInputY_reg_0_15_0_0__22 |     0.010 |
|       memInputY_reg_0_15_0_0__23 |     0.005 |
|       memInputY_reg_0_15_0_0__24 |     0.005 |
|       memInputY_reg_0_15_0_0__25 |     0.005 |
|       memInputY_reg_0_15_0_0__26 |     0.005 |
|       memInputY_reg_0_15_0_0__27 |     0.005 |
|       memInputY_reg_0_15_0_0__28 |     0.011 |
|       memInputY_reg_0_15_0_0__29 |     0.005 |
|       memInputY_reg_0_15_0_0__3  |     0.002 |
|       memInputY_reg_0_15_0_0__30 |     0.007 |
|       memInputY_reg_0_15_0_0__31 |     0.005 |
|       memInputY_reg_0_15_0_0__32 |     0.004 |
|       memInputY_reg_0_15_0_0__33 |    <0.001 |
|       memInputY_reg_0_15_0_0__34 |    <0.001 |
|       memInputY_reg_0_15_0_0__35 |     0.002 |
|       memInputY_reg_0_15_0_0__36 |     0.002 |
|       memInputY_reg_0_15_0_0__37 |     0.003 |
|       memInputY_reg_0_15_0_0__38 |     0.003 |
|       memInputY_reg_0_15_0_0__39 |     0.004 |
|       memInputY_reg_0_15_0_0__4  |     0.002 |
|       memInputY_reg_0_15_0_0__40 |     0.004 |
|       memInputY_reg_0_15_0_0__41 |     0.004 |
|       memInputY_reg_0_15_0_0__42 |     0.005 |
|       memInputY_reg_0_15_0_0__43 |     0.005 |
|       memInputY_reg_0_15_0_0__44 |     0.010 |
|       memInputY_reg_0_15_0_0__45 |     0.005 |
|       memInputY_reg_0_15_0_0__46 |     0.004 |
|       memInputY_reg_0_15_0_0__47 |     0.005 |
|       memInputY_reg_0_15_0_0__48 |     0.004 |
|       memInputY_reg_0_15_0_0__49 |     0.005 |
|       memInputY_reg_0_15_0_0__5  |     0.004 |
|       memInputY_reg_0_15_0_0__50 |     0.004 |
|       memInputY_reg_0_15_0_0__51 |     0.006 |
|       memInputY_reg_0_15_0_0__52 |     0.005 |
|       memInputY_reg_0_15_0_0__53 |     0.004 |
|       memInputY_reg_0_15_0_0__54 |     0.005 |
|       memInputY_reg_0_15_0_0__55 |     0.009 |
|       memInputY_reg_0_15_0_0__56 |     0.005 |
|       memInputY_reg_0_15_0_0__57 |     0.004 |
|       memInputY_reg_0_15_0_0__58 |     0.007 |
|       memInputY_reg_0_15_0_0__59 |     0.005 |
|       memInputY_reg_0_15_0_0__6  |     0.006 |
|       memInputY_reg_0_15_0_0__60 |     0.005 |
|       memInputY_reg_0_15_0_0__61 |     0.012 |
|       memInputY_reg_0_15_0_0__62 |     0.005 |
|       memInputY_reg_0_15_0_0__7  |     0.004 |
|       memInputY_reg_0_15_0_0__8  |     0.004 |
|       memInputY_reg_0_15_0_0__9  |     0.004 |
+----------------------------------+-----------+


