Copyright 1986-2016 Xilinx, Inc. All Rights Reserved.
-----------------------------------------------------------------------------------------------------------------------------------
| Tool Version : Vivado v.2016.4 (win64) Build 1756540 Mon Jan 23 19:11:23 MST 2017
| Date         : Wed May 10 01:51:55 2017
| Host         : SURFACE running 64-bit major release  (build 9200)
| Command      : report_methodology -file handshake_v1_0_methodology_drc_routed.rpt -rpx handshake_v1_0_methodology_drc_routed.rpx
| Design       : handshake_v1_0
| Device       : xc7z020clg484-1
| Speed File   : -1
| Design State : Routed
-----------------------------------------------------------------------------------------------------------------------------------

Report Methodology

Table of Contents
-----------------
1. REPORT SUMMARY
2. REPORT DETAILS

1. REPORT SUMMARY
-----------------
            Netlist: netlist
          Floorplan: design_1
      Design limits: <entire design considered>
             Max violations: <unlimited>
             Violations found: 303
+-----------+----------+-----------------------------+------------+
| Rule      | Severity | Description                 | Violations |
+-----------+----------+-----------------------------+------------+
| SYNTH-10  | Warning  | Wide multiplier             | 3          |
| TIMING-17 | Warning  | Non-clocked sequential cell | 300        |
+-----------+----------+-----------------------------+------------+

2. REPORT DETAILS
-----------------
SYNTH-10#1 Warning
Wide multiplier  
Detected multiplier at handshake_v1_0_S00_AXI_inst/kmd1/p_1_in of size 16x18, it is decomposed from a wide multipler into 4 DSP blocks.
Related violations: <none>

SYNTH-10#2 Warning
Wide multiplier  
Detected multiplier at handshake_v1_0_S00_AXI_inst/kmd1/p_1_in__0 of size 18x18, it is decomposed from a wide multipler into 4 DSP blocks.
Related violations: <none>

SYNTH-10#3 Warning
Wide multiplier  
Detected multiplier at handshake_v1_0_S00_AXI_inst/kmd1/p_1_in__1 of size 18x16, it is decomposed from a wide multipler into 4 DSP blocks.
Related violations: <none>

TIMING-17#1 Warning
Non-clocked sequential cell  
The clock pin handshake_v1_0_S00_AXI_inst/axi_araddr_reg[2]/C is not reached by a timing clock
Related violations: <none>

TIMING-17#2 Warning
Non-clocked sequential cell  
The clock pin handshake_v1_0_S00_AXI_inst/axi_araddr_reg[3]/C is not reached by a timing clock
Related violations: <none>

TIMING-17#3 Warning
Non-clocked sequential cell  
The clock pin handshake_v1_0_S00_AXI_inst/axi_arready_reg/C is not reached by a timing clock
Related violations: <none>

TIMING-17#4 Warning
Non-clocked sequential cell  
The clock pin handshake_v1_0_S00_AXI_inst/axi_awaddr_reg[2]/C is not reached by a timing clock
Related violations: <none>

TIMING-17#5 Warning
Non-clocked sequential cell  
The clock pin handshake_v1_0_S00_AXI_inst/axi_awaddr_reg[3]/C is not reached by a timing clock
Related violations: <none>

TIMING-17#6 Warning
Non-clocked sequential cell  
The clock pin handshake_v1_0_S00_AXI_inst/axi_awready_reg/C is not reached by a timing clock
Related violations: <none>

TIMING-17#7 Warning
Non-clocked sequential cell  
The clock pin handshake_v1_0_S00_AXI_inst/axi_bvalid_reg/C is not reached by a timing clock
Related violations: <none>

TIMING-17#8 Warning
Non-clocked sequential cell  
The clock pin handshake_v1_0_S00_AXI_inst/axi_rdata_reg[0]/C is not reached by a timing clock
Related violations: <none>

TIMING-17#9 Warning
Non-clocked sequential cell  
The clock pin handshake_v1_0_S00_AXI_inst/axi_rdata_reg[10]/C is not reached by a timing clock
Related violations: <none>

TIMING-17#10 Warning
Non-clocked sequential cell  
The clock pin handshake_v1_0_S00_AXI_inst/axi_rdata_reg[11]/C is not reached by a timing clock
Related violations: <none>

TIMING-17#11 Warning
Non-clocked sequential cell  
The clock pin handshake_v1_0_S00_AXI_inst/axi_rdata_reg[12]/C is not reached by a timing clock
Related violations: <none>

TIMING-17#12 Warning
Non-clocked sequential cell  
The clock pin handshake_v1_0_S00_AXI_inst/axi_rdata_reg[13]/C is not reached by a timing clock
Related violations: <none>

TIMING-17#13 Warning
Non-clocked sequential cell  
The clock pin handshake_v1_0_S00_AXI_inst/axi_rdata_reg[14]/C is not reached by a timing clock
Related violations: <none>

TIMING-17#14 Warning
Non-clocked sequential cell  
The clock pin handshake_v1_0_S00_AXI_inst/axi_rdata_reg[15]/C is not reached by a timing clock
Related violations: <none>

TIMING-17#15 Warning
Non-clocked sequential cell  
The clock pin handshake_v1_0_S00_AXI_inst/axi_rdata_reg[16]/C is not reached by a timing clock
Related violations: <none>

TIMING-17#16 Warning
Non-clocked sequential cell  
The clock pin handshake_v1_0_S00_AXI_inst/axi_rdata_reg[17]/C is not reached by a timing clock
Related violations: <none>

TIMING-17#17 Warning
Non-clocked sequential cell  
The clock pin handshake_v1_0_S00_AXI_inst/axi_rdata_reg[18]/C is not reached by a timing clock
Related violations: <none>

TIMING-17#18 Warning
Non-clocked sequential cell  
The clock pin handshake_v1_0_S00_AXI_inst/axi_rdata_reg[19]/C is not reached by a timing clock
Related violations: <none>

TIMING-17#19 Warning
Non-clocked sequential cell  
The clock pin handshake_v1_0_S00_AXI_inst/axi_rdata_reg[1]/C is not reached by a timing clock
Related violations: <none>

TIMING-17#20 Warning
Non-clocked sequential cell  
The clock pin handshake_v1_0_S00_AXI_inst/axi_rdata_reg[20]/C is not reached by a timing clock
Related violations: <none>

TIMING-17#21 Warning
Non-clocked sequential cell  
The clock pin handshake_v1_0_S00_AXI_inst/axi_rdata_reg[21]/C is not reached by a timing clock
Related violations: <none>

TIMING-17#22 Warning
Non-clocked sequential cell  
The clock pin handshake_v1_0_S00_AXI_inst/axi_rdata_reg[22]/C is not reached by a timing clock
Related violations: <none>

TIMING-17#23 Warning
Non-clocked sequential cell  
The clock pin handshake_v1_0_S00_AXI_inst/axi_rdata_reg[23]/C is not reached by a timing clock
Related violations: <none>

TIMING-17#24 Warning
Non-clocked sequential cell  
The clock pin handshake_v1_0_S00_AXI_inst/axi_rdata_reg[24]/C is not reached by a timing clock
Related violations: <none>

TIMING-17#25 Warning
Non-clocked sequential cell  
The clock pin handshake_v1_0_S00_AXI_inst/axi_rdata_reg[25]/C is not reached by a timing clock
Related violations: <none>

TIMING-17#26 Warning
Non-clocked sequential cell  
The clock pin handshake_v1_0_S00_AXI_inst/axi_rdata_reg[26]/C is not reached by a timing clock
Related violations: <none>

TIMING-17#27 Warning
Non-clocked sequential cell  
The clock pin handshake_v1_0_S00_AXI_inst/axi_rdata_reg[27]/C is not reached by a timing clock
Related violations: <none>

TIMING-17#28 Warning
Non-clocked sequential cell  
The clock pin handshake_v1_0_S00_AXI_inst/axi_rdata_reg[28]/C is not reached by a timing clock
Related violations: <none>

TIMING-17#29 Warning
Non-clocked sequential cell  
The clock pin handshake_v1_0_S00_AXI_inst/axi_rdata_reg[29]/C is not reached by a timing clock
Related violations: <none>

TIMING-17#30 Warning
Non-clocked sequential cell  
The clock pin handshake_v1_0_S00_AXI_inst/axi_rdata_reg[2]/C is not reached by a timing clock
Related violations: <none>

TIMING-17#31 Warning
Non-clocked sequential cell  
The clock pin handshake_v1_0_S00_AXI_inst/axi_rdata_reg[30]/C is not reached by a timing clock
Related violations: <none>

TIMING-17#32 Warning
Non-clocked sequential cell  
The clock pin handshake_v1_0_S00_AXI_inst/axi_rdata_reg[31]/C is not reached by a timing clock
Related violations: <none>

TIMING-17#33 Warning
Non-clocked sequential cell  
The clock pin handshake_v1_0_S00_AXI_inst/axi_rdata_reg[3]/C is not reached by a timing clock
Related violations: <none>

TIMING-17#34 Warning
Non-clocked sequential cell  
The clock pin handshake_v1_0_S00_AXI_inst/axi_rdata_reg[4]/C is not reached by a timing clock
Related violations: <none>

TIMING-17#35 Warning
Non-clocked sequential cell  
The clock pin handshake_v1_0_S00_AXI_inst/axi_rdata_reg[5]/C is not reached by a timing clock
Related violations: <none>

TIMING-17#36 Warning
Non-clocked sequential cell  
The clock pin handshake_v1_0_S00_AXI_inst/axi_rdata_reg[6]/C is not reached by a timing clock
Related violations: <none>

TIMING-17#37 Warning
Non-clocked sequential cell  
The clock pin handshake_v1_0_S00_AXI_inst/axi_rdata_reg[7]/C is not reached by a timing clock
Related violations: <none>

TIMING-17#38 Warning
Non-clocked sequential cell  
The clock pin handshake_v1_0_S00_AXI_inst/axi_rdata_reg[8]/C is not reached by a timing clock
Related violations: <none>

TIMING-17#39 Warning
Non-clocked sequential cell  
The clock pin handshake_v1_0_S00_AXI_inst/axi_rdata_reg[9]/C is not reached by a timing clock
Related violations: <none>

TIMING-17#40 Warning
Non-clocked sequential cell  
The clock pin handshake_v1_0_S00_AXI_inst/axi_rvalid_reg/C is not reached by a timing clock
Related violations: <none>

TIMING-17#41 Warning
Non-clocked sequential cell  
The clock pin handshake_v1_0_S00_AXI_inst/axi_wready_reg/C is not reached by a timing clock
Related violations: <none>

TIMING-17#42 Warning
Non-clocked sequential cell  
The clock pin handshake_v1_0_S00_AXI_inst/kmd1/Y_reg[0]/C is not reached by a timing clock
Related violations: <none>

TIMING-17#43 Warning
Non-clocked sequential cell  
The clock pin handshake_v1_0_S00_AXI_inst/kmd1/Y_reg[10]/C is not reached by a timing clock
Related violations: <none>

TIMING-17#44 Warning
Non-clocked sequential cell  
The clock pin handshake_v1_0_S00_AXI_inst/kmd1/Y_reg[11]/C is not reached by a timing clock
Related violations: <none>

TIMING-17#45 Warning
Non-clocked sequential cell  
The clock pin handshake_v1_0_S00_AXI_inst/kmd1/Y_reg[12]/C is not reached by a timing clock
Related violations: <none>

TIMING-17#46 Warning
Non-clocked sequential cell  
The clock pin handshake_v1_0_S00_AXI_inst/kmd1/Y_reg[13]/C is not reached by a timing clock
Related violations: <none>

TIMING-17#47 Warning
Non-clocked sequential cell  
The clock pin handshake_v1_0_S00_AXI_inst/kmd1/Y_reg[14]/C is not reached by a timing clock
Related violations: <none>

TIMING-17#48 Warning
Non-clocked sequential cell  
The clock pin handshake_v1_0_S00_AXI_inst/kmd1/Y_reg[15]/C is not reached by a timing clock
Related violations: <none>

TIMING-17#49 Warning
Non-clocked sequential cell  
The clock pin handshake_v1_0_S00_AXI_inst/kmd1/Y_reg[16]/C is not reached by a timing clock
Related violations: <none>

TIMING-17#50 Warning
Non-clocked sequential cell  
The clock pin handshake_v1_0_S00_AXI_inst/kmd1/Y_reg[17]/C is not reached by a timing clock
Related violations: <none>

TIMING-17#51 Warning
Non-clocked sequential cell  
The clock pin handshake_v1_0_S00_AXI_inst/kmd1/Y_reg[18]/C is not reached by a timing clock
Related violations: <none>

TIMING-17#52 Warning
Non-clocked sequential cell  
The clock pin handshake_v1_0_S00_AXI_inst/kmd1/Y_reg[19]/C is not reached by a timing clock
Related violations: <none>

TIMING-17#53 Warning
Non-clocked sequential cell  
The clock pin handshake_v1_0_S00_AXI_inst/kmd1/Y_reg[1]/C is not reached by a timing clock
Related violations: <none>

TIMING-17#54 Warning
Non-clocked sequential cell  
The clock pin handshake_v1_0_S00_AXI_inst/kmd1/Y_reg[20]/C is not reached by a timing clock
Related violations: <none>

TIMING-17#55 Warning
Non-clocked sequential cell  
The clock pin handshake_v1_0_S00_AXI_inst/kmd1/Y_reg[21]/C is not reached by a timing clock
Related violations: <none>

TIMING-17#56 Warning
Non-clocked sequential cell  
The clock pin handshake_v1_0_S00_AXI_inst/kmd1/Y_reg[22]/C is not reached by a timing clock
Related violations: <none>

TIMING-17#57 Warning
Non-clocked sequential cell  
The clock pin handshake_v1_0_S00_AXI_inst/kmd1/Y_reg[23]/C is not reached by a timing clock
Related violations: <none>

TIMING-17#58 Warning
Non-clocked sequential cell  
The clock pin handshake_v1_0_S00_AXI_inst/kmd1/Y_reg[24]/C is not reached by a timing clock
Related violations: <none>

TIMING-17#59 Warning
Non-clocked sequential cell  
The clock pin handshake_v1_0_S00_AXI_inst/kmd1/Y_reg[25]/C is not reached by a timing clock
Related violations: <none>

TIMING-17#60 Warning
Non-clocked sequential cell  
The clock pin handshake_v1_0_S00_AXI_inst/kmd1/Y_reg[26]/C is not reached by a timing clock
Related violations: <none>

TIMING-17#61 Warning
Non-clocked sequential cell  
The clock pin handshake_v1_0_S00_AXI_inst/kmd1/Y_reg[27]/C is not reached by a timing clock
Related violations: <none>

TIMING-17#62 Warning
Non-clocked sequential cell  
The clock pin handshake_v1_0_S00_AXI_inst/kmd1/Y_reg[28]/C is not reached by a timing clock
Related violations: <none>

TIMING-17#63 Warning
Non-clocked sequential cell  
The clock pin handshake_v1_0_S00_AXI_inst/kmd1/Y_reg[29]/C is not reached by a timing clock
Related violations: <none>

TIMING-17#64 Warning
Non-clocked sequential cell  
The clock pin handshake_v1_0_S00_AXI_inst/kmd1/Y_reg[2]/C is not reached by a timing clock
Related violations: <none>

TIMING-17#65 Warning
Non-clocked sequential cell  
The clock pin handshake_v1_0_S00_AXI_inst/kmd1/Y_reg[30]/C is not reached by a timing clock
Related violations: <none>

TIMING-17#66 Warning
Non-clocked sequential cell  
The clock pin handshake_v1_0_S00_AXI_inst/kmd1/Y_reg[31]/C is not reached by a timing clock
Related violations: <none>

TIMING-17#67 Warning
Non-clocked sequential cell  
The clock pin handshake_v1_0_S00_AXI_inst/kmd1/Y_reg[3]/C is not reached by a timing clock
Related violations: <none>

TIMING-17#68 Warning
Non-clocked sequential cell  
The clock pin handshake_v1_0_S00_AXI_inst/kmd1/Y_reg[4]/C is not reached by a timing clock
Related violations: <none>

TIMING-17#69 Warning
Non-clocked sequential cell  
The clock pin handshake_v1_0_S00_AXI_inst/kmd1/Y_reg[5]/C is not reached by a timing clock
Related violations: <none>

TIMING-17#70 Warning
Non-clocked sequential cell  
The clock pin handshake_v1_0_S00_AXI_inst/kmd1/Y_reg[6]/C is not reached by a timing clock
Related violations: <none>

TIMING-17#71 Warning
Non-clocked sequential cell  
The clock pin handshake_v1_0_S00_AXI_inst/kmd1/Y_reg[7]/C is not reached by a timing clock
Related violations: <none>

TIMING-17#72 Warning
Non-clocked sequential cell  
The clock pin handshake_v1_0_S00_AXI_inst/kmd1/Y_reg[8]/C is not reached by a timing clock
Related violations: <none>

TIMING-17#73 Warning
Non-clocked sequential cell  
The clock pin handshake_v1_0_S00_AXI_inst/kmd1/Y_reg[9]/C is not reached by a timing clock
Related violations: <none>

TIMING-17#74 Warning
Non-clocked sequential cell  
The clock pin handshake_v1_0_S00_AXI_inst/kmd1/i_reg[0]/C is not reached by a timing clock
Related violations: <none>

TIMING-17#75 Warning
Non-clocked sequential cell  
The clock pin handshake_v1_0_S00_AXI_inst/kmd1/i_reg[10]/C is not reached by a timing clock
Related violations: <none>

TIMING-17#76 Warning
Non-clocked sequential cell  
The clock pin handshake_v1_0_S00_AXI_inst/kmd1/i_reg[11]/C is not reached by a timing clock
Related violations: <none>

TIMING-17#77 Warning
Non-clocked sequential cell  
The clock pin handshake_v1_0_S00_AXI_inst/kmd1/i_reg[12]/C is not reached by a timing clock
Related violations: <none>

TIMING-17#78 Warning
Non-clocked sequential cell  
The clock pin handshake_v1_0_S00_AXI_inst/kmd1/i_reg[13]/C is not reached by a timing clock
Related violations: <none>

TIMING-17#79 Warning
Non-clocked sequential cell  
The clock pin handshake_v1_0_S00_AXI_inst/kmd1/i_reg[14]/C is not reached by a timing clock
Related violations: <none>

TIMING-17#80 Warning
Non-clocked sequential cell  
The clock pin handshake_v1_0_S00_AXI_inst/kmd1/i_reg[15]/C is not reached by a timing clock
Related violations: <none>

TIMING-17#81 Warning
Non-clocked sequential cell  
The clock pin handshake_v1_0_S00_AXI_inst/kmd1/i_reg[16]/C is not reached by a timing clock
Related violations: <none>

TIMING-17#82 Warning
Non-clocked sequential cell  
The clock pin handshake_v1_0_S00_AXI_inst/kmd1/i_reg[17]/C is not reached by a timing clock
Related violations: <none>

TIMING-17#83 Warning
Non-clocked sequential cell  
The clock pin handshake_v1_0_S00_AXI_inst/kmd1/i_reg[18]/C is not reached by a timing clock
Related violations: <none>

TIMING-17#84 Warning
Non-clocked sequential cell  
The clock pin handshake_v1_0_S00_AXI_inst/kmd1/i_reg[19]/C is not reached by a timing clock
Related violations: <none>

TIMING-17#85 Warning
Non-clocked sequential cell  
The clock pin handshake_v1_0_S00_AXI_inst/kmd1/i_reg[1]/C is not reached by a timing clock
Related violations: <none>

TIMING-17#86 Warning
Non-clocked sequential cell  
The clock pin handshake_v1_0_S00_AXI_inst/kmd1/i_reg[20]/C is not reached by a timing clock
Related violations: <none>

TIMING-17#87 Warning
Non-clocked sequential cell  
The clock pin handshake_v1_0_S00_AXI_inst/kmd1/i_reg[21]/C is not reached by a timing clock
Related violations: <none>

TIMING-17#88 Warning
Non-clocked sequential cell  
The clock pin handshake_v1_0_S00_AXI_inst/kmd1/i_reg[22]/C is not reached by a timing clock
Related violations: <none>

TIMING-17#89 Warning
Non-clocked sequential cell  
The clock pin handshake_v1_0_S00_AXI_inst/kmd1/i_reg[23]/C is not reached by a timing clock
Related violations: <none>

TIMING-17#90 Warning
Non-clocked sequential cell  
The clock pin handshake_v1_0_S00_AXI_inst/kmd1/i_reg[24]/C is not reached by a timing clock
Related violations: <none>

TIMING-17#91 Warning
Non-clocked sequential cell  
The clock pin handshake_v1_0_S00_AXI_inst/kmd1/i_reg[25]/C is not reached by a timing clock
Related violations: <none>

TIMING-17#92 Warning
Non-clocked sequential cell  
The clock pin handshake_v1_0_S00_AXI_inst/kmd1/i_reg[26]/C is not reached by a timing clock
Related violations: <none>

TIMING-17#93 Warning
Non-clocked sequential cell  
The clock pin handshake_v1_0_S00_AXI_inst/kmd1/i_reg[27]/C is not reached by a timing clock
Related violations: <none>

TIMING-17#94 Warning
Non-clocked sequential cell  
The clock pin handshake_v1_0_S00_AXI_inst/kmd1/i_reg[28]/C is not reached by a timing clock
Related violations: <none>

TIMING-17#95 Warning
Non-clocked sequential cell  
The clock pin handshake_v1_0_S00_AXI_inst/kmd1/i_reg[29]/C is not reached by a timing clock
Related violations: <none>

TIMING-17#96 Warning
Non-clocked sequential cell  
The clock pin handshake_v1_0_S00_AXI_inst/kmd1/i_reg[2]/C is not reached by a timing clock
Related violations: <none>

TIMING-17#97 Warning
Non-clocked sequential cell  
The clock pin handshake_v1_0_S00_AXI_inst/kmd1/i_reg[30]/C is not reached by a timing clock
Related violations: <none>

TIMING-17#98 Warning
Non-clocked sequential cell  
The clock pin handshake_v1_0_S00_AXI_inst/kmd1/i_reg[31]/C is not reached by a timing clock
Related violations: <none>

TIMING-17#99 Warning
Non-clocked sequential cell  
The clock pin handshake_v1_0_S00_AXI_inst/kmd1/i_reg[3]/C is not reached by a timing clock
Related violations: <none>

TIMING-17#100 Warning
Non-clocked sequential cell  
The clock pin handshake_v1_0_S00_AXI_inst/kmd1/i_reg[4]/C is not reached by a timing clock
Related violations: <none>

TIMING-17#101 Warning
Non-clocked sequential cell  
The clock pin handshake_v1_0_S00_AXI_inst/kmd1/i_reg[5]/C is not reached by a timing clock
Related violations: <none>

TIMING-17#102 Warning
Non-clocked sequential cell  
The clock pin handshake_v1_0_S00_AXI_inst/kmd1/i_reg[6]/C is not reached by a timing clock
Related violations: <none>

TIMING-17#103 Warning
Non-clocked sequential cell  
The clock pin handshake_v1_0_S00_AXI_inst/kmd1/i_reg[7]/C is not reached by a timing clock
Related violations: <none>

TIMING-17#104 Warning
Non-clocked sequential cell  
The clock pin handshake_v1_0_S00_AXI_inst/kmd1/i_reg[8]/C is not reached by a timing clock
Related violations: <none>

TIMING-17#105 Warning
Non-clocked sequential cell  
The clock pin handshake_v1_0_S00_AXI_inst/kmd1/i_reg[9]/C is not reached by a timing clock
Related violations: <none>

TIMING-17#106 Warning
Non-clocked sequential cell  
The clock pin handshake_v1_0_S00_AXI_inst/kmd1/memInputX_reg_0_15_0_0/SP/CLK is not reached by a timing clock
Related violations: <none>

TIMING-17#107 Warning
Non-clocked sequential cell  
The clock pin handshake_v1_0_S00_AXI_inst/kmd1/memInputX_reg_0_15_0_0__0/SP/CLK is not reached by a timing clock
Related violations: <none>

TIMING-17#108 Warning
Non-clocked sequential cell  
The clock pin handshake_v1_0_S00_AXI_inst/kmd1/memInputX_reg_0_15_0_0__1/SP/CLK is not reached by a timing clock
Related violations: <none>

TIMING-17#109 Warning
Non-clocked sequential cell  
The clock pin handshake_v1_0_S00_AXI_inst/kmd1/memInputX_reg_0_15_0_0__10/SP/CLK is not reached by a timing clock
Related violations: <none>

TIMING-17#110 Warning
Non-clocked sequential cell  
The clock pin handshake_v1_0_S00_AXI_inst/kmd1/memInputX_reg_0_15_0_0__11/SP/CLK is not reached by a timing clock
Related violations: <none>

TIMING-17#111 Warning
Non-clocked sequential cell  
The clock pin handshake_v1_0_S00_AXI_inst/kmd1/memInputX_reg_0_15_0_0__12/SP/CLK is not reached by a timing clock
Related violations: <none>

TIMING-17#112 Warning
Non-clocked sequential cell  
The clock pin handshake_v1_0_S00_AXI_inst/kmd1/memInputX_reg_0_15_0_0__13/SP/CLK is not reached by a timing clock
Related violations: <none>

TIMING-17#113 Warning
Non-clocked sequential cell  
The clock pin handshake_v1_0_S00_AXI_inst/kmd1/memInputX_reg_0_15_0_0__14/SP/CLK is not reached by a timing clock
Related violations: <none>

TIMING-17#114 Warning
Non-clocked sequential cell  
The clock pin handshake_v1_0_S00_AXI_inst/kmd1/memInputX_reg_0_15_0_0__15/SP/CLK is not reached by a timing clock
Related violations: <none>

TIMING-17#115 Warning
Non-clocked sequential cell  
The clock pin handshake_v1_0_S00_AXI_inst/kmd1/memInputX_reg_0_15_0_0__16/SP/CLK is not reached by a timing clock
Related violations: <none>

TIMING-17#116 Warning
Non-clocked sequential cell  
The clock pin handshake_v1_0_S00_AXI_inst/kmd1/memInputX_reg_0_15_0_0__17/SP/CLK is not reached by a timing clock
Related violations: <none>

TIMING-17#117 Warning
Non-clocked sequential cell  
The clock pin handshake_v1_0_S00_AXI_inst/kmd1/memInputX_reg_0_15_0_0__18/SP/CLK is not reached by a timing clock
Related violations: <none>

TIMING-17#118 Warning
Non-clocked sequential cell  
The clock pin handshake_v1_0_S00_AXI_inst/kmd1/memInputX_reg_0_15_0_0__19/SP/CLK is not reached by a timing clock
Related violations: <none>

TIMING-17#119 Warning
Non-clocked sequential cell  
The clock pin handshake_v1_0_S00_AXI_inst/kmd1/memInputX_reg_0_15_0_0__2/SP/CLK is not reached by a timing clock
Related violations: <none>

TIMING-17#120 Warning
Non-clocked sequential cell  
The clock pin handshake_v1_0_S00_AXI_inst/kmd1/memInputX_reg_0_15_0_0__20/SP/CLK is not reached by a timing clock
Related violations: <none>

TIMING-17#121 Warning
Non-clocked sequential cell  
The clock pin handshake_v1_0_S00_AXI_inst/kmd1/memInputX_reg_0_15_0_0__21/SP/CLK is not reached by a timing clock
Related violations: <none>

TIMING-17#122 Warning
Non-clocked sequential cell  
The clock pin handshake_v1_0_S00_AXI_inst/kmd1/memInputX_reg_0_15_0_0__22/SP/CLK is not reached by a timing clock
Related violations: <none>

TIMING-17#123 Warning
Non-clocked sequential cell  
The clock pin handshake_v1_0_S00_AXI_inst/kmd1/memInputX_reg_0_15_0_0__23/SP/CLK is not reached by a timing clock
Related violations: <none>

TIMING-17#124 Warning
Non-clocked sequential cell  
The clock pin handshake_v1_0_S00_AXI_inst/kmd1/memInputX_reg_0_15_0_0__24/SP/CLK is not reached by a timing clock
Related violations: <none>

TIMING-17#125 Warning
Non-clocked sequential cell  
The clock pin handshake_v1_0_S00_AXI_inst/kmd1/memInputX_reg_0_15_0_0__25/SP/CLK is not reached by a timing clock
Related violations: <none>

TIMING-17#126 Warning
Non-clocked sequential cell  
The clock pin handshake_v1_0_S00_AXI_inst/kmd1/memInputX_reg_0_15_0_0__26/SP/CLK is not reached by a timing clock
Related violations: <none>

TIMING-17#127 Warning
Non-clocked sequential cell  
The clock pin handshake_v1_0_S00_AXI_inst/kmd1/memInputX_reg_0_15_0_0__27/SP/CLK is not reached by a timing clock
Related violations: <none>

TIMING-17#128 Warning
Non-clocked sequential cell  
The clock pin handshake_v1_0_S00_AXI_inst/kmd1/memInputX_reg_0_15_0_0__28/SP/CLK is not reached by a timing clock
Related violations: <none>

TIMING-17#129 Warning
Non-clocked sequential cell  
The clock pin handshake_v1_0_S00_AXI_inst/kmd1/memInputX_reg_0_15_0_0__29/SP/CLK is not reached by a timing clock
Related violations: <none>

TIMING-17#130 Warning
Non-clocked sequential cell  
The clock pin handshake_v1_0_S00_AXI_inst/kmd1/memInputX_reg_0_15_0_0__3/SP/CLK is not reached by a timing clock
Related violations: <none>

TIMING-17#131 Warning
Non-clocked sequential cell  
The clock pin handshake_v1_0_S00_AXI_inst/kmd1/memInputX_reg_0_15_0_0__30/SP/CLK is not reached by a timing clock
Related violations: <none>

TIMING-17#132 Warning
Non-clocked sequential cell  
The clock pin handshake_v1_0_S00_AXI_inst/kmd1/memInputX_reg_0_15_0_0__31/SP/CLK is not reached by a timing clock
Related violations: <none>

TIMING-17#133 Warning
Non-clocked sequential cell  
The clock pin handshake_v1_0_S00_AXI_inst/kmd1/memInputX_reg_0_15_0_0__32/SP/CLK is not reached by a timing clock
Related violations: <none>

TIMING-17#134 Warning
Non-clocked sequential cell  
The clock pin handshake_v1_0_S00_AXI_inst/kmd1/memInputX_reg_0_15_0_0__4/SP/CLK is not reached by a timing clock
Related violations: <none>

TIMING-17#135 Warning
Non-clocked sequential cell  
The clock pin handshake_v1_0_S00_AXI_inst/kmd1/memInputX_reg_0_15_0_0__5/SP/CLK is not reached by a timing clock
Related violations: <none>

TIMING-17#136 Warning
Non-clocked sequential cell  
The clock pin handshake_v1_0_S00_AXI_inst/kmd1/memInputX_reg_0_15_0_0__6/SP/CLK is not reached by a timing clock
Related violations: <none>

TIMING-17#137 Warning
Non-clocked sequential cell  
The clock pin handshake_v1_0_S00_AXI_inst/kmd1/memInputX_reg_0_15_0_0__7/SP/CLK is not reached by a timing clock
Related violations: <none>

TIMING-17#138 Warning
Non-clocked sequential cell  
The clock pin handshake_v1_0_S00_AXI_inst/kmd1/memInputX_reg_0_15_0_0__8/SP/CLK is not reached by a timing clock
Related violations: <none>

TIMING-17#139 Warning
Non-clocked sequential cell  
The clock pin handshake_v1_0_S00_AXI_inst/kmd1/memInputX_reg_0_15_0_0__9/SP/CLK is not reached by a timing clock
Related violations: <none>

TIMING-17#140 Warning
Non-clocked sequential cell  
The clock pin handshake_v1_0_S00_AXI_inst/kmd1/memInputY_reg_0_15_0_0/SP/CLK is not reached by a timing clock
Related violations: <none>

TIMING-17#141 Warning
Non-clocked sequential cell  
The clock pin handshake_v1_0_S00_AXI_inst/kmd1/memInputY_reg_0_15_0_0__0/SP/CLK is not reached by a timing clock
Related violations: <none>

TIMING-17#142 Warning
Non-clocked sequential cell  
The clock pin handshake_v1_0_S00_AXI_inst/kmd1/memInputY_reg_0_15_0_0__1/SP/CLK is not reached by a timing clock
Related violations: <none>

TIMING-17#143 Warning
Non-clocked sequential cell  
The clock pin handshake_v1_0_S00_AXI_inst/kmd1/memInputY_reg_0_15_0_0__10/SP/CLK is not reached by a timing clock
Related violations: <none>

TIMING-17#144 Warning
Non-clocked sequential cell  
The clock pin handshake_v1_0_S00_AXI_inst/kmd1/memInputY_reg_0_15_0_0__11/SP/CLK is not reached by a timing clock
Related violations: <none>

TIMING-17#145 Warning
Non-clocked sequential cell  
The clock pin handshake_v1_0_S00_AXI_inst/kmd1/memInputY_reg_0_15_0_0__12/SP/CLK is not reached by a timing clock
Related violations: <none>

TIMING-17#146 Warning
Non-clocked sequential cell  
The clock pin handshake_v1_0_S00_AXI_inst/kmd1/memInputY_reg_0_15_0_0__13/SP/CLK is not reached by a timing clock
Related violations: <none>

TIMING-17#147 Warning
Non-clocked sequential cell  
The clock pin handshake_v1_0_S00_AXI_inst/kmd1/memInputY_reg_0_15_0_0__14/SP/CLK is not reached by a timing clock
Related violations: <none>

TIMING-17#148 Warning
Non-clocked sequential cell  
The clock pin handshake_v1_0_S00_AXI_inst/kmd1/memInputY_reg_0_15_0_0__15/SP/CLK is not reached by a timing clock
Related violations: <none>

TIMING-17#149 Warning
Non-clocked sequential cell  
The clock pin handshake_v1_0_S00_AXI_inst/kmd1/memInputY_reg_0_15_0_0__16/SP/CLK is not reached by a timing clock
Related violations: <none>

TIMING-17#150 Warning
Non-clocked sequential cell  
The clock pin handshake_v1_0_S00_AXI_inst/kmd1/memInputY_reg_0_15_0_0__17/SP/CLK is not reached by a timing clock
Related violations: <none>

TIMING-17#151 Warning
Non-clocked sequential cell  
The clock pin handshake_v1_0_S00_AXI_inst/kmd1/memInputY_reg_0_15_0_0__18/SP/CLK is not reached by a timing clock
Related violations: <none>

TIMING-17#152 Warning
Non-clocked sequential cell  
The clock pin handshake_v1_0_S00_AXI_inst/kmd1/memInputY_reg_0_15_0_0__19/SP/CLK is not reached by a timing clock
Related violations: <none>

TIMING-17#153 Warning
Non-clocked sequential cell  
The clock pin handshake_v1_0_S00_AXI_inst/kmd1/memInputY_reg_0_15_0_0__2/SP/CLK is not reached by a timing clock
Related violations: <none>

TIMING-17#154 Warning
Non-clocked sequential cell  
The clock pin handshake_v1_0_S00_AXI_inst/kmd1/memInputY_reg_0_15_0_0__20/SP/CLK is not reached by a timing clock
Related violations: <none>

TIMING-17#155 Warning
Non-clocked sequential cell  
The clock pin handshake_v1_0_S00_AXI_inst/kmd1/memInputY_reg_0_15_0_0__21/SP/CLK is not reached by a timing clock
Related violations: <none>

TIMING-17#156 Warning
Non-clocked sequential cell  
The clock pin handshake_v1_0_S00_AXI_inst/kmd1/memInputY_reg_0_15_0_0__22/SP/CLK is not reached by a timing clock
Related violations: <none>

TIMING-17#157 Warning
Non-clocked sequential cell  
The clock pin handshake_v1_0_S00_AXI_inst/kmd1/memInputY_reg_0_15_0_0__23/SP/CLK is not reached by a timing clock
Related violations: <none>

TIMING-17#158 Warning
Non-clocked sequential cell  
The clock pin handshake_v1_0_S00_AXI_inst/kmd1/memInputY_reg_0_15_0_0__24/SP/CLK is not reached by a timing clock
Related violations: <none>

TIMING-17#159 Warning
Non-clocked sequential cell  
The clock pin handshake_v1_0_S00_AXI_inst/kmd1/memInputY_reg_0_15_0_0__25/SP/CLK is not reached by a timing clock
Related violations: <none>

TIMING-17#160 Warning
Non-clocked sequential cell  
The clock pin handshake_v1_0_S00_AXI_inst/kmd1/memInputY_reg_0_15_0_0__26/SP/CLK is not reached by a timing clock
Related violations: <none>

TIMING-17#161 Warning
Non-clocked sequential cell  
The clock pin handshake_v1_0_S00_AXI_inst/kmd1/memInputY_reg_0_15_0_0__27/SP/CLK is not reached by a timing clock
Related violations: <none>

TIMING-17#162 Warning
Non-clocked sequential cell  
The clock pin handshake_v1_0_S00_AXI_inst/kmd1/memInputY_reg_0_15_0_0__28/SP/CLK is not reached by a timing clock
Related violations: <none>

TIMING-17#163 Warning
Non-clocked sequential cell  
The clock pin handshake_v1_0_S00_AXI_inst/kmd1/memInputY_reg_0_15_0_0__29/SP/CLK is not reached by a timing clock
Related violations: <none>

TIMING-17#164 Warning
Non-clocked sequential cell  
The clock pin handshake_v1_0_S00_AXI_inst/kmd1/memInputY_reg_0_15_0_0__3/SP/CLK is not reached by a timing clock
Related violations: <none>

TIMING-17#165 Warning
Non-clocked sequential cell  
The clock pin handshake_v1_0_S00_AXI_inst/kmd1/memInputY_reg_0_15_0_0__30/SP/CLK is not reached by a timing clock
Related violations: <none>

TIMING-17#166 Warning
Non-clocked sequential cell  
The clock pin handshake_v1_0_S00_AXI_inst/kmd1/memInputY_reg_0_15_0_0__31/SP/CLK is not reached by a timing clock
Related violations: <none>

TIMING-17#167 Warning
Non-clocked sequential cell  
The clock pin handshake_v1_0_S00_AXI_inst/kmd1/memInputY_reg_0_15_0_0__32/SP/CLK is not reached by a timing clock
Related violations: <none>

TIMING-17#168 Warning
Non-clocked sequential cell  
The clock pin handshake_v1_0_S00_AXI_inst/kmd1/memInputY_reg_0_15_0_0__33/SP/CLK is not reached by a timing clock
Related violations: <none>

TIMING-17#169 Warning
Non-clocked sequential cell  
The clock pin handshake_v1_0_S00_AXI_inst/kmd1/memInputY_reg_0_15_0_0__34/SP/CLK is not reached by a timing clock
Related violations: <none>

TIMING-17#170 Warning
Non-clocked sequential cell  
The clock pin handshake_v1_0_S00_AXI_inst/kmd1/memInputY_reg_0_15_0_0__35/SP/CLK is not reached by a timing clock
Related violations: <none>

TIMING-17#171 Warning
Non-clocked sequential cell  
The clock pin handshake_v1_0_S00_AXI_inst/kmd1/memInputY_reg_0_15_0_0__36/SP/CLK is not reached by a timing clock
Related violations: <none>

TIMING-17#172 Warning
Non-clocked sequential cell  
The clock pin handshake_v1_0_S00_AXI_inst/kmd1/memInputY_reg_0_15_0_0__37/SP/CLK is not reached by a timing clock
Related violations: <none>

TIMING-17#173 Warning
Non-clocked sequential cell  
The clock pin handshake_v1_0_S00_AXI_inst/kmd1/memInputY_reg_0_15_0_0__38/SP/CLK is not reached by a timing clock
Related violations: <none>

TIMING-17#174 Warning
Non-clocked sequential cell  
The clock pin handshake_v1_0_S00_AXI_inst/kmd1/memInputY_reg_0_15_0_0__39/SP/CLK is not reached by a timing clock
Related violations: <none>

TIMING-17#175 Warning
Non-clocked sequential cell  
The clock pin handshake_v1_0_S00_AXI_inst/kmd1/memInputY_reg_0_15_0_0__4/SP/CLK is not reached by a timing clock
Related violations: <none>

TIMING-17#176 Warning
Non-clocked sequential cell  
The clock pin handshake_v1_0_S00_AXI_inst/kmd1/memInputY_reg_0_15_0_0__40/SP/CLK is not reached by a timing clock
Related violations: <none>

TIMING-17#177 Warning
Non-clocked sequential cell  
The clock pin handshake_v1_0_S00_AXI_inst/kmd1/memInputY_reg_0_15_0_0__41/SP/CLK is not reached by a timing clock
Related violations: <none>

TIMING-17#178 Warning
Non-clocked sequential cell  
The clock pin handshake_v1_0_S00_AXI_inst/kmd1/memInputY_reg_0_15_0_0__42/SP/CLK is not reached by a timing clock
Related violations: <none>

TIMING-17#179 Warning
Non-clocked sequential cell  
The clock pin handshake_v1_0_S00_AXI_inst/kmd1/memInputY_reg_0_15_0_0__43/SP/CLK is not reached by a timing clock
Related violations: <none>

TIMING-17#180 Warning
Non-clocked sequential cell  
The clock pin handshake_v1_0_S00_AXI_inst/kmd1/memInputY_reg_0_15_0_0__44/SP/CLK is not reached by a timing clock
Related violations: <none>

TIMING-17#181 Warning
Non-clocked sequential cell  
The clock pin handshake_v1_0_S00_AXI_inst/kmd1/memInputY_reg_0_15_0_0__45/SP/CLK is not reached by a timing clock
Related violations: <none>

TIMING-17#182 Warning
Non-clocked sequential cell  
The clock pin handshake_v1_0_S00_AXI_inst/kmd1/memInputY_reg_0_15_0_0__46/SP/CLK is not reached by a timing clock
Related violations: <none>

TIMING-17#183 Warning
Non-clocked sequential cell  
The clock pin handshake_v1_0_S00_AXI_inst/kmd1/memInputY_reg_0_15_0_0__47/SP/CLK is not reached by a timing clock
Related violations: <none>

TIMING-17#184 Warning
Non-clocked sequential cell  
The clock pin handshake_v1_0_S00_AXI_inst/kmd1/memInputY_reg_0_15_0_0__48/SP/CLK is not reached by a timing clock
Related violations: <none>

TIMING-17#185 Warning
Non-clocked sequential cell  
The clock pin handshake_v1_0_S00_AXI_inst/kmd1/memInputY_reg_0_15_0_0__49/SP/CLK is not reached by a timing clock
Related violations: <none>

TIMING-17#186 Warning
Non-clocked sequential cell  
The clock pin handshake_v1_0_S00_AXI_inst/kmd1/memInputY_reg_0_15_0_0__5/SP/CLK is not reached by a timing clock
Related violations: <none>

TIMING-17#187 Warning
Non-clocked sequential cell  
The clock pin handshake_v1_0_S00_AXI_inst/kmd1/memInputY_reg_0_15_0_0__50/SP/CLK is not reached by a timing clock
Related violations: <none>

TIMING-17#188 Warning
Non-clocked sequential cell  
The clock pin handshake_v1_0_S00_AXI_inst/kmd1/memInputY_reg_0_15_0_0__51/SP/CLK is not reached by a timing clock
Related violations: <none>

TIMING-17#189 Warning
Non-clocked sequential cell  
The clock pin handshake_v1_0_S00_AXI_inst/kmd1/memInputY_reg_0_15_0_0__52/SP/CLK is not reached by a timing clock
Related violations: <none>

TIMING-17#190 Warning
Non-clocked sequential cell  
The clock pin handshake_v1_0_S00_AXI_inst/kmd1/memInputY_reg_0_15_0_0__53/SP/CLK is not reached by a timing clock
Related violations: <none>

TIMING-17#191 Warning
Non-clocked sequential cell  
The clock pin handshake_v1_0_S00_AXI_inst/kmd1/memInputY_reg_0_15_0_0__54/SP/CLK is not reached by a timing clock
Related violations: <none>

TIMING-17#192 Warning
Non-clocked sequential cell  
The clock pin handshake_v1_0_S00_AXI_inst/kmd1/memInputY_reg_0_15_0_0__55/SP/CLK is not reached by a timing clock
Related violations: <none>

TIMING-17#193 Warning
Non-clocked sequential cell  
The clock pin handshake_v1_0_S00_AXI_inst/kmd1/memInputY_reg_0_15_0_0__56/SP/CLK is not reached by a timing clock
Related violations: <none>

TIMING-17#194 Warning
Non-clocked sequential cell  
The clock pin handshake_v1_0_S00_AXI_inst/kmd1/memInputY_reg_0_15_0_0__57/SP/CLK is not reached by a timing clock
Related violations: <none>

TIMING-17#195 Warning
Non-clocked sequential cell  
The clock pin handshake_v1_0_S00_AXI_inst/kmd1/memInputY_reg_0_15_0_0__58/SP/CLK is not reached by a timing clock
Related violations: <none>

TIMING-17#196 Warning
Non-clocked sequential cell  
The clock pin handshake_v1_0_S00_AXI_inst/kmd1/memInputY_reg_0_15_0_0__59/SP/CLK is not reached by a timing clock
Related violations: <none>

TIMING-17#197 Warning
Non-clocked sequential cell  
The clock pin handshake_v1_0_S00_AXI_inst/kmd1/memInputY_reg_0_15_0_0__6/SP/CLK is not reached by a timing clock
Related violations: <none>

TIMING-17#198 Warning
Non-clocked sequential cell  
The clock pin handshake_v1_0_S00_AXI_inst/kmd1/memInputY_reg_0_15_0_0__60/SP/CLK is not reached by a timing clock
Related violations: <none>

TIMING-17#199 Warning
Non-clocked sequential cell  
The clock pin handshake_v1_0_S00_AXI_inst/kmd1/memInputY_reg_0_15_0_0__61/SP/CLK is not reached by a timing clock
Related violations: <none>

TIMING-17#200 Warning
Non-clocked sequential cell  
The clock pin handshake_v1_0_S00_AXI_inst/kmd1/memInputY_reg_0_15_0_0__62/SP/CLK is not reached by a timing clock
Related violations: <none>

TIMING-17#201 Warning
Non-clocked sequential cell  
The clock pin handshake_v1_0_S00_AXI_inst/kmd1/memInputY_reg_0_15_0_0__7/SP/CLK is not reached by a timing clock
Related violations: <none>

TIMING-17#202 Warning
Non-clocked sequential cell  
The clock pin handshake_v1_0_S00_AXI_inst/kmd1/memInputY_reg_0_15_0_0__8/SP/CLK is not reached by a timing clock
Related violations: <none>

TIMING-17#203 Warning
Non-clocked sequential cell  
The clock pin handshake_v1_0_S00_AXI_inst/kmd1/memInputY_reg_0_15_0_0__9/SP/CLK is not reached by a timing clock
Related violations: <none>

TIMING-17#204 Warning
Non-clocked sequential cell  
The clock pin handshake_v1_0_S00_AXI_inst/kmd1/nextstate_reg[0]/C is not reached by a timing clock
Related violations: <none>

TIMING-17#205 Warning
Non-clocked sequential cell  
The clock pin handshake_v1_0_S00_AXI_inst/kmd1/nextstate_reg[1]/C is not reached by a timing clock
Related violations: <none>

TIMING-17#206 Warning
Non-clocked sequential cell  
The clock pin handshake_v1_0_S00_AXI_inst/kmd1/nextstate_reg[2]/C is not reached by a timing clock
Related violations: <none>

TIMING-17#207 Warning
Non-clocked sequential cell  
The clock pin handshake_v1_0_S00_AXI_inst/kmd1/signal_computation_ready_reg[0]/C is not reached by a timing clock
Related violations: <none>

TIMING-17#208 Warning
Non-clocked sequential cell  
The clock pin handshake_v1_0_S00_AXI_inst/kmd1/signal_computation_ready_reg[10]/C is not reached by a timing clock
Related violations: <none>

TIMING-17#209 Warning
Non-clocked sequential cell  
The clock pin handshake_v1_0_S00_AXI_inst/kmd1/signal_computation_ready_reg[1]/C is not reached by a timing clock
Related violations: <none>

TIMING-17#210 Warning
Non-clocked sequential cell  
The clock pin handshake_v1_0_S00_AXI_inst/kmd1/signal_computation_ready_reg[2]/C is not reached by a timing clock
Related violations: <none>

TIMING-17#211 Warning
Non-clocked sequential cell  
The clock pin handshake_v1_0_S00_AXI_inst/kmd1/signal_computation_ready_reg[3]/C is not reached by a timing clock
Related violations: <none>

TIMING-17#212 Warning
Non-clocked sequential cell  
The clock pin handshake_v1_0_S00_AXI_inst/kmd1/signal_computation_ready_reg[4]/C is not reached by a timing clock
Related violations: <none>

TIMING-17#213 Warning
Non-clocked sequential cell  
The clock pin handshake_v1_0_S00_AXI_inst/kmd1/signal_computation_ready_reg[5]/C is not reached by a timing clock
Related violations: <none>

TIMING-17#214 Warning
Non-clocked sequential cell  
The clock pin handshake_v1_0_S00_AXI_inst/kmd1/signal_computation_ready_reg[6]/C is not reached by a timing clock
Related violations: <none>

TIMING-17#215 Warning
Non-clocked sequential cell  
The clock pin handshake_v1_0_S00_AXI_inst/kmd1/signal_computation_ready_reg[7]/C is not reached by a timing clock
Related violations: <none>

TIMING-17#216 Warning
Non-clocked sequential cell  
The clock pin handshake_v1_0_S00_AXI_inst/kmd1/signal_computation_ready_reg[8]/C is not reached by a timing clock
Related violations: <none>

TIMING-17#217 Warning
Non-clocked sequential cell  
The clock pin handshake_v1_0_S00_AXI_inst/kmd1/signal_computation_ready_reg[9]/C is not reached by a timing clock
Related violations: <none>

TIMING-17#218 Warning
Non-clocked sequential cell  
The clock pin handshake_v1_0_S00_AXI_inst/kmd1/state_reg[0]/C is not reached by a timing clock
Related violations: <none>

TIMING-17#219 Warning
Non-clocked sequential cell  
The clock pin handshake_v1_0_S00_AXI_inst/kmd1/state_reg[1]/C is not reached by a timing clock
Related violations: <none>

TIMING-17#220 Warning
Non-clocked sequential cell  
The clock pin handshake_v1_0_S00_AXI_inst/kmd1/state_reg[2]/C is not reached by a timing clock
Related violations: <none>

TIMING-17#221 Warning
Non-clocked sequential cell  
The clock pin handshake_v1_0_S00_AXI_inst/kmd1/vector_size_reg[0]/C is not reached by a timing clock
Related violations: <none>

TIMING-17#222 Warning
Non-clocked sequential cell  
The clock pin handshake_v1_0_S00_AXI_inst/kmd1/vector_size_reg[10]/C is not reached by a timing clock
Related violations: <none>

TIMING-17#223 Warning
Non-clocked sequential cell  
The clock pin handshake_v1_0_S00_AXI_inst/kmd1/vector_size_reg[11]/C is not reached by a timing clock
Related violations: <none>

TIMING-17#224 Warning
Non-clocked sequential cell  
The clock pin handshake_v1_0_S00_AXI_inst/kmd1/vector_size_reg[12]/C is not reached by a timing clock
Related violations: <none>

TIMING-17#225 Warning
Non-clocked sequential cell  
The clock pin handshake_v1_0_S00_AXI_inst/kmd1/vector_size_reg[13]/C is not reached by a timing clock
Related violations: <none>

TIMING-17#226 Warning
Non-clocked sequential cell  
The clock pin handshake_v1_0_S00_AXI_inst/kmd1/vector_size_reg[14]/C is not reached by a timing clock
Related violations: <none>

TIMING-17#227 Warning
Non-clocked sequential cell  
The clock pin handshake_v1_0_S00_AXI_inst/kmd1/vector_size_reg[15]/C is not reached by a timing clock
Related violations: <none>

TIMING-17#228 Warning
Non-clocked sequential cell  
The clock pin handshake_v1_0_S00_AXI_inst/kmd1/vector_size_reg[1]/C is not reached by a timing clock
Related violations: <none>

TIMING-17#229 Warning
Non-clocked sequential cell  
The clock pin handshake_v1_0_S00_AXI_inst/kmd1/vector_size_reg[2]/C is not reached by a timing clock
Related violations: <none>

TIMING-17#230 Warning
Non-clocked sequential cell  
The clock pin handshake_v1_0_S00_AXI_inst/kmd1/vector_size_reg[3]/C is not reached by a timing clock
Related violations: <none>

TIMING-17#231 Warning
Non-clocked sequential cell  
The clock pin handshake_v1_0_S00_AXI_inst/kmd1/vector_size_reg[4]/C is not reached by a timing clock
Related violations: <none>

TIMING-17#232 Warning
Non-clocked sequential cell  
The clock pin handshake_v1_0_S00_AXI_inst/kmd1/vector_size_reg[5]/C is not reached by a timing clock
Related violations: <none>

TIMING-17#233 Warning
Non-clocked sequential cell  
The clock pin handshake_v1_0_S00_AXI_inst/kmd1/vector_size_reg[6]/C is not reached by a timing clock
Related violations: <none>

TIMING-17#234 Warning
Non-clocked sequential cell  
The clock pin handshake_v1_0_S00_AXI_inst/kmd1/vector_size_reg[7]/C is not reached by a timing clock
Related violations: <none>

TIMING-17#235 Warning
Non-clocked sequential cell  
The clock pin handshake_v1_0_S00_AXI_inst/kmd1/vector_size_reg[8]/C is not reached by a timing clock
Related violations: <none>

TIMING-17#236 Warning
Non-clocked sequential cell  
The clock pin handshake_v1_0_S00_AXI_inst/kmd1/vector_size_reg[9]/C is not reached by a timing clock
Related violations: <none>

TIMING-17#237 Warning
Non-clocked sequential cell  
The clock pin handshake_v1_0_S00_AXI_inst/slv_reg0_reg[0]/C is not reached by a timing clock
Related violations: <none>

TIMING-17#238 Warning
Non-clocked sequential cell  
The clock pin handshake_v1_0_S00_AXI_inst/slv_reg0_reg[10]/C is not reached by a timing clock
Related violations: <none>

TIMING-17#239 Warning
Non-clocked sequential cell  
The clock pin handshake_v1_0_S00_AXI_inst/slv_reg0_reg[11]/C is not reached by a timing clock
Related violations: <none>

TIMING-17#240 Warning
Non-clocked sequential cell  
The clock pin handshake_v1_0_S00_AXI_inst/slv_reg0_reg[12]/C is not reached by a timing clock
Related violations: <none>

TIMING-17#241 Warning
Non-clocked sequential cell  
The clock pin handshake_v1_0_S00_AXI_inst/slv_reg0_reg[13]/C is not reached by a timing clock
Related violations: <none>

TIMING-17#242 Warning
Non-clocked sequential cell  
The clock pin handshake_v1_0_S00_AXI_inst/slv_reg0_reg[14]/C is not reached by a timing clock
Related violations: <none>

TIMING-17#243 Warning
Non-clocked sequential cell  
The clock pin handshake_v1_0_S00_AXI_inst/slv_reg0_reg[15]/C is not reached by a timing clock
Related violations: <none>

TIMING-17#244 Warning
Non-clocked sequential cell  
The clock pin handshake_v1_0_S00_AXI_inst/slv_reg0_reg[16]/C is not reached by a timing clock
Related violations: <none>

TIMING-17#245 Warning
Non-clocked sequential cell  
The clock pin handshake_v1_0_S00_AXI_inst/slv_reg0_reg[17]/C is not reached by a timing clock
Related violations: <none>

TIMING-17#246 Warning
Non-clocked sequential cell  
The clock pin handshake_v1_0_S00_AXI_inst/slv_reg0_reg[18]/C is not reached by a timing clock
Related violations: <none>

TIMING-17#247 Warning
Non-clocked sequential cell  
The clock pin handshake_v1_0_S00_AXI_inst/slv_reg0_reg[19]/C is not reached by a timing clock
Related violations: <none>

TIMING-17#248 Warning
Non-clocked sequential cell  
The clock pin handshake_v1_0_S00_AXI_inst/slv_reg0_reg[1]/C is not reached by a timing clock
Related violations: <none>

TIMING-17#249 Warning
Non-clocked sequential cell  
The clock pin handshake_v1_0_S00_AXI_inst/slv_reg0_reg[20]/C is not reached by a timing clock
Related violations: <none>

TIMING-17#250 Warning
Non-clocked sequential cell  
The clock pin handshake_v1_0_S00_AXI_inst/slv_reg0_reg[21]/C is not reached by a timing clock
Related violations: <none>

TIMING-17#251 Warning
Non-clocked sequential cell  
The clock pin handshake_v1_0_S00_AXI_inst/slv_reg0_reg[22]/C is not reached by a timing clock
Related violations: <none>

TIMING-17#252 Warning
Non-clocked sequential cell  
The clock pin handshake_v1_0_S00_AXI_inst/slv_reg0_reg[23]/C is not reached by a timing clock
Related violations: <none>

TIMING-17#253 Warning
Non-clocked sequential cell  
The clock pin handshake_v1_0_S00_AXI_inst/slv_reg0_reg[24]/C is not reached by a timing clock
Related violations: <none>

TIMING-17#254 Warning
Non-clocked sequential cell  
The clock pin handshake_v1_0_S00_AXI_inst/slv_reg0_reg[25]/C is not reached by a timing clock
Related violations: <none>

TIMING-17#255 Warning
Non-clocked sequential cell  
The clock pin handshake_v1_0_S00_AXI_inst/slv_reg0_reg[26]/C is not reached by a timing clock
Related violations: <none>

TIMING-17#256 Warning
Non-clocked sequential cell  
The clock pin handshake_v1_0_S00_AXI_inst/slv_reg0_reg[27]/C is not reached by a timing clock
Related violations: <none>

TIMING-17#257 Warning
Non-clocked sequential cell  
The clock pin handshake_v1_0_S00_AXI_inst/slv_reg0_reg[28]/C is not reached by a timing clock
Related violations: <none>

TIMING-17#258 Warning
Non-clocked sequential cell  
The clock pin handshake_v1_0_S00_AXI_inst/slv_reg0_reg[29]/C is not reached by a timing clock
Related violations: <none>

TIMING-17#259 Warning
Non-clocked sequential cell  
The clock pin handshake_v1_0_S00_AXI_inst/slv_reg0_reg[2]/C is not reached by a timing clock
Related violations: <none>

TIMING-17#260 Warning
Non-clocked sequential cell  
The clock pin handshake_v1_0_S00_AXI_inst/slv_reg0_reg[30]/C is not reached by a timing clock
Related violations: <none>

TIMING-17#261 Warning
Non-clocked sequential cell  
The clock pin handshake_v1_0_S00_AXI_inst/slv_reg0_reg[31]/C is not reached by a timing clock
Related violations: <none>

TIMING-17#262 Warning
Non-clocked sequential cell  
The clock pin handshake_v1_0_S00_AXI_inst/slv_reg0_reg[3]/C is not reached by a timing clock
Related violations: <none>

TIMING-17#263 Warning
Non-clocked sequential cell  
The clock pin handshake_v1_0_S00_AXI_inst/slv_reg0_reg[4]/C is not reached by a timing clock
Related violations: <none>

TIMING-17#264 Warning
Non-clocked sequential cell  
The clock pin handshake_v1_0_S00_AXI_inst/slv_reg0_reg[5]/C is not reached by a timing clock
Related violations: <none>

TIMING-17#265 Warning
Non-clocked sequential cell  
The clock pin handshake_v1_0_S00_AXI_inst/slv_reg0_reg[6]/C is not reached by a timing clock
Related violations: <none>

TIMING-17#266 Warning
Non-clocked sequential cell  
The clock pin handshake_v1_0_S00_AXI_inst/slv_reg0_reg[7]/C is not reached by a timing clock
Related violations: <none>

TIMING-17#267 Warning
Non-clocked sequential cell  
The clock pin handshake_v1_0_S00_AXI_inst/slv_reg0_reg[8]/C is not reached by a timing clock
Related violations: <none>

TIMING-17#268 Warning
Non-clocked sequential cell  
The clock pin handshake_v1_0_S00_AXI_inst/slv_reg0_reg[9]/C is not reached by a timing clock
Related violations: <none>

TIMING-17#269 Warning
Non-clocked sequential cell  
The clock pin handshake_v1_0_S00_AXI_inst/slv_reg3_reg[0]/C is not reached by a timing clock
Related violations: <none>

TIMING-17#270 Warning
Non-clocked sequential cell  
The clock pin handshake_v1_0_S00_AXI_inst/slv_reg3_reg[10]/C is not reached by a timing clock
Related violations: <none>

TIMING-17#271 Warning
Non-clocked sequential cell  
The clock pin handshake_v1_0_S00_AXI_inst/slv_reg3_reg[11]/C is not reached by a timing clock
Related violations: <none>

TIMING-17#272 Warning
Non-clocked sequential cell  
The clock pin handshake_v1_0_S00_AXI_inst/slv_reg3_reg[12]/C is not reached by a timing clock
Related violations: <none>

TIMING-17#273 Warning
Non-clocked sequential cell  
The clock pin handshake_v1_0_S00_AXI_inst/slv_reg3_reg[13]/C is not reached by a timing clock
Related violations: <none>

TIMING-17#274 Warning
Non-clocked sequential cell  
The clock pin handshake_v1_0_S00_AXI_inst/slv_reg3_reg[14]/C is not reached by a timing clock
Related violations: <none>

TIMING-17#275 Warning
Non-clocked sequential cell  
The clock pin handshake_v1_0_S00_AXI_inst/slv_reg3_reg[15]/C is not reached by a timing clock
Related violations: <none>

TIMING-17#276 Warning
Non-clocked sequential cell  
The clock pin handshake_v1_0_S00_AXI_inst/slv_reg3_reg[16]/C is not reached by a timing clock
Related violations: <none>

TIMING-17#277 Warning
Non-clocked sequential cell  
The clock pin handshake_v1_0_S00_AXI_inst/slv_reg3_reg[17]/C is not reached by a timing clock
Related violations: <none>

TIMING-17#278 Warning
Non-clocked sequential cell  
The clock pin handshake_v1_0_S00_AXI_inst/slv_reg3_reg[18]/C is not reached by a timing clock
Related violations: <none>

TIMING-17#279 Warning
Non-clocked sequential cell  
The clock pin handshake_v1_0_S00_AXI_inst/slv_reg3_reg[19]/C is not reached by a timing clock
Related violations: <none>

TIMING-17#280 Warning
Non-clocked sequential cell  
The clock pin handshake_v1_0_S00_AXI_inst/slv_reg3_reg[1]/C is not reached by a timing clock
Related violations: <none>

TIMING-17#281 Warning
Non-clocked sequential cell  
The clock pin handshake_v1_0_S00_AXI_inst/slv_reg3_reg[20]/C is not reached by a timing clock
Related violations: <none>

TIMING-17#282 Warning
Non-clocked sequential cell  
The clock pin handshake_v1_0_S00_AXI_inst/slv_reg3_reg[21]/C is not reached by a timing clock
Related violations: <none>

TIMING-17#283 Warning
Non-clocked sequential cell  
The clock pin handshake_v1_0_S00_AXI_inst/slv_reg3_reg[22]/C is not reached by a timing clock
Related violations: <none>

TIMING-17#284 Warning
Non-clocked sequential cell  
The clock pin handshake_v1_0_S00_AXI_inst/slv_reg3_reg[23]/C is not reached by a timing clock
Related violations: <none>

TIMING-17#285 Warning
Non-clocked sequential cell  
The clock pin handshake_v1_0_S00_AXI_inst/slv_reg3_reg[24]/C is not reached by a timing clock
Related violations: <none>

TIMING-17#286 Warning
Non-clocked sequential cell  
The clock pin handshake_v1_0_S00_AXI_inst/slv_reg3_reg[25]/C is not reached by a timing clock
Related violations: <none>

TIMING-17#287 Warning
Non-clocked sequential cell  
The clock pin handshake_v1_0_S00_AXI_inst/slv_reg3_reg[26]/C is not reached by a timing clock
Related violations: <none>

TIMING-17#288 Warning
Non-clocked sequential cell  
The clock pin handshake_v1_0_S00_AXI_inst/slv_reg3_reg[27]/C is not reached by a timing clock
Related violations: <none>

TIMING-17#289 Warning
Non-clocked sequential cell  
The clock pin handshake_v1_0_S00_AXI_inst/slv_reg3_reg[28]/C is not reached by a timing clock
Related violations: <none>

TIMING-17#290 Warning
Non-clocked sequential cell  
The clock pin handshake_v1_0_S00_AXI_inst/slv_reg3_reg[29]/C is not reached by a timing clock
Related violations: <none>

TIMING-17#291 Warning
Non-clocked sequential cell  
The clock pin handshake_v1_0_S00_AXI_inst/slv_reg3_reg[2]/C is not reached by a timing clock
Related violations: <none>

TIMING-17#292 Warning
Non-clocked sequential cell  
The clock pin handshake_v1_0_S00_AXI_inst/slv_reg3_reg[30]/C is not reached by a timing clock
Related violations: <none>

TIMING-17#293 Warning
Non-clocked sequential cell  
The clock pin handshake_v1_0_S00_AXI_inst/slv_reg3_reg[31]/C is not reached by a timing clock
Related violations: <none>

TIMING-17#294 Warning
Non-clocked sequential cell  
The clock pin handshake_v1_0_S00_AXI_inst/slv_reg3_reg[3]/C is not reached by a timing clock
Related violations: <none>

TIMING-17#295 Warning
Non-clocked sequential cell  
The clock pin handshake_v1_0_S00_AXI_inst/slv_reg3_reg[4]/C is not reached by a timing clock
Related violations: <none>

TIMING-17#296 Warning
Non-clocked sequential cell  
The clock pin handshake_v1_0_S00_AXI_inst/slv_reg3_reg[5]/C is not reached by a timing clock
Related violations: <none>

TIMING-17#297 Warning
Non-clocked sequential cell  
The clock pin handshake_v1_0_S00_AXI_inst/slv_reg3_reg[6]/C is not reached by a timing clock
Related violations: <none>

TIMING-17#298 Warning
Non-clocked sequential cell  
The clock pin handshake_v1_0_S00_AXI_inst/slv_reg3_reg[7]/C is not reached by a timing clock
Related violations: <none>

TIMING-17#299 Warning
Non-clocked sequential cell  
The clock pin handshake_v1_0_S00_AXI_inst/slv_reg3_reg[8]/C is not reached by a timing clock
Related violations: <none>

TIMING-17#300 Warning
Non-clocked sequential cell  
The clock pin handshake_v1_0_S00_AXI_inst/slv_reg3_reg[9]/C is not reached by a timing clock
Related violations: <none>


