
*** Running vivado
    with args -log Cortex_A9_handshake_0_0.vds -m64 -product Vivado -mode batch -messageDb vivado.pb -notrace -source Cortex_A9_handshake_0_0.tcl


****** Vivado v2016.4 (64-bit)
  **** SW Build 1756540 on Mon Jan 23 19:11:23 MST 2017
  **** IP Build 1755317 on Mon Jan 23 20:30:07 MST 2017
    ** Copyright 1986-2016 Xilinx, Inc. All Rights Reserved.

source Cortex_A9_handshake_0_0.tcl -notrace
Command: synth_design -top Cortex_A9_handshake_0_0 -part xc7z020clg484-1 -mode out_of_context
Starting synth_design
Attempting to get a license for feature 'Synthesis' and/or device 'xc7z020'
INFO: [Common 17-349] Got license for feature 'Synthesis' and/or device 'xc7z020'
INFO: Launching helper process for spawning children vivado processes
INFO: Helper process launched with PID 8868 
---------------------------------------------------------------------------------
Starting RTL Elaboration : Time (s): cpu = 00:00:14 ; elapsed = 00:00:31 . Memory (MB): peak = 337.242 ; gain = 126.910
---------------------------------------------------------------------------------
INFO: [Synth 8-638] synthesizing module 'Cortex_A9_handshake_0_0' [c:/Users/kmd17/Documents/GitHub/Embedded_Systems_lab4_HW_SW_ACCELERATION/HWacceleration.srcs/sources_1/bd/Cortex_A9/ip/Cortex_A9_handshake_0_0_1/synth/Cortex_A9_handshake_0_0.v:57]
INFO: [Synth 8-638] synthesizing module 'handshake_v1_0' [c:/Users/kmd17/Documents/GitHub/Embedded_Systems_lab4_HW_SW_ACCELERATION/HWacceleration.srcs/sources_1/bd/Cortex_A9/ipshared/2211/hdl/handshake_v1_0.v:4]
	Parameter C_S00_AXI_DATA_WIDTH bound to: 32 - type: integer 
	Parameter C_S00_AXI_ADDR_WIDTH bound to: 4 - type: integer 
INFO: [Synth 8-638] synthesizing module 'handshake_v1_0_S00_AXI' [c:/Users/kmd17/Documents/GitHub/Embedded_Systems_lab4_HW_SW_ACCELERATION/HWacceleration.srcs/sources_1/bd/Cortex_A9/ipshared/2211/hdl/handshake_v1_0_S00_AXI.v:4]
	Parameter C_S_AXI_DATA_WIDTH bound to: 32 - type: integer 
	Parameter C_S_AXI_ADDR_WIDTH bound to: 4 - type: integer 
	Parameter ADDR_LSB bound to: 2 - type: integer 
	Parameter OPT_MEM_ADDR_BITS bound to: 1 - type: integer 
INFO: [Synth 8-226] default block is never used [c:/Users/kmd17/Documents/GitHub/Embedded_Systems_lab4_HW_SW_ACCELERATION/HWacceleration.srcs/sources_1/bd/Cortex_A9/ipshared/2211/hdl/handshake_v1_0_S00_AXI.v:175]
INFO: [Synth 8-226] default block is never used [c:/Users/kmd17/Documents/GitHub/Embedded_Systems_lab4_HW_SW_ACCELERATION/HWacceleration.srcs/sources_1/bd/Cortex_A9/ipshared/2211/hdl/handshake_v1_0_S00_AXI.v:316]
INFO: [Synth 8-638] synthesizing module 'multiplicator' [c:/Users/kmd17/Documents/GitHub/Embedded_Systems_lab4_HW_SW_ACCELERATION/HWacceleration.srcs/sources_1/bd/Cortex_A9/ipshared/2211/hdl/handshake_v1_0_S00_AXI.v:360]
	Parameter idle bound to: 3'b000 
	Parameter set_vector_size bound to: 3'b001 
	Parameter receive_vector bound to: 3'b010 
	Parameter waiting_signal bound to: 3'b011 
	Parameter computation bound to: 3'b100 
	Parameter sent_vector bound to: 3'b101 
INFO: [Synth 8-5534] Detected attribute (* ram_style = "block" *) [c:/Users/kmd17/Documents/GitHub/Embedded_Systems_lab4_HW_SW_ACCELERATION/HWacceleration.srcs/sources_1/bd/Cortex_A9/ipshared/2211/hdl/handshake_v1_0_S00_AXI.v:381]
INFO: [Synth 8-5534] Detected attribute (* ram_style = "block" *) [c:/Users/kmd17/Documents/GitHub/Embedded_Systems_lab4_HW_SW_ACCELERATION/HWacceleration.srcs/sources_1/bd/Cortex_A9/ipshared/2211/hdl/handshake_v1_0_S00_AXI.v:382]
INFO: [Synth 8-256] done synthesizing module 'multiplicator' (1#1) [c:/Users/kmd17/Documents/GitHub/Embedded_Systems_lab4_HW_SW_ACCELERATION/HWacceleration.srcs/sources_1/bd/Cortex_A9/ipshared/2211/hdl/handshake_v1_0_S00_AXI.v:360]
WARNING: [Synth 8-689] width (32) of port connection 'X' does not match port width (16) of module 'multiplicator' [c:/Users/kmd17/Documents/GitHub/Embedded_Systems_lab4_HW_SW_ACCELERATION/HWacceleration.srcs/sources_1/bd/Cortex_A9/ipshared/2211/hdl/handshake_v1_0_S00_AXI.v:349]
WARNING: [Synth 8-689] width (32) of port connection 'signal_computation_ready' does not match port width (11) of module 'multiplicator' [c:/Users/kmd17/Documents/GitHub/Embedded_Systems_lab4_HW_SW_ACCELERATION/HWacceleration.srcs/sources_1/bd/Cortex_A9/ipshared/2211/hdl/handshake_v1_0_S00_AXI.v:350]
WARNING: [Synth 8-689] width (32) of port connection 'enabler' does not match port width (16) of module 'multiplicator' [c:/Users/kmd17/Documents/GitHub/Embedded_Systems_lab4_HW_SW_ACCELERATION/HWacceleration.srcs/sources_1/bd/Cortex_A9/ipshared/2211/hdl/handshake_v1_0_S00_AXI.v:352]
INFO: [Synth 8-256] done synthesizing module 'handshake_v1_0_S00_AXI' (2#1) [c:/Users/kmd17/Documents/GitHub/Embedded_Systems_lab4_HW_SW_ACCELERATION/HWacceleration.srcs/sources_1/bd/Cortex_A9/ipshared/2211/hdl/handshake_v1_0_S00_AXI.v:4]
INFO: [Synth 8-256] done synthesizing module 'handshake_v1_0' (3#1) [c:/Users/kmd17/Documents/GitHub/Embedded_Systems_lab4_HW_SW_ACCELERATION/HWacceleration.srcs/sources_1/bd/Cortex_A9/ipshared/2211/hdl/handshake_v1_0.v:4]
INFO: [Synth 8-256] done synthesizing module 'Cortex_A9_handshake_0_0' (4#1) [c:/Users/kmd17/Documents/GitHub/Embedded_Systems_lab4_HW_SW_ACCELERATION/HWacceleration.srcs/sources_1/bd/Cortex_A9/ip/Cortex_A9_handshake_0_0_1/synth/Cortex_A9_handshake_0_0.v:57]
WARNING: [Synth 8-3331] design multiplicator has unconnected port slv_reg_wren
WARNING: [Synth 8-3331] design multiplicator has unconnected port slv_reg_rden
WARNING: [Synth 8-3331] design handshake_v1_0_S00_AXI has unconnected port S_AXI_AWPROT[2]
WARNING: [Synth 8-3331] design handshake_v1_0_S00_AXI has unconnected port S_AXI_AWPROT[1]
WARNING: [Synth 8-3331] design handshake_v1_0_S00_AXI has unconnected port S_AXI_AWPROT[0]
WARNING: [Synth 8-3331] design handshake_v1_0_S00_AXI has unconnected port S_AXI_ARPROT[2]
WARNING: [Synth 8-3331] design handshake_v1_0_S00_AXI has unconnected port S_AXI_ARPROT[1]
WARNING: [Synth 8-3331] design handshake_v1_0_S00_AXI has unconnected port S_AXI_ARPROT[0]
---------------------------------------------------------------------------------
Finished RTL Elaboration : Time (s): cpu = 00:00:15 ; elapsed = 00:00:32 . Memory (MB): peak = 374.590 ; gain = 164.258
---------------------------------------------------------------------------------

Report Check Netlist: 
+------+------------------+-------+---------+-------+------------------+
|      |Item              |Errors |Warnings |Status |Description       |
+------+------------------+-------+---------+-------+------------------+
|1     |multi_driven_nets |      0|        0|Passed |Multi driven nets |
+------+------------------+-------+---------+-------+------------------+
---------------------------------------------------------------------------------
Finished RTL Optimization Phase 1 : Time (s): cpu = 00:00:16 ; elapsed = 00:00:33 . Memory (MB): peak = 374.590 ; gain = 164.258
---------------------------------------------------------------------------------
INFO: [Device 21-403] Loading part xc7z020clg484-1
INFO: [Project 1-570] Preparing netlist for logic optimization

Processing XDC Constraints
Initializing timing engine
Completed Processing XDC Constraints

INFO: [Project 1-111] Unisim Transformation Summary:
No Unisim elements were transformed.

Constraint Validation Runtime : Time (s): cpu = 00:00:00 ; elapsed = 00:00:00.375 . Memory (MB): peak = 684.922 ; gain = 0.066
---------------------------------------------------------------------------------
Finished Constraint Validation : Time (s): cpu = 00:00:31 ; elapsed = 00:00:55 . Memory (MB): peak = 684.922 ; gain = 474.590
---------------------------------------------------------------------------------
---------------------------------------------------------------------------------
Start Loading Part and Timing Information
---------------------------------------------------------------------------------
Loading part: xc7z020clg484-1
---------------------------------------------------------------------------------
Finished Loading Part and Timing Information : Time (s): cpu = 00:00:31 ; elapsed = 00:00:55 . Memory (MB): peak = 684.922 ; gain = 474.590
---------------------------------------------------------------------------------
---------------------------------------------------------------------------------
Start Applying 'set_property' XDC Constraints
---------------------------------------------------------------------------------
---------------------------------------------------------------------------------
Finished applying 'set_property' XDC Constraints : Time (s): cpu = 00:00:31 ; elapsed = 00:00:55 . Memory (MB): peak = 684.922 ; gain = 474.590
---------------------------------------------------------------------------------
INFO: [Synth 8-5546] ROM "signal_computation_ready" won't be mapped to RAM because it is too sparse
INFO: [Synth 8-5546] ROM "nextstate" won't be mapped to RAM because it is too sparse
INFO: [Synth 8-5546] ROM "nextstate" won't be mapped to RAM because it is too sparse
---------------------------------------------------------------------------------
Finished RTL Optimization Phase 2 : Time (s): cpu = 00:00:32 ; elapsed = 00:00:55 . Memory (MB): peak = 684.922 ; gain = 474.590
---------------------------------------------------------------------------------

Report RTL Partitions: 
+-+--------------+------------+----------+
| |RTL Partition |Replication |Instances |
+-+--------------+------------+----------+
+-+--------------+------------+----------+
---------------------------------------------------------------------------------
Start RTL Component Statistics 
---------------------------------------------------------------------------------
Detailed RTL Component Info : 
+---Adders : 
	   2 Input     32 Bit       Adders := 1     
+---Registers : 
	               32 Bit    Registers := 5     
	               16 Bit    Registers := 1     
	               11 Bit    Registers := 1     
	                4 Bit    Registers := 2     
	                3 Bit    Registers := 2     
	                2 Bit    Registers := 2     
	                1 Bit    Registers := 5     
+---Multipliers : 
	                32x32  Multipliers := 1     
+---RAMs : 
	              672 Bit         RAMs := 2     
+---Muxes : 
	   7 Input     32 Bit        Muxes := 2     
	   2 Input     32 Bit        Muxes := 4     
	   4 Input     32 Bit        Muxes := 3     
	   7 Input     11 Bit        Muxes := 1     
	   8 Input      3 Bit        Muxes := 1     
	   2 Input      3 Bit        Muxes := 1     
	   2 Input      1 Bit        Muxes := 6     
	   7 Input      1 Bit        Muxes := 6     
---------------------------------------------------------------------------------
Finished RTL Component Statistics 
---------------------------------------------------------------------------------
---------------------------------------------------------------------------------
Start RTL Hierarchical Component Statistics 
---------------------------------------------------------------------------------
Hierarchical RTL Component report 
Module multiplicator 
Detailed RTL Component Info : 
+---Adders : 
	   2 Input     32 Bit       Adders := 1     
+---Registers : 
	               32 Bit    Registers := 2     
	               16 Bit    Registers := 1     
	               11 Bit    Registers := 1     
	                3 Bit    Registers := 2     
+---Multipliers : 
	                32x32  Multipliers := 1     
+---RAMs : 
	              672 Bit         RAMs := 2     
+---Muxes : 
	   7 Input     32 Bit        Muxes := 2     
	   2 Input     32 Bit        Muxes := 2     
	   7 Input     11 Bit        Muxes := 1     
	   8 Input      3 Bit        Muxes := 1     
	   2 Input      3 Bit        Muxes := 1     
	   2 Input      1 Bit        Muxes := 2     
	   7 Input      1 Bit        Muxes := 6     
Module handshake_v1_0_S00_AXI 
Detailed RTL Component Info : 
+---Registers : 
	               32 Bit    Registers := 3     
	                4 Bit    Registers := 2     
	                2 Bit    Registers := 2     
	                1 Bit    Registers := 5     
+---Muxes : 
	   2 Input     32 Bit        Muxes := 2     
	   4 Input     32 Bit        Muxes := 3     
	   2 Input      1 Bit        Muxes := 4     
---------------------------------------------------------------------------------
Finished RTL Hierarchical Component Statistics
---------------------------------------------------------------------------------
---------------------------------------------------------------------------------
Start Part Resource Summary
---------------------------------------------------------------------------------
Part Resources:
DSPs: 220 (col length:60)
BRAMs: 280 (col length: RAMB18 60 RAMB36 30)
---------------------------------------------------------------------------------
Finished Part Resource Summary
---------------------------------------------------------------------------------
---------------------------------------------------------------------------------
Start Cross Boundary and Area Optimization
---------------------------------------------------------------------------------
INFO: [Synth 8-5546] ROM "inst/handshake_v1_0_S00_AXI_inst/kmd1/signal_computation_ready" won't be mapped to RAM because it is too sparse
INFO: [Synth 8-5546] ROM "inst/handshake_v1_0_S00_AXI_inst/kmd1/nextstate" won't be mapped to RAM because it is too sparse
INFO: [Synth 8-5845] Not enough pipeline registers after wide multiplier. Recommended levels of pipeline registers is 4 [c:/Users/kmd17/Documents/GitHub/Embedded_Systems_lab4_HW_SW_ACCELERATION/HWacceleration.srcs/sources_1/bd/Cortex_A9/ipshared/2211/hdl/handshake_v1_0_S00_AXI.v:444]
DSP Report: Generating DSP inst/handshake_v1_0_S00_AXI_inst/kmd1/p_1_in, operation Mode is: A*B.
DSP Report: operator inst/handshake_v1_0_S00_AXI_inst/kmd1/p_1_in is absorbed into DSP inst/handshake_v1_0_S00_AXI_inst/kmd1/p_1_in.
DSP Report: operator inst/handshake_v1_0_S00_AXI_inst/kmd1/p_1_in is absorbed into DSP inst/handshake_v1_0_S00_AXI_inst/kmd1/p_1_in.
DSP Report: Generating DSP inst/handshake_v1_0_S00_AXI_inst/kmd1/p_1_in, operation Mode is: (PCIN>>17)+A*B.
DSP Report: operator inst/handshake_v1_0_S00_AXI_inst/kmd1/p_1_in is absorbed into DSP inst/handshake_v1_0_S00_AXI_inst/kmd1/p_1_in.
DSP Report: operator inst/handshake_v1_0_S00_AXI_inst/kmd1/p_1_in is absorbed into DSP inst/handshake_v1_0_S00_AXI_inst/kmd1/p_1_in.
DSP Report: Generating DSP inst/handshake_v1_0_S00_AXI_inst/kmd1/p_1_in, operation Mode is: A*B.
DSP Report: operator inst/handshake_v1_0_S00_AXI_inst/kmd1/p_1_in is absorbed into DSP inst/handshake_v1_0_S00_AXI_inst/kmd1/p_1_in.
DSP Report: operator inst/handshake_v1_0_S00_AXI_inst/kmd1/p_1_in is absorbed into DSP inst/handshake_v1_0_S00_AXI_inst/kmd1/p_1_in.
DSP Report: Generating DSP inst/handshake_v1_0_S00_AXI_inst/kmd1/p_1_in, operation Mode is: (PCIN>>17)+A*B.
DSP Report: operator inst/handshake_v1_0_S00_AXI_inst/kmd1/p_1_in is absorbed into DSP inst/handshake_v1_0_S00_AXI_inst/kmd1/p_1_in.
DSP Report: operator inst/handshake_v1_0_S00_AXI_inst/kmd1/p_1_in is absorbed into DSP inst/handshake_v1_0_S00_AXI_inst/kmd1/p_1_in.
WARNING: [Synth 8-3331] design Cortex_A9_handshake_0_0 has unconnected port s00_axi_awprot[2]
WARNING: [Synth 8-3331] design Cortex_A9_handshake_0_0 has unconnected port s00_axi_awprot[1]
WARNING: [Synth 8-3331] design Cortex_A9_handshake_0_0 has unconnected port s00_axi_awprot[0]
WARNING: [Synth 8-3331] design Cortex_A9_handshake_0_0 has unconnected port s00_axi_arprot[2]
WARNING: [Synth 8-3331] design Cortex_A9_handshake_0_0 has unconnected port s00_axi_arprot[1]
WARNING: [Synth 8-3331] design Cortex_A9_handshake_0_0 has unconnected port s00_axi_arprot[0]
WARNING: [Synth 8-3463] Infeasible ramstyle = block set for RAM inst/handshake_v1_0_S00_AXI_inst/kmd1/memInputX_reg,trying to implement using LUTRAM
WARNING: [Synth 8-3463] Infeasible ramstyle = block set for RAM inst/handshake_v1_0_S00_AXI_inst/kmd1/memInputX_reg,trying to implement using LUTRAM
WARNING: [Synth 8-3463] Infeasible ramstyle = block set for RAM inst/handshake_v1_0_S00_AXI_inst/kmd1/memInputY_reg,trying to implement using LUTRAM
WARNING: [Synth 8-3463] Infeasible ramstyle = block set for RAM inst/handshake_v1_0_S00_AXI_inst/kmd1/memInputY_reg,trying to implement using LUTRAM
INFO: [Synth 8-3886] merging instance 'inst/handshake_v1_0_S00_AXI_inst/axi_rresp_reg[0]' (FDRE) to 'inst/handshake_v1_0_S00_AXI_inst/axi_rresp_reg[1]'
INFO: [Synth 8-3333] propagating constant 0 across sequential element (\inst/handshake_v1_0_S00_AXI_inst/axi_rresp_reg[1] )
INFO: [Synth 8-3886] merging instance 'inst/handshake_v1_0_S00_AXI_inst/axi_bresp_reg[0]' (FDRE) to 'inst/handshake_v1_0_S00_AXI_inst/axi_bresp_reg[1]'
INFO: [Synth 8-3333] propagating constant 0 across sequential element (\inst/handshake_v1_0_S00_AXI_inst/axi_bresp_reg[1] )
INFO: [Synth 8-3332] Sequential element (inst/handshake_v1_0_S00_AXI_inst/axi_awaddr_reg[1]) is unused and will be removed from module Cortex_A9_handshake_0_0.
INFO: [Synth 8-3332] Sequential element (inst/handshake_v1_0_S00_AXI_inst/axi_awaddr_reg[0]) is unused and will be removed from module Cortex_A9_handshake_0_0.
INFO: [Synth 8-3332] Sequential element (inst/handshake_v1_0_S00_AXI_inst/axi_bresp_reg[1]) is unused and will be removed from module Cortex_A9_handshake_0_0.
INFO: [Synth 8-3332] Sequential element (inst/handshake_v1_0_S00_AXI_inst/axi_araddr_reg[1]) is unused and will be removed from module Cortex_A9_handshake_0_0.
INFO: [Synth 8-3332] Sequential element (inst/handshake_v1_0_S00_AXI_inst/axi_araddr_reg[0]) is unused and will be removed from module Cortex_A9_handshake_0_0.
INFO: [Synth 8-3332] Sequential element (inst/handshake_v1_0_S00_AXI_inst/axi_rresp_reg[1]) is unused and will be removed from module Cortex_A9_handshake_0_0.
---------------------------------------------------------------------------------
Finished Cross Boundary and Area Optimization : Time (s): cpu = 00:00:35 ; elapsed = 00:00:58 . Memory (MB): peak = 684.922 ; gain = 474.590
---------------------------------------------------------------------------------
---------------------------------------------------------------------------------
Start ROM, RAM, DSP and Shift Register Reporting
---------------------------------------------------------------------------------

Distributed RAM: Preliminary Mapping  Report (see note below)
+------------------------+-----------------------------------------------------+-----------+----------------------+-----------------+
|Module Name             | RTL Object                                          | Inference | Size (Depth x Width) | Primitives      | 
+------------------------+-----------------------------------------------------+-----------+----------------------+-----------------+
|Cortex_A9_handshake_0_0 | inst/handshake_v1_0_S00_AXI_inst/kmd1/memInputX_reg | Implied   | 32 x 16              | RAM16X1S x 64   | 
|Cortex_A9_handshake_0_0 | inst/handshake_v1_0_S00_AXI_inst/kmd1/memInputY_reg | Implied   | 32 x 32              | RAM16X1S x 64   | 
+------------------------+-----------------------------------------------------+-----------+----------------------+-----------------+

Note: The table above is a preliminary report that shows the Distributed RAMs at the current stage of the synthesis flow. Some Distributed RAMs may be reimplemented as non Distributed RAM primitives later in the synthesis flow. Multiple instantiated RAMs are reported only once.

DSP: Preliminary Mapping  Report (see note below)
+------------------------+----------------+--------+--------+--------+--------+--------+------+------+------+------+-------+------+------+
|Module Name             | DSP Mapping    | A Size | B Size | C Size | D Size | P Size | AREG | BREG | CREG | DREG | ADREG | MREG | PREG | 
+------------------------+----------------+--------+--------+--------+--------+--------+------+------+------+------+-------+------+------+
|Cortex_A9_handshake_0_0 | A*B            | 18     | 16     | -      | -      | 48     | 0    | 0    | -    | -    | -     | 0    | 0    | 
|Cortex_A9_handshake_0_0 | (PCIN>>17)+A*B | 16     | 16     | -      | -      | 48     | 0    | 0    | -    | -    | -     | 0    | 0    | 
|Cortex_A9_handshake_0_0 | A*B            | 18     | 18     | -      | -      | 48     | 0    | 0    | -    | -    | -     | 0    | 0    | 
|Cortex_A9_handshake_0_0 | (PCIN>>17)+A*B | 18     | 16     | -      | -      | 48     | 0    | 0    | -    | -    | -     | 0    | 0    | 
+------------------------+----------------+--------+--------+--------+--------+--------+------+------+------+------+-------+------+------+

Note: The table above is a preliminary report that shows the DSPs inferred at the current stage of the synthesis flow. Some DSP may be reimplemented as non DSP primitives later in the synthesis flow. Multiple instantiated DSPs are reported only once.
---------------------------------------------------------------------------------
Finished ROM, RAM, DSP and Shift Register Reporting
---------------------------------------------------------------------------------

Report RTL Partitions: 
+-+--------------+------------+----------+
| |RTL Partition |Replication |Instances |
+-+--------------+------------+----------+
+-+--------------+------------+----------+
---------------------------------------------------------------------------------
Start Timing Optimization
---------------------------------------------------------------------------------
---------------------------------------------------------------------------------
Start Applying XDC Timing Constraints
---------------------------------------------------------------------------------
---------------------------------------------------------------------------------
Finished Applying XDC Timing Constraints : Time (s): cpu = 00:01:00 ; elapsed = 00:01:27 . Memory (MB): peak = 693.223 ; gain = 482.891
---------------------------------------------------------------------------------
---------------------------------------------------------------------------------
Finished Timing Optimization : Time (s): cpu = 00:01:00 ; elapsed = 00:01:28 . Memory (MB): peak = 693.234 ; gain = 482.902
---------------------------------------------------------------------------------

Report RTL Partitions: 
+-+--------------+------------+----------+
| |RTL Partition |Replication |Instances |
+-+--------------+------------+----------+
+-+--------------+------------+----------+
---------------------------------------------------------------------------------
Start Technology Mapping
---------------------------------------------------------------------------------
---------------------------------------------------------------------------------
Finished Technology Mapping : Time (s): cpu = 00:01:00 ; elapsed = 00:01:29 . Memory (MB): peak = 713.508 ; gain = 503.176
---------------------------------------------------------------------------------

Report RTL Partitions: 
+-+--------------+------------+----------+
| |RTL Partition |Replication |Instances |
+-+--------------+------------+----------+
+-+--------------+------------+----------+
---------------------------------------------------------------------------------
Start IO Insertion
---------------------------------------------------------------------------------
---------------------------------------------------------------------------------
Start Flattening Before IO Insertion
---------------------------------------------------------------------------------
---------------------------------------------------------------------------------
Finished Flattening Before IO Insertion
---------------------------------------------------------------------------------
---------------------------------------------------------------------------------
Start Final Netlist Cleanup
---------------------------------------------------------------------------------
---------------------------------------------------------------------------------
Finished Final Netlist Cleanup
---------------------------------------------------------------------------------
---------------------------------------------------------------------------------
Finished IO Insertion : Time (s): cpu = 00:01:01 ; elapsed = 00:01:30 . Memory (MB): peak = 713.508 ; gain = 503.176
---------------------------------------------------------------------------------

Report Check Netlist: 
+------+------------------+-------+---------+-------+------------------+
|      |Item              |Errors |Warnings |Status |Description       |
+------+------------------+-------+---------+-------+------------------+
|1     |multi_driven_nets |      0|        0|Passed |Multi driven nets |
+------+------------------+-------+---------+-------+------------------+
---------------------------------------------------------------------------------
Start Renaming Generated Instances
---------------------------------------------------------------------------------
---------------------------------------------------------------------------------
Finished Renaming Generated Instances : Time (s): cpu = 00:01:01 ; elapsed = 00:01:30 . Memory (MB): peak = 713.508 ; gain = 503.176
---------------------------------------------------------------------------------

Report RTL Partitions: 
+-+--------------+------------+----------+
| |RTL Partition |Replication |Instances |
+-+--------------+------------+----------+
+-+--------------+------------+----------+
---------------------------------------------------------------------------------
Start Rebuilding User Hierarchy
---------------------------------------------------------------------------------
---------------------------------------------------------------------------------
Finished Rebuilding User Hierarchy : Time (s): cpu = 00:01:01 ; elapsed = 00:01:30 . Memory (MB): peak = 713.508 ; gain = 503.176
---------------------------------------------------------------------------------
---------------------------------------------------------------------------------
Start Renaming Generated Ports
---------------------------------------------------------------------------------
---------------------------------------------------------------------------------
Finished Renaming Generated Ports : Time (s): cpu = 00:01:01 ; elapsed = 00:01:30 . Memory (MB): peak = 713.508 ; gain = 503.176
---------------------------------------------------------------------------------
---------------------------------------------------------------------------------
Start Handling Custom Attributes
---------------------------------------------------------------------------------
---------------------------------------------------------------------------------
Finished Handling Custom Attributes : Time (s): cpu = 00:01:01 ; elapsed = 00:01:30 . Memory (MB): peak = 713.508 ; gain = 503.176
---------------------------------------------------------------------------------
---------------------------------------------------------------------------------
Start Renaming Generated Nets
---------------------------------------------------------------------------------
---------------------------------------------------------------------------------
Finished Renaming Generated Nets : Time (s): cpu = 00:01:01 ; elapsed = 00:01:30 . Memory (MB): peak = 713.508 ; gain = 503.176
---------------------------------------------------------------------------------
---------------------------------------------------------------------------------
Start Writing Synthesis Report
---------------------------------------------------------------------------------

Report BlackBoxes: 
+-+--------------+----------+
| |BlackBox name |Instances |
+-+--------------+----------+
+-+--------------+----------+

Report Cell Usage: 
+------+---------+------+
|      |Cell     |Count |
+------+---------+------+
|1     |CARRY4   |    25|
|2     |DSP48E1  |     3|
|3     |LUT1     |    34|
|4     |LUT2     |    36|
|5     |LUT3     |    33|
|6     |LUT4     |    42|
|7     |LUT5     |    61|
|8     |LUT6     |    36|
|9     |RAM16X1S |    98|
|10    |FDCE     |     3|
|11    |FDRE     |   199|
+------+---------+------+

Report Instance Areas: 
+------+--------------------------------+-----------------------+------+
|      |Instance                        |Module                 |Cells |
+------+--------------------------------+-----------------------+------+
|1     |top                             |                       |   570|
|2     |  inst                          |handshake_v1_0         |   570|
|3     |    handshake_v1_0_S00_AXI_inst |handshake_v1_0_S00_AXI |   570|
|4     |      kmd1                      |multiplicator          |   446|
+------+--------------------------------+-----------------------+------+
---------------------------------------------------------------------------------
Finished Writing Synthesis Report : Time (s): cpu = 00:01:01 ; elapsed = 00:01:30 . Memory (MB): peak = 713.508 ; gain = 503.176
---------------------------------------------------------------------------------
Synthesis finished with 0 errors, 0 critical warnings and 10 warnings.
Synthesis Optimization Runtime : Time (s): cpu = 00:00:36 ; elapsed = 00:00:58 . Memory (MB): peak = 713.508 ; gain = 141.277
Synthesis Optimization Complete : Time (s): cpu = 00:01:02 ; elapsed = 00:01:31 . Memory (MB): peak = 713.508 ; gain = 503.176
INFO: [Project 1-571] Translating synthesized netlist
INFO: [Netlist 29-17] Analyzing 126 Unisim elements for replacement
INFO: [Netlist 29-28] Unisim Transformation completed in 0 CPU seconds
INFO: [Project 1-570] Preparing netlist for logic optimization
INFO: [Opt 31-138] Pushed 0 inverter(s) to 0 load pin(s).
INFO: [Project 1-111] Unisim Transformation Summary:
  A total of 98 instances were transformed.
  RAM16X1S => RAM32X1S (RAMS32): 98 instances

INFO: [Common 17-83] Releasing license: Synthesis
39 Infos, 21 Warnings, 0 Critical Warnings and 0 Errors encountered.
synth_design completed successfully
synth_design: Time (s): cpu = 00:00:56 ; elapsed = 00:01:14 . Memory (MB): peak = 713.508 ; gain = 451.609
INFO: [Common 17-1381] The checkpoint 'C:/Users/kmd17/Documents/GitHub/Embedded_Systems_lab4_HW_SW_ACCELERATION/HWacceleration.runs/Cortex_A9_handshake_0_0_synth_1/Cortex_A9_handshake_0_0.dcp' has been generated.
