10:03:27 INFO  : Registering command handlers for SDK TCF services
10:03:27 INFO  : Launching XSCT server: xsct.bat -interactive C:\Users\kmd17\Documents\GitHub\Embedded_Systems_lab3_CustomIP\SDK_workfolder\temp_xsdb_launch_script.tcl
10:03:30 INFO  : XSCT server has started successfully.
10:03:33 INFO  : Successfully done setting XSCT server connection channel  
10:03:33 INFO  : Successfully done setting SDK workspace  
10:07:27 INFO  : Project 'Cortex_A9_wrapper_hw_platform_0' created. You can now create BSPs and application projects targeting this hardware platform.
10:15:45 INFO  : Connected to target on host '127.0.0.1' and port '3121'.
10:15:47 INFO  : 'targets -set -filter {jtag_cable_name =~ "Digilent Zed 210248650939" && level==0} -index 1' command is executed.
10:15:50 INFO  : FPGA configured successfully with bitstream "C:/Users/kmd17/Documents/GitHub/Embedded_Systems_lab3_CustomIP/SDK_workfolder/Cortex_A9_wrapper_hw_platform_0/Cortex_A9_wrapper.bit"
10:17:27 INFO  : 'targets -set -filter {jtag_cable_name =~ "Digilent Zed 210248650939" && level==0} -index 1' command is executed.
10:17:27 INFO  : 'fpga -state' command is executed.
10:17:27 INFO  : Connected to target on host '127.0.0.1' and port '3121'.
10:17:30 INFO  : Jtag cable 'Digilent Zed 210248650939' is selected.
10:17:32 INFO  : 'jtag frequency' command is executed.
10:17:32 INFO  : Sourcing of 'C:/Users/kmd17/Documents/GitHub/Embedded_Systems_lab3_CustomIP/SDK_workfolder/Cortex_A9_wrapper_hw_platform_0/ps7_init.tcl' is done.
10:17:33 INFO  : Context for 'APU' is selected.
10:17:34 INFO  : Hardware design information is loaded from 'C:/Users/kmd17/Documents/GitHub/Embedded_Systems_lab3_CustomIP/SDK_workfolder/Cortex_A9_wrapper_hw_platform_0/system.hdf'.
10:17:34 INFO  : Context for 'APU' is selected.
10:17:38 INFO  : 'stop' command is executed.
10:18:17 INFO  : 'ps7_init' command is executed.
10:18:17 INFO  : 'ps7_post_config' command is executed.
10:18:17 INFO  : Context for processor 'ps7_cortexa9_0' is selected.
10:18:18 INFO  : Processor reset is completed for 'ps7_cortexa9_0'.
10:18:18 INFO  : Context for processor 'ps7_cortexa9_0' is selected.
10:18:19 INFO  : The application 'C:/Users/kmd17/Documents/GitHub/Embedded_Systems_lab3_CustomIP/SDK_workfolder/lab3_Custom_Ip/Debug/lab3_Custom_Ip.elf' is downloaded to processor 'ps7_cortexa9_0'.
10:18:19 INFO  : ----------------XSDB Script----------------
connect -url tcp:127.0.0.1:3121
source C:/Users/kmd17/Documents/GitHub/Embedded_Systems_lab3_CustomIP/SDK_workfolder/Cortex_A9_wrapper_hw_platform_0/ps7_init.tcl
targets -set -nocase -filter {name =~"APU*" && jtag_cable_name =~ "Digilent Zed 210248650939"} -index 0
loadhw C:/Users/kmd17/Documents/GitHub/Embedded_Systems_lab3_CustomIP/SDK_workfolder/Cortex_A9_wrapper_hw_platform_0/system.hdf
targets -set -nocase -filter {name =~"APU*" && jtag_cable_name =~ "Digilent Zed 210248650939"} -index 0
stop
ps7_init
ps7_post_config
targets -set -nocase -filter {name =~ "ARM*#0" && jtag_cable_name =~ "Digilent Zed 210248650939"} -index 0
rst -processor
targets -set -nocase -filter {name =~ "ARM*#0" && jtag_cable_name =~ "Digilent Zed 210248650939"} -index 0
dow C:/Users/kmd17/Documents/GitHub/Embedded_Systems_lab3_CustomIP/SDK_workfolder/lab3_Custom_Ip/Debug/lab3_Custom_Ip.elf
----------------End of Script----------------

10:18:20 INFO  : Memory regions updated for context APU
10:18:21 INFO  : Context for processor 'ps7_cortexa9_0' is selected.
10:18:21 INFO  : 'con' command is executed.
10:18:21 INFO  : ----------------XSDB Script (After Launch)----------------
targets -set -nocase -filter {name =~ "ARM*#0" && jtag_cable_name =~ "Digilent Zed 210248650939"} -index 0
con
----------------End of Script----------------

10:18:21 INFO  : Launch script is exported to file 'C:\Users\kmd17\Documents\GitHub\Embedded_Systems_lab3_CustomIP\SDK_workfolder\.sdk\launch_scripts\xilinx_c-c++_application_(system_debugger)\system_debugger_using_debug_lab3_custom_ip.elf_on_local.tcl'
10:21:06 INFO  : Disconnected from the channel tcfchan#1.
10:21:12 INFO  : 'targets -set -filter {jtag_cable_name =~ "Digilent Zed 210248650939" && level==0} -index 1' command is executed.
10:21:15 INFO  : 'fpga -state' command is executed.
10:21:15 INFO  : Connected to target on host '127.0.0.1' and port '3121'.
10:21:17 INFO  : Jtag cable 'Digilent Zed 210248650939' is selected.
10:21:17 INFO  : 'jtag frequency' command is executed.
10:21:17 INFO  : Sourcing of 'C:/Users/kmd17/Documents/GitHub/Embedded_Systems_lab3_CustomIP/SDK_workfolder/Cortex_A9_wrapper_hw_platform_0/ps7_init.tcl' is done.
10:21:17 INFO  : Context for 'APU' is selected.
10:21:17 INFO  : Hardware design information is loaded from 'C:/Users/kmd17/Documents/GitHub/Embedded_Systems_lab3_CustomIP/SDK_workfolder/Cortex_A9_wrapper_hw_platform_0/system.hdf'.
10:21:18 INFO  : Context for 'APU' is selected.
10:21:20 INFO  : 'stop' command is executed.
10:22:54 INFO  : 'ps7_init' command is executed.
10:22:54 INFO  : 'ps7_post_config' command is executed.
10:22:54 INFO  : Context for processor 'ps7_cortexa9_0' is selected.
10:22:56 INFO  : Processor reset is completed for 'ps7_cortexa9_0'.
10:22:56 INFO  : Context for processor 'ps7_cortexa9_0' is selected.
10:22:56 INFO  : The application 'C:/Users/kmd17/Documents/GitHub/Embedded_Systems_lab3_CustomIP/SDK_workfolder/lab3_Custom_Ip/Debug/lab3_Custom_Ip.elf' is downloaded to processor 'ps7_cortexa9_0'.
10:22:56 INFO  : ----------------XSDB Script----------------
connect -url tcp:127.0.0.1:3121
source C:/Users/kmd17/Documents/GitHub/Embedded_Systems_lab3_CustomIP/SDK_workfolder/Cortex_A9_wrapper_hw_platform_0/ps7_init.tcl
targets -set -nocase -filter {name =~"APU*" && jtag_cable_name =~ "Digilent Zed 210248650939"} -index 0
loadhw C:/Users/kmd17/Documents/GitHub/Embedded_Systems_lab3_CustomIP/SDK_workfolder/Cortex_A9_wrapper_hw_platform_0/system.hdf
targets -set -nocase -filter {name =~"APU*" && jtag_cable_name =~ "Digilent Zed 210248650939"} -index 0
stop
ps7_init
ps7_post_config
targets -set -nocase -filter {name =~ "ARM*#0" && jtag_cable_name =~ "Digilent Zed 210248650939"} -index 0
rst -processor
targets -set -nocase -filter {name =~ "ARM*#0" && jtag_cable_name =~ "Digilent Zed 210248650939"} -index 0
dow C:/Users/kmd17/Documents/GitHub/Embedded_Systems_lab3_CustomIP/SDK_workfolder/lab3_Custom_Ip/Debug/lab3_Custom_Ip.elf
----------------End of Script----------------

10:22:56 INFO  : Memory regions updated for context APU
10:22:57 INFO  : Context for processor 'ps7_cortexa9_0' is selected.
10:22:57 INFO  : 'con' command is executed.
10:22:57 INFO  : ----------------XSDB Script (After Launch)----------------
targets -set -nocase -filter {name =~ "ARM*#0" && jtag_cable_name =~ "Digilent Zed 210248650939"} -index 0
con
----------------End of Script----------------

10:22:57 INFO  : Launch script is exported to file 'C:\Users\kmd17\Documents\GitHub\Embedded_Systems_lab3_CustomIP\SDK_workfolder\.sdk\launch_scripts\xilinx_c-c++_application_(system_debugger)\system_debugger_using_debug_lab3_custom_ip.elf_on_local.tcl'
10:32:07 INFO  : SDK has detected change in the last modified timestamps for source hardware specification file Source:1490859079697,  Project:1490857453389
10:32:07 INFO  : Project Cortex_A9_wrapper_hw_platform_0's source hardware specification located at C:\Users\kmd17\Documents\GitHub\Embedded_Systems_lab3_CustomIP\CustomIP.sdk\Cortex_A9_wrapper.hdf is now different from the local copy.
		 The local copy will be replaced with the source specification and your workspace will be updated.
10:32:28 INFO  : Copied contents of C:\Users\kmd17\Documents\GitHub\Embedded_Systems_lab3_CustomIP\CustomIP.sdk\Cortex_A9_wrapper.hdf into \Cortex_A9_wrapper_hw_platform_0\system.hdf.
10:32:33 INFO  : Synchronizing projects in the workspace with the hardware platform specification changes.
10:32:38 INFO  : 
10:32:39 INFO  : Updating hardware inferred compiler options for lab3_Custom_Ip.
10:32:39 INFO  : Clearing existing target manager status.
10:32:39 INFO  : Closing and re-opening the MSS file of ther project lab3_Custom_Ip_bsp
10:32:40 INFO  : Closing and re-opening the MSS file of ther project lab3_Custom_Ip_bsp
10:32:40 INFO  : Closing and re-opening the MSS file of ther project lab3_Custom_Ip_bsp
10:32:40 INFO  : Workspace synchronized with the new hardware specification file. Cleaning dependent projects...
10:32:41 WARN  : Linker script will not be updated automatically. Users need to update it manually.
10:33:12 INFO  : Disconnected from the channel tcfchan#2.
10:33:14 INFO  : 'targets -set -filter {jtag_cable_name =~ "Digilent Zed 210248650939" && level==0} -index 1' command is executed.
10:33:14 INFO  : 'fpga -state' command is executed.
10:33:14 INFO  : Connected to target on host '127.0.0.1' and port '3121'.
10:33:14 INFO  : Jtag cable 'Digilent Zed 210248650939' is selected.
10:33:14 INFO  : 'jtag frequency' command is executed.
10:33:14 INFO  : Sourcing of 'C:/Users/kmd17/Documents/GitHub/Embedded_Systems_lab3_CustomIP/SDK_workfolder/Cortex_A9_wrapper_hw_platform_0/ps7_init.tcl' is done.
10:33:15 INFO  : Context for 'APU' is selected.
10:33:16 INFO  : Hardware design information is loaded from 'C:/Users/kmd17/Documents/GitHub/Embedded_Systems_lab3_CustomIP/SDK_workfolder/Cortex_A9_wrapper_hw_platform_0/system.hdf'.
10:33:16 INFO  : Context for 'APU' is selected.
10:33:16 INFO  : 'stop' command is executed.
10:33:56 INFO  : 'ps7_init' command is executed.
10:33:56 INFO  : 'ps7_post_config' command is executed.
10:33:56 INFO  : Context for processor 'ps7_cortexa9_0' is selected.
10:33:59 INFO  : Processor reset is completed for 'ps7_cortexa9_0'.
10:34:00 INFO  : Context for processor 'ps7_cortexa9_0' is selected.
10:34:07 INFO  : The application 'C:/Users/kmd17/Documents/GitHub/Embedded_Systems_lab3_CustomIP/SDK_workfolder/lab3_Custom_Ip/Debug/lab3_Custom_Ip.elf' is downloaded to processor 'ps7_cortexa9_0'.
10:34:07 INFO  : ----------------XSDB Script----------------
connect -url tcp:127.0.0.1:3121
source C:/Users/kmd17/Documents/GitHub/Embedded_Systems_lab3_CustomIP/SDK_workfolder/Cortex_A9_wrapper_hw_platform_0/ps7_init.tcl
targets -set -nocase -filter {name =~"APU*" && jtag_cable_name =~ "Digilent Zed 210248650939"} -index 0
loadhw C:/Users/kmd17/Documents/GitHub/Embedded_Systems_lab3_CustomIP/SDK_workfolder/Cortex_A9_wrapper_hw_platform_0/system.hdf
targets -set -nocase -filter {name =~"APU*" && jtag_cable_name =~ "Digilent Zed 210248650939"} -index 0
stop
ps7_init
ps7_post_config
targets -set -nocase -filter {name =~ "ARM*#0" && jtag_cable_name =~ "Digilent Zed 210248650939"} -index 0
rst -processor
targets -set -nocase -filter {name =~ "ARM*#0" && jtag_cable_name =~ "Digilent Zed 210248650939"} -index 0
dow C:/Users/kmd17/Documents/GitHub/Embedded_Systems_lab3_CustomIP/SDK_workfolder/lab3_Custom_Ip/Debug/lab3_Custom_Ip.elf
----------------End of Script----------------

10:34:07 INFO  : Memory regions updated for context APU
10:34:08 INFO  : Context for processor 'ps7_cortexa9_0' is selected.
10:34:08 INFO  : 'con' command is executed.
10:34:08 INFO  : ----------------XSDB Script (After Launch)----------------
targets -set -nocase -filter {name =~ "ARM*#0" && jtag_cable_name =~ "Digilent Zed 210248650939"} -index 0
con
----------------End of Script----------------

10:34:08 INFO  : Launch script is exported to file 'C:\Users\kmd17\Documents\GitHub\Embedded_Systems_lab3_CustomIP\SDK_workfolder\.sdk\launch_scripts\xilinx_c-c++_application_(system_debugger)\system_debugger_using_debug_lab3_custom_ip.elf_on_local.tcl'
10:40:48 INFO  : Connected to target on host '127.0.0.1' and port '3121'.
10:40:48 INFO  : 'targets -set -filter {jtag_cable_name =~ "Digilent Zed 210248650939" && level==0} -index 1' command is executed.
10:40:52 INFO  : FPGA configured successfully with bitstream "C:/Users/kmd17/Documents/GitHub/Embedded_Systems_lab3_CustomIP/SDK_workfolder/Cortex_A9_wrapper_hw_platform_0/Cortex_A9_wrapper.bit"
10:42:00 INFO  : Connected to target on host '127.0.0.1' and port '3121'.
10:42:01 INFO  : 'targets -set -filter {jtag_cable_name =~ "Digilent Zed 210248650939" && level==0} -index 1' command is executed.
10:42:04 INFO  : FPGA configured successfully with bitstream "C:/Users/kmd17/Documents/GitHub/Embedded_Systems_lab3_CustomIP/SDK_workfolder/Cortex_A9_wrapper_hw_platform_0/Cortex_A9_wrapper.bit"
10:42:12 INFO  : Disconnected from the channel tcfchan#3.
10:42:13 INFO  : 'targets -set -filter {jtag_cable_name =~ "Digilent Zed 210248650939" && level==0} -index 1' command is executed.
10:42:13 INFO  : 'fpga -state' command is executed.
10:42:13 INFO  : Connected to target on host '127.0.0.1' and port '3121'.
10:42:14 INFO  : Jtag cable 'Digilent Zed 210248650939' is selected.
10:42:14 INFO  : 'jtag frequency' command is executed.
10:42:14 INFO  : Sourcing of 'C:/Users/kmd17/Documents/GitHub/Embedded_Systems_lab3_CustomIP/SDK_workfolder/Cortex_A9_wrapper_hw_platform_0/ps7_init.tcl' is done.
10:42:14 INFO  : Context for 'APU' is selected.
10:42:14 INFO  : Hardware design information is loaded from 'C:/Users/kmd17/Documents/GitHub/Embedded_Systems_lab3_CustomIP/SDK_workfolder/Cortex_A9_wrapper_hw_platform_0/system.hdf'.
10:42:17 ERROR : no targets found with "name =~"APU*" && jtag_cable_name =~ "Digilent Zed 210248650939"". available targets: none
10:42:17 INFO  : ----------------XSDB Script----------------
connect -url tcp:127.0.0.1:3121
source C:/Users/kmd17/Documents/GitHub/Embedded_Systems_lab3_CustomIP/SDK_workfolder/Cortex_A9_wrapper_hw_platform_0/ps7_init.tcl
targets -set -nocase -filter {name =~"APU*" && jtag_cable_name =~ "Digilent Zed 210248650939"} -index 0
loadhw C:/Users/kmd17/Documents/GitHub/Embedded_Systems_lab3_CustomIP/SDK_workfolder/Cortex_A9_wrapper_hw_platform_0/system.hdf
targets -set -nocase -filter {name =~"APU*" && jtag_cable_name =~ "Digilent Zed 210248650939"} -index 0
----------------End of Script----------------

10:43:11 INFO  : Connected to target on host '127.0.0.1' and port '3121'.
10:43:13 INFO  : 'targets -set -filter {jtag_cable_name =~ "Digilent Zed 210248650939" && level==0} -index 1' command is executed.
10:43:17 INFO  : FPGA configured successfully with bitstream "C:/Users/kmd17/Documents/GitHub/Embedded_Systems_lab3_CustomIP/SDK_workfolder/Cortex_A9_wrapper_hw_platform_0/Cortex_A9_wrapper.bit"
10:43:39 INFO  : Connected to target on host '127.0.0.1' and port '3121'.
10:43:44 INFO  : 'targets -set -filter {jtag_cable_name =~ "Digilent Zed 210248650939" && level==0} -index 1' command is executed.
10:43:54 INFO  : FPGA configured successfully with bitstream "C:/Users/kmd17/Documents/GitHub/Embedded_Systems_lab3_CustomIP/SDK_workfolder/Cortex_A9_wrapper_hw_platform_0/Cortex_A9_wrapper.bit"
10:43:58 INFO  : 'targets -set -filter {jtag_cable_name =~ "Digilent Zed 210248650939" && level==0} -index 1' command is executed.
10:44:00 INFO  : 'fpga -state' command is executed.
10:44:00 INFO  : Connected to target on host '127.0.0.1' and port '3121'.
10:44:02 INFO  : Jtag cable 'Digilent Zed 210248650939' is selected.
10:44:02 INFO  : 'jtag frequency' command is executed.
10:44:02 INFO  : Sourcing of 'C:/Users/kmd17/Documents/GitHub/Embedded_Systems_lab3_CustomIP/SDK_workfolder/Cortex_A9_wrapper_hw_platform_0/ps7_init.tcl' is done.
10:44:02 INFO  : Context for 'APU' is selected.
10:44:04 INFO  : Hardware design information is loaded from 'C:/Users/kmd17/Documents/GitHub/Embedded_Systems_lab3_CustomIP/SDK_workfolder/Cortex_A9_wrapper_hw_platform_0/system.hdf'.
10:44:05 INFO  : Context for 'APU' is selected.
10:44:10 INFO  : 'stop' command is executed.
10:45:16 INFO  : 'ps7_init' command is executed.
10:45:16 INFO  : 'ps7_post_config' command is executed.
10:45:16 INFO  : 'targets -set -filter {jtag_cable_name =~ "Digilent Zed 210248650939" && level==0} -index 1' command is executed.
10:45:16 INFO  : Context for processor 'ps7_cortexa9_0' is selected.
10:45:17 INFO  : 'fpga -state' command is executed.
10:45:24 INFO  : Processor reset is completed for 'ps7_cortexa9_0'.
10:45:24 INFO  : Connected to target on host '127.0.0.1' and port '3121'.
10:45:24 INFO  : Context for processor 'ps7_cortexa9_0' is selected.
10:45:28 INFO  : The application 'C:/Users/kmd17/Documents/GitHub/Embedded_Systems_lab3_CustomIP/SDK_workfolder/lab3_Custom_Ip/Debug/lab3_Custom_Ip.elf' is downloaded to processor 'ps7_cortexa9_0'.
10:45:28 INFO  : ----------------XSDB Script----------------
connect -url tcp:127.0.0.1:3121
source C:/Users/kmd17/Documents/GitHub/Embedded_Systems_lab3_CustomIP/SDK_workfolder/Cortex_A9_wrapper_hw_platform_0/ps7_init.tcl
targets -set -nocase -filter {name =~"APU*" && jtag_cable_name =~ "Digilent Zed 210248650939"} -index 0
loadhw C:/Users/kmd17/Documents/GitHub/Embedded_Systems_lab3_CustomIP/SDK_workfolder/Cortex_A9_wrapper_hw_platform_0/system.hdf
targets -set -nocase -filter {name =~"APU*" && jtag_cable_name =~ "Digilent Zed 210248650939"} -index 0
stop
ps7_init
ps7_post_config
targets -set -nocase -filter {name =~ "ARM*#0" && jtag_cable_name =~ "Digilent Zed 210248650939"} -index 0
rst -processor
targets -set -nocase -filter {name =~ "ARM*#0" && jtag_cable_name =~ "Digilent Zed 210248650939"} -index 0
dow C:/Users/kmd17/Documents/GitHub/Embedded_Systems_lab3_CustomIP/SDK_workfolder/lab3_Custom_Ip/Debug/lab3_Custom_Ip.elf
----------------End of Script----------------

10:45:28 INFO  : Memory regions updated for context APU
10:45:28 INFO  : Context for processor 'ps7_cortexa9_0' is selected.
10:45:29 INFO  : 'con' command is executed.
10:45:29 INFO  : ----------------XSDB Script (After Launch)----------------
targets -set -nocase -filter {name =~ "ARM*#0" && jtag_cable_name =~ "Digilent Zed 210248650939"} -index 0
con
----------------End of Script----------------

10:45:29 INFO  : Launch script is exported to file 'C:\Users\kmd17\Documents\GitHub\Embedded_Systems_lab3_CustomIP\SDK_workfolder\.sdk\launch_scripts\xilinx_c-c++_application_(system_debugger)\system_debugger_using_debug_lab3_custom_ip.elf_on_local.tcl'
10:45:29 INFO  : Jtag cable 'Digilent Zed 210248650939' is selected.
10:45:33 INFO  : 'jtag frequency' command is executed.
10:45:33 INFO  : Sourcing of 'C:/Users/kmd17/Documents/GitHub/Embedded_Systems_lab3_CustomIP/SDK_workfolder/Cortex_A9_wrapper_hw_platform_0/ps7_init.tcl' is done.
10:45:33 INFO  : Context for 'APU' is selected.
10:45:33 INFO  : Hardware design information is loaded from 'C:/Users/kmd17/Documents/GitHub/Embedded_Systems_lab3_CustomIP/SDK_workfolder/Cortex_A9_wrapper_hw_platform_0/system.hdf'.
10:45:34 INFO  : Context for 'APU' is selected.
10:45:36 INFO  : 'stop' command is executed.
10:46:16 INFO  : 'ps7_init' command is executed.
10:46:16 INFO  : 'ps7_post_config' command is executed.
10:46:16 INFO  : Context for processor 'ps7_cortexa9_0' is selected.
10:46:16 INFO  : Processor reset is completed for 'ps7_cortexa9_0'.
10:46:16 INFO  : Context for processor 'ps7_cortexa9_0' is selected.
10:46:16 INFO  : The application 'C:/Users/kmd17/Documents/GitHub/Embedded_Systems_lab3_CustomIP/SDK_workfolder/lab3_Custom_Ip/Debug/lab3_Custom_Ip.elf' is downloaded to processor 'ps7_cortexa9_0'.
10:46:16 INFO  : ----------------XSDB Script----------------
connect -url tcp:127.0.0.1:3121
source C:/Users/kmd17/Documents/GitHub/Embedded_Systems_lab3_CustomIP/SDK_workfolder/Cortex_A9_wrapper_hw_platform_0/ps7_init.tcl
targets -set -nocase -filter {name =~"APU*" && jtag_cable_name =~ "Digilent Zed 210248650939"} -index 0
loadhw C:/Users/kmd17/Documents/GitHub/Embedded_Systems_lab3_CustomIP/SDK_workfolder/Cortex_A9_wrapper_hw_platform_0/system.hdf
targets -set -nocase -filter {name =~"APU*" && jtag_cable_name =~ "Digilent Zed 210248650939"} -index 0
stop
ps7_init
ps7_post_config
targets -set -nocase -filter {name =~ "ARM*#0" && jtag_cable_name =~ "Digilent Zed 210248650939"} -index 0
rst -processor
targets -set -nocase -filter {name =~ "ARM*#0" && jtag_cable_name =~ "Digilent Zed 210248650939"} -index 0
dow C:/Users/kmd17/Documents/GitHub/Embedded_Systems_lab3_CustomIP/SDK_workfolder/lab3_Custom_Ip/Debug/lab3_Custom_Ip.elf
----------------End of Script----------------

10:46:17 INFO  : Memory regions updated for context APU
10:46:17 INFO  : Context for processor 'ps7_cortexa9_0' is selected.
10:46:17 INFO  : 'con' command is executed.
10:46:17 INFO  : ----------------XSDB Script (After Launch)----------------
targets -set -nocase -filter {name =~ "ARM*#0" && jtag_cable_name =~ "Digilent Zed 210248650939"} -index 0
con
----------------End of Script----------------

10:46:17 INFO  : Launch script is exported to file 'C:\Users\kmd17\Documents\GitHub\Embedded_Systems_lab3_CustomIP\SDK_workfolder\.sdk\launch_scripts\xilinx_c-c++_application_(system_debugger)\system_debugger_using_debug_lab3_custom_ip.elf_on_local.tcl'
11:17:52 INFO  : Connected to target on host '127.0.0.1' and port '3121'.
11:17:52 INFO  : 'targets -set -filter {jtag_cable_name =~ "Digilent Zed 210248650939" && level==0} -index 1' command is executed.
11:18:03 INFO  : FPGA configured successfully with bitstream "C:/Users/kmd17/Documents/GitHub/Embedded_Systems_lab3_CustomIP/SDK_workfolder/Cortex_A9_wrapper_hw_platform_0/Cortex_A9_wrapper.bit"
11:18:10 INFO  : Disconnected from the channel tcfchan#4.
11:18:15 INFO  : 'targets -set -filter {jtag_cable_name =~ "Digilent Zed 210248650939" && level==0} -index 1' command is executed.
11:18:18 INFO  : 'fpga -state' command is executed.
11:18:18 INFO  : Connected to target on host '127.0.0.1' and port '3121'.
11:18:20 INFO  : Jtag cable 'Digilent Zed 210248650939' is selected.
11:18:21 INFO  : 'jtag frequency' command is executed.
11:18:21 INFO  : Sourcing of 'C:/Users/kmd17/Documents/GitHub/Embedded_Systems_lab3_CustomIP/SDK_workfolder/Cortex_A9_wrapper_hw_platform_0/ps7_init.tcl' is done.
11:18:22 INFO  : Context for 'APU' is selected.
11:18:22 INFO  : Hardware design information is loaded from 'C:/Users/kmd17/Documents/GitHub/Embedded_Systems_lab3_CustomIP/SDK_workfolder/Cortex_A9_wrapper_hw_platform_0/system.hdf'.
11:18:22 INFO  : Context for 'APU' is selected.
11:18:24 INFO  : 'stop' command is executed.
11:18:59 INFO  : 'ps7_init' command is executed.
11:19:00 INFO  : 'ps7_post_config' command is executed.
11:19:00 INFO  : Context for processor 'ps7_cortexa9_0' is selected.
11:19:00 INFO  : Processor reset is completed for 'ps7_cortexa9_0'.
11:19:00 INFO  : Context for processor 'ps7_cortexa9_0' is selected.
11:19:03 ERROR : Memory write error at 0x100000. AP transaction timeout
11:19:03 INFO  : ----------------XSDB Script----------------
connect -url tcp:127.0.0.1:3121
source C:/Users/kmd17/Documents/GitHub/Embedded_Systems_lab3_CustomIP/SDK_workfolder/Cortex_A9_wrapper_hw_platform_0/ps7_init.tcl
targets -set -nocase -filter {name =~"APU*" && jtag_cable_name =~ "Digilent Zed 210248650939"} -index 0
loadhw C:/Users/kmd17/Documents/GitHub/Embedded_Systems_lab3_CustomIP/SDK_workfolder/Cortex_A9_wrapper_hw_platform_0/system.hdf
targets -set -nocase -filter {name =~"APU*" && jtag_cable_name =~ "Digilent Zed 210248650939"} -index 0
stop
ps7_init
ps7_post_config
targets -set -nocase -filter {name =~ "ARM*#0" && jtag_cable_name =~ "Digilent Zed 210248650939"} -index 0
rst -processor
targets -set -nocase -filter {name =~ "ARM*#0" && jtag_cable_name =~ "Digilent Zed 210248650939"} -index 0
dow C:/Users/kmd17/Documents/GitHub/Embedded_Systems_lab3_CustomIP/SDK_workfolder/lab3_Custom_Ip/Debug/lab3_Custom_Ip.elf
----------------End of Script----------------

11:22:27 INFO  : Connected to target on host '127.0.0.1' and port '3121'.
11:22:27 INFO  : 'targets -set -filter {jtag_cable_name =~ "Digilent Zed 210248650939" && level==0} -index 1' command is executed.
11:22:27 ERROR : Cannot find memory context of target ARM_DAP
11:22:46 INFO  : Connected to target on host '127.0.0.1' and port '3121'.
11:22:46 INFO  : 'targets -set -filter {jtag_cable_name =~ "Digilent Zed 210248650939" && level==0} -index 1' command is executed.
11:22:47 ERROR : Cannot find memory context of target ARM_DAP
11:23:00 INFO  : Connected to target on host '127.0.0.1' and port '3121'.
11:23:01 INFO  : 'targets -set -filter {jtag_cable_name =~ "Digilent Zed 210248650939" && level==0} -index 1' command is executed.
11:23:01 ERROR : Cannot find memory context of target ARM_DAP
11:23:18 INFO  : Connected to target on host '127.0.0.1' and port '3121'.
11:23:20 INFO  : 'targets -set -filter {jtag_cable_name =~ "Digilent Zed 210248650939" && level==0} -index 1' command is executed.
11:23:22 INFO  : FPGA configured successfully with bitstream "C:/Users/kmd17/Documents/GitHub/Embedded_Systems_lab3_CustomIP/SDK_workfolder/Cortex_A9_wrapper_hw_platform_0/Cortex_A9_wrapper.bit"
11:23:28 INFO  : 'targets -set -filter {jtag_cable_name =~ "Digilent Zed 210248650939" && level==0} -index 1' command is executed.
11:23:28 INFO  : 'fpga -state' command is executed.
11:23:29 INFO  : Connected to target on host '127.0.0.1' and port '3121'.
11:23:29 INFO  : Jtag cable 'Digilent Zed 210248650939' is selected.
11:23:30 INFO  : 'jtag frequency' command is executed.
11:23:30 INFO  : Sourcing of 'C:/Users/kmd17/Documents/GitHub/Embedded_Systems_lab3_CustomIP/SDK_workfolder/Cortex_A9_wrapper_hw_platform_0/ps7_init.tcl' is done.
11:23:32 INFO  : Context for 'APU' is selected.
11:23:32 INFO  : Hardware design information is loaded from 'C:/Users/kmd17/Documents/GitHub/Embedded_Systems_lab3_CustomIP/SDK_workfolder/Cortex_A9_wrapper_hw_platform_0/system.hdf'.
11:23:32 INFO  : Context for 'APU' is selected.
11:23:33 INFO  : 'stop' command is executed.
11:23:48 INFO  : 'ps7_init' command is executed.
11:23:48 INFO  : 'ps7_post_config' command is executed.
11:23:48 INFO  : Context for processor 'ps7_cortexa9_0' is selected.
11:23:49 INFO  : Processor reset is completed for 'ps7_cortexa9_0'.
11:23:50 INFO  : Context for processor 'ps7_cortexa9_0' is selected.
11:23:52 INFO  : The application 'C:/Users/kmd17/Documents/GitHub/Embedded_Systems_lab3_CustomIP/SDK_workfolder/lab3_Custom_Ip/Debug/lab3_Custom_Ip.elf' is downloaded to processor 'ps7_cortexa9_0'.
11:23:52 INFO  : ----------------XSDB Script----------------
connect -url tcp:127.0.0.1:3121
source C:/Users/kmd17/Documents/GitHub/Embedded_Systems_lab3_CustomIP/SDK_workfolder/Cortex_A9_wrapper_hw_platform_0/ps7_init.tcl
targets -set -nocase -filter {name =~"APU*" && jtag_cable_name =~ "Digilent Zed 210248650939"} -index 0
loadhw C:/Users/kmd17/Documents/GitHub/Embedded_Systems_lab3_CustomIP/SDK_workfolder/Cortex_A9_wrapper_hw_platform_0/system.hdf
targets -set -nocase -filter {name =~"APU*" && jtag_cable_name =~ "Digilent Zed 210248650939"} -index 0
stop
ps7_init
ps7_post_config
targets -set -nocase -filter {name =~ "ARM*#0" && jtag_cable_name =~ "Digilent Zed 210248650939"} -index 0
rst -processor
targets -set -nocase -filter {name =~ "ARM*#0" && jtag_cable_name =~ "Digilent Zed 210248650939"} -index 0
dow C:/Users/kmd17/Documents/GitHub/Embedded_Systems_lab3_CustomIP/SDK_workfolder/lab3_Custom_Ip/Debug/lab3_Custom_Ip.elf
----------------End of Script----------------

11:23:52 INFO  : Memory regions updated for context APU
11:23:53 INFO  : Context for processor 'ps7_cortexa9_0' is selected.
11:23:53 INFO  : 'con' command is executed.
11:23:53 INFO  : ----------------XSDB Script (After Launch)----------------
targets -set -nocase -filter {name =~ "ARM*#0" && jtag_cable_name =~ "Digilent Zed 210248650939"} -index 0
con
----------------End of Script----------------

11:23:53 INFO  : Launch script is exported to file 'C:\Users\kmd17\Documents\GitHub\Embedded_Systems_lab3_CustomIP\SDK_workfolder\.sdk\launch_scripts\xilinx_c-c++_application_(system_debugger)\system_debugger_using_debug_lab3_custom_ip.elf_on_local.tcl'
11:24:33 INFO  : Disconnected from the channel tcfchan#5.
11:24:36 ERROR : Unexpected error while parsing XMD response ?: com.google.gson.JsonSyntaxException: com.google.gson.stream.MalformedJsonException: invalid number or unquoted string near 
17:19:20 INFO  : Registering command handlers for SDK TCF services
17:19:20 INFO  : Launching XSCT server: xsct.bat -interactive C:\Users\kmd17\Documents\GitHub\Embedded_Systems_lab3_CustomIP\SDK_workfolder\temp_xsdb_launch_script.tcl
17:19:23 INFO  : XSCT server has started successfully.
17:19:27 INFO  : Successfully done setting XSCT server connection channel  
17:19:27 INFO  : Successfully done setting SDK workspace  
12:32:49 INFO  : Registering command handlers for SDK TCF services
12:32:51 INFO  : Launching XSCT server: xsct.bat -interactive C:\Users\kmd17\Documents\GitHub\Embedded_Systems_lab3_CustomIP\SDK_workfolder\temp_xsdb_launch_script.tcl
12:32:54 INFO  : XSCT server has started successfully.
12:32:57 INFO  : Successfully done setting XSCT server connection channel  
12:32:57 INFO  : Successfully done setting SDK workspace  
12:35:38 INFO  : SDK has detected change in the last modified timestamps for source hardware specification file Source:1491125638730,  Project:1490859079697
12:35:38 INFO  : Project Cortex_A9_wrapper_hw_platform_0's source hardware specification located at C:\Users\kmd17\Documents\GitHub\Embedded_Systems_lab3_CustomIP\CustomIP.sdk\Cortex_A9_wrapper.hdf is now different from the local copy.
		 The local copy will be replaced with the source specification and your workspace will be updated.
12:35:53 INFO  : Copied contents of C:\Users\kmd17\Documents\GitHub\Embedded_Systems_lab3_CustomIP\CustomIP.sdk\Cortex_A9_wrapper.hdf into \Cortex_A9_wrapper_hw_platform_0\system.hdf.
12:36:10 INFO  : Synchronizing projects in the workspace with the hardware platform specification changes.
12:36:23 INFO  : 
12:36:24 INFO  : Updating hardware inferred compiler options for lab3_Custom_Ip.
12:36:24 INFO  : Clearing existing target manager status.
12:39:37 ERROR : Unexpected error while parsing XMD response ?: com.google.gson.JsonSyntaxException: com.google.gson.stream.MalformedJsonException: invalid number or unquoted string near 
18:20:31 INFO  : Registering command handlers for SDK TCF services
18:20:31 INFO  : Launching XSCT server: xsct.bat -interactive C:\Users\kmd17\Documents\GitHub\Embedded_Systems_lab3_CustomIP\SDK_workfolder\temp_xsdb_launch_script.tcl
18:20:34 INFO  : XSCT server has started successfully.
18:20:41 INFO  : Successfully done setting XSCT server connection channel  
18:20:41 INFO  : Successfully done setting SDK workspace  
18:31:45 INFO  : Connected to target on host '127.0.0.1' and port '3121'.
18:31:48 INFO  : 'targets -set -filter {jtag_cable_name =~ "Digilent Zed 210248650934" && level==0} -index 1' command is executed.
18:31:51 INFO  : FPGA configured successfully with bitstream "C:/Users/kmd17/Documents/GitHub/Embedded_Systems_lab3_CustomIP/SDK_workfolder/Cortex_A9_wrapper_hw_platform_0/Cortex_A9_wrapper.bit"
18:32:12 INFO  : 'targets -set -filter {jtag_cable_name =~ "Digilent Zed 210248650934" && level==0} -index 1' command is executed.
18:32:12 INFO  : 'fpga -state' command is executed.
18:32:12 INFO  : Connected to target on host '127.0.0.1' and port '3121'.
18:32:13 INFO  : Jtag cable 'Digilent Zed 210248650934' is selected.
18:32:13 INFO  : 'jtag frequency' command is executed.
18:32:13 INFO  : Sourcing of 'C:/Users/kmd17/Documents/GitHub/Embedded_Systems_lab3_CustomIP/SDK_workfolder/Cortex_A9_wrapper_hw_platform_0/ps7_init.tcl' is done.
18:32:13 INFO  : Context for 'APU' is selected.
18:32:14 INFO  : Hardware design information is loaded from 'C:/Users/kmd17/Documents/GitHub/Embedded_Systems_lab3_CustomIP/SDK_workfolder/Cortex_A9_wrapper_hw_platform_0/system.hdf'.
18:32:14 INFO  : Context for 'APU' is selected.
18:32:15 INFO  : 'stop' command is executed.
18:32:20 INFO  : 'ps7_init' command is executed.
18:32:20 INFO  : 'ps7_post_config' command is executed.
18:32:20 INFO  : Context for processor 'ps7_cortexa9_0' is selected.
18:32:21 INFO  : Processor reset is completed for 'ps7_cortexa9_0'.
18:32:21 INFO  : Context for processor 'ps7_cortexa9_0' is selected.
18:32:23 INFO  : The application 'C:/Users/kmd17/Documents/GitHub/Embedded_Systems_lab3_CustomIP/SDK_workfolder/lab3_Custom_Ip/Debug/lab3_Custom_Ip.elf' is downloaded to processor 'ps7_cortexa9_0'.
18:32:23 INFO  : ----------------XSDB Script----------------
connect -url tcp:127.0.0.1:3121
source C:/Users/kmd17/Documents/GitHub/Embedded_Systems_lab3_CustomIP/SDK_workfolder/Cortex_A9_wrapper_hw_platform_0/ps7_init.tcl
targets -set -nocase -filter {name =~"APU*" && jtag_cable_name =~ "Digilent Zed 210248650934"} -index 0
loadhw C:/Users/kmd17/Documents/GitHub/Embedded_Systems_lab3_CustomIP/SDK_workfolder/Cortex_A9_wrapper_hw_platform_0/system.hdf
targets -set -nocase -filter {name =~"APU*" && jtag_cable_name =~ "Digilent Zed 210248650934"} -index 0
stop
ps7_init
ps7_post_config
targets -set -nocase -filter {name =~ "ARM*#0" && jtag_cable_name =~ "Digilent Zed 210248650934"} -index 0
rst -processor
targets -set -nocase -filter {name =~ "ARM*#0" && jtag_cable_name =~ "Digilent Zed 210248650934"} -index 0
dow C:/Users/kmd17/Documents/GitHub/Embedded_Systems_lab3_CustomIP/SDK_workfolder/lab3_Custom_Ip/Debug/lab3_Custom_Ip.elf
----------------End of Script----------------

18:32:24 INFO  : Memory regions updated for context APU
18:32:25 INFO  : Context for processor 'ps7_cortexa9_0' is selected.
18:32:25 INFO  : 'con' command is executed.
18:32:25 INFO  : ----------------XSDB Script (After Launch)----------------
targets -set -nocase -filter {name =~ "ARM*#0" && jtag_cable_name =~ "Digilent Zed 210248650934"} -index 0
con
----------------End of Script----------------

18:32:25 INFO  : Launch script is exported to file 'C:\Users\kmd17\Documents\GitHub\Embedded_Systems_lab3_CustomIP\SDK_workfolder\.sdk\launch_scripts\xilinx_c-c++_application_(system_debugger)\system_debugger_using_debug_lab3_custom_ip.elf_on_local.tcl'
18:55:51 INFO  : SDK has detected change in the last modified timestamps for source hardware specification file Source:1491148514020,  Project:1491125638730
18:55:51 INFO  : Project Cortex_A9_wrapper_hw_platform_0's source hardware specification located at C:\Users\kmd17\Documents\GitHub\Embedded_Systems_lab3_CustomIP\CustomIP.sdk\Cortex_A9_wrapper.hdf is now different from the local copy.
		 The local copy will be replaced with the source specification and your workspace will be updated.
18:55:52 INFO  : Copied contents of C:\Users\kmd17\Documents\GitHub\Embedded_Systems_lab3_CustomIP\CustomIP.sdk\Cortex_A9_wrapper.hdf into \Cortex_A9_wrapper_hw_platform_0\system.hdf.
18:56:07 INFO  : Synchronizing projects in the workspace with the hardware platform specification changes.
18:56:14 INFO  : 
18:56:15 INFO  : Updating hardware inferred compiler options for lab3_Custom_Ip.
18:56:15 INFO  : Clearing existing target manager status.
18:56:25 INFO  : Connected to target on host '127.0.0.1' and port '3121'.
18:56:25 INFO  : 'targets -set -filter {jtag_cable_name =~ "Digilent Zed 210248650934" && level==0} -index 1' command is executed.
18:56:29 INFO  : FPGA configured successfully with bitstream "C:/Users/kmd17/Documents/GitHub/Embedded_Systems_lab3_CustomIP/SDK_workfolder/Cortex_A9_wrapper_hw_platform_0/Cortex_A9_wrapper.bit"
18:56:46 INFO  : Disconnected from the channel tcfchan#1.
18:56:49 INFO  : 'targets -set -filter {jtag_cable_name =~ "Digilent Zed 210248650934" && level==0} -index 1' command is executed.
18:56:49 INFO  : 'fpga -state' command is executed.
18:56:49 INFO  : Connected to target on host '127.0.0.1' and port '3121'.
18:56:51 INFO  : Jtag cable 'Digilent Zed 210248650934' is selected.
18:56:51 INFO  : 'jtag frequency' command is executed.
18:56:51 INFO  : Sourcing of 'C:/Users/kmd17/Documents/GitHub/Embedded_Systems_lab3_CustomIP/SDK_workfolder/Cortex_A9_wrapper_hw_platform_0/ps7_init.tcl' is done.
18:56:51 INFO  : Context for 'APU' is selected.
18:56:51 INFO  : Hardware design information is loaded from 'C:/Users/kmd17/Documents/GitHub/Embedded_Systems_lab3_CustomIP/SDK_workfolder/Cortex_A9_wrapper_hw_platform_0/system.hdf'.
18:56:51 INFO  : Context for 'APU' is selected.
18:56:53 INFO  : 'stop' command is executed.
18:57:16 INFO  : 'ps7_init' command is executed.
18:57:16 INFO  : 'ps7_post_config' command is executed.
18:57:17 INFO  : Context for processor 'ps7_cortexa9_0' is selected.
18:57:18 INFO  : Processor reset is completed for 'ps7_cortexa9_0'.
18:57:18 INFO  : Context for processor 'ps7_cortexa9_0' is selected.
18:57:21 ERROR : Memory write error at 0x100000. AP transaction timeout
18:57:21 INFO  : ----------------XSDB Script----------------
connect -url tcp:127.0.0.1:3121
source C:/Users/kmd17/Documents/GitHub/Embedded_Systems_lab3_CustomIP/SDK_workfolder/Cortex_A9_wrapper_hw_platform_0/ps7_init.tcl
targets -set -nocase -filter {name =~"APU*" && jtag_cable_name =~ "Digilent Zed 210248650934"} -index 0
loadhw C:/Users/kmd17/Documents/GitHub/Embedded_Systems_lab3_CustomIP/SDK_workfolder/Cortex_A9_wrapper_hw_platform_0/system.hdf
targets -set -nocase -filter {name =~"APU*" && jtag_cable_name =~ "Digilent Zed 210248650934"} -index 0
stop
ps7_init
ps7_post_config
targets -set -nocase -filter {name =~ "ARM*#0" && jtag_cable_name =~ "Digilent Zed 210248650934"} -index 0
rst -processor
targets -set -nocase -filter {name =~ "ARM*#0" && jtag_cable_name =~ "Digilent Zed 210248650934"} -index 0
dow C:/Users/kmd17/Documents/GitHub/Embedded_Systems_lab3_CustomIP/SDK_workfolder/lab3_Custom_Ip/Debug/lab3_Custom_Ip.elf
----------------End of Script----------------

18:57:38 INFO  : Connected to target on host '127.0.0.1' and port '3121'.
18:57:38 INFO  : 'targets -set -filter {jtag_cable_name =~ "Digilent Zed 210248650934" && level==0} -index 1' command is executed.
18:57:41 INFO  : FPGA configured successfully with bitstream "C:/Users/kmd17/Documents/GitHub/Embedded_Systems_lab3_CustomIP/SDK_workfolder/Cortex_A9_wrapper_hw_platform_0/Cortex_A9_wrapper.bit"
18:58:24 INFO  : Connected to target on host '127.0.0.1' and port '3121'.
18:58:24 INFO  : 'targets -set -filter {jtag_cable_name =~ "Digilent Zed 210248650934" && level==0} -index 1' command is executed.
18:58:28 INFO  : FPGA configured successfully with bitstream "C:/Users/kmd17/Documents/GitHub/Embedded_Systems_lab3_CustomIP/SDK_workfolder/Cortex_A9_wrapper_hw_platform_0/Cortex_A9_wrapper.bit"
18:58:32 INFO  : 'targets -set -filter {jtag_cable_name =~ "Digilent Zed 210248650934" && level==0} -index 1' command is executed.
18:58:32 INFO  : 'fpga -state' command is executed.
18:58:32 INFO  : Connected to target on host '127.0.0.1' and port '3121'.
18:58:33 INFO  : Jtag cable 'Digilent Zed 210248650934' is selected.
18:58:33 INFO  : 'jtag frequency' command is executed.
18:58:34 INFO  : Sourcing of 'C:/Users/kmd17/Documents/GitHub/Embedded_Systems_lab3_CustomIP/SDK_workfolder/Cortex_A9_wrapper_hw_platform_0/ps7_init.tcl' is done.
18:58:34 INFO  : Context for 'APU' is selected.
18:58:34 INFO  : Hardware design information is loaded from 'C:/Users/kmd17/Documents/GitHub/Embedded_Systems_lab3_CustomIP/SDK_workfolder/Cortex_A9_wrapper_hw_platform_0/system.hdf'.
18:58:34 INFO  : Context for 'APU' is selected.
18:58:35 INFO  : 'stop' command is executed.
18:58:41 INFO  : 'ps7_init' command is executed.
18:58:41 INFO  : 'ps7_post_config' command is executed.
18:58:41 INFO  : Context for processor 'ps7_cortexa9_0' is selected.
18:58:42 INFO  : Processor reset is completed for 'ps7_cortexa9_0'.
18:58:43 INFO  : Context for processor 'ps7_cortexa9_0' is selected.
18:58:43 INFO  : The application 'C:/Users/kmd17/Documents/GitHub/Embedded_Systems_lab3_CustomIP/SDK_workfolder/lab3_Custom_Ip/Debug/lab3_Custom_Ip.elf' is downloaded to processor 'ps7_cortexa9_0'.
18:58:43 INFO  : ----------------XSDB Script----------------
connect -url tcp:127.0.0.1:3121
source C:/Users/kmd17/Documents/GitHub/Embedded_Systems_lab3_CustomIP/SDK_workfolder/Cortex_A9_wrapper_hw_platform_0/ps7_init.tcl
targets -set -nocase -filter {name =~"APU*" && jtag_cable_name =~ "Digilent Zed 210248650934"} -index 0
loadhw C:/Users/kmd17/Documents/GitHub/Embedded_Systems_lab3_CustomIP/SDK_workfolder/Cortex_A9_wrapper_hw_platform_0/system.hdf
targets -set -nocase -filter {name =~"APU*" && jtag_cable_name =~ "Digilent Zed 210248650934"} -index 0
stop
ps7_init
ps7_post_config
targets -set -nocase -filter {name =~ "ARM*#0" && jtag_cable_name =~ "Digilent Zed 210248650934"} -index 0
rst -processor
targets -set -nocase -filter {name =~ "ARM*#0" && jtag_cable_name =~ "Digilent Zed 210248650934"} -index 0
dow C:/Users/kmd17/Documents/GitHub/Embedded_Systems_lab3_CustomIP/SDK_workfolder/lab3_Custom_Ip/Debug/lab3_Custom_Ip.elf
----------------End of Script----------------

18:58:44 INFO  : Memory regions updated for context APU
18:58:44 INFO  : Context for processor 'ps7_cortexa9_0' is selected.
18:58:44 INFO  : 'con' command is executed.
18:58:44 INFO  : ----------------XSDB Script (After Launch)----------------
targets -set -nocase -filter {name =~ "ARM*#0" && jtag_cable_name =~ "Digilent Zed 210248650934"} -index 0
con
----------------End of Script----------------

18:58:45 INFO  : Launch script is exported to file 'C:\Users\kmd17\Documents\GitHub\Embedded_Systems_lab3_CustomIP\SDK_workfolder\.sdk\launch_scripts\xilinx_c-c++_application_(system_debugger)\system_debugger_using_debug_lab3_custom_ip.elf_on_local.tcl'
19:19:30 INFO  : SDK has detected change in the last modified timestamps for source hardware specification file Source:1491149942076,  Project:1491148514020
19:19:30 INFO  : Project Cortex_A9_wrapper_hw_platform_0's source hardware specification located at C:\Users\kmd17\Documents\GitHub\Embedded_Systems_lab3_CustomIP\CustomIP.sdk\Cortex_A9_wrapper.hdf is now different from the local copy.
		 The local copy will be replaced with the source specification and your workspace will be updated.
19:20:01 INFO  : Copied contents of C:\Users\kmd17\Documents\GitHub\Embedded_Systems_lab3_CustomIP\CustomIP.sdk\Cortex_A9_wrapper.hdf into \Cortex_A9_wrapper_hw_platform_0\system.hdf.
19:20:17 INFO  : Synchronizing projects in the workspace with the hardware platform specification changes.
19:20:26 INFO  : 
19:20:27 INFO  : Updating hardware inferred compiler options for lab3_Custom_Ip.
19:20:28 INFO  : Clearing existing target manager status.
19:21:25 INFO  : Connected to target on host '127.0.0.1' and port '3121'.
19:21:26 INFO  : 'targets -set -filter {jtag_cable_name =~ "Digilent Zed 210248650934" && level==0} -index 1' command is executed.
19:21:29 INFO  : FPGA configured successfully with bitstream "C:/Users/kmd17/Documents/GitHub/Embedded_Systems_lab3_CustomIP/SDK_workfolder/Cortex_A9_wrapper_hw_platform_0/Cortex_A9_wrapper.bit"
19:21:54 INFO  : Disconnected from the channel tcfchan#2.
19:21:57 INFO  : 'targets -set -filter {jtag_cable_name =~ "Digilent Zed 210248650934" && level==0} -index 1' command is executed.
19:21:57 INFO  : 'fpga -state' command is executed.
19:21:57 INFO  : Connected to target on host '127.0.0.1' and port '3121'.
19:21:58 INFO  : Jtag cable 'Digilent Zed 210248650934' is selected.
19:21:59 INFO  : 'jtag frequency' command is executed.
19:21:59 INFO  : Sourcing of 'C:/Users/kmd17/Documents/GitHub/Embedded_Systems_lab3_CustomIP/SDK_workfolder/Cortex_A9_wrapper_hw_platform_0/ps7_init.tcl' is done.
19:21:59 INFO  : Context for 'APU' is selected.
19:21:59 INFO  : Hardware design information is loaded from 'C:/Users/kmd17/Documents/GitHub/Embedded_Systems_lab3_CustomIP/SDK_workfolder/Cortex_A9_wrapper_hw_platform_0/system.hdf'.
19:21:59 INFO  : Context for 'APU' is selected.
19:22:01 INFO  : 'stop' command is executed.
19:22:22 INFO  : 'ps7_init' command is executed.
19:22:23 INFO  : 'ps7_post_config' command is executed.
19:22:23 INFO  : Context for processor 'ps7_cortexa9_0' is selected.
19:22:23 INFO  : Processor reset is completed for 'ps7_cortexa9_0'.
19:22:24 INFO  : Context for processor 'ps7_cortexa9_0' is selected.
19:22:28 ERROR : Memory write error at 0x100000. AP transaction timeout
19:22:28 INFO  : ----------------XSDB Script----------------
connect -url tcp:127.0.0.1:3121
source C:/Users/kmd17/Documents/GitHub/Embedded_Systems_lab3_CustomIP/SDK_workfolder/Cortex_A9_wrapper_hw_platform_0/ps7_init.tcl
targets -set -nocase -filter {name =~"APU*" && jtag_cable_name =~ "Digilent Zed 210248650934"} -index 0
loadhw C:/Users/kmd17/Documents/GitHub/Embedded_Systems_lab3_CustomIP/SDK_workfolder/Cortex_A9_wrapper_hw_platform_0/system.hdf
targets -set -nocase -filter {name =~"APU*" && jtag_cable_name =~ "Digilent Zed 210248650934"} -index 0
stop
ps7_init
ps7_post_config
targets -set -nocase -filter {name =~ "ARM*#0" && jtag_cable_name =~ "Digilent Zed 210248650934"} -index 0
rst -processor
targets -set -nocase -filter {name =~ "ARM*#0" && jtag_cable_name =~ "Digilent Zed 210248650934"} -index 0
dow C:/Users/kmd17/Documents/GitHub/Embedded_Systems_lab3_CustomIP/SDK_workfolder/lab3_Custom_Ip/Debug/lab3_Custom_Ip.elf
----------------End of Script----------------

19:23:05 INFO  : Connected to target on host '127.0.0.1' and port '3121'.
19:23:05 INFO  : 'targets -set -filter {jtag_cable_name =~ "Digilent Zed 210248650934" && level==0} -index 1' command is executed.
19:23:08 INFO  : FPGA configured successfully with bitstream "C:/Users/kmd17/Documents/GitHub/Embedded_Systems_lab3_CustomIP/SDK_workfolder/Cortex_A9_wrapper_hw_platform_0/Cortex_A9_wrapper.bit"
19:23:13 INFO  : 'targets -set -filter {jtag_cable_name =~ "Digilent Zed 210248650934" && level==0} -index 1' command is executed.
19:23:14 INFO  : 'fpga -state' command is executed.
19:23:14 INFO  : Connected to target on host '127.0.0.1' and port '3121'.
19:23:15 INFO  : Jtag cable 'Digilent Zed 210248650934' is selected.
19:23:15 INFO  : 'jtag frequency' command is executed.
19:23:15 INFO  : Sourcing of 'C:/Users/kmd17/Documents/GitHub/Embedded_Systems_lab3_CustomIP/SDK_workfolder/Cortex_A9_wrapper_hw_platform_0/ps7_init.tcl' is done.
19:23:16 INFO  : Context for 'APU' is selected.
19:23:16 INFO  : Hardware design information is loaded from 'C:/Users/kmd17/Documents/GitHub/Embedded_Systems_lab3_CustomIP/SDK_workfolder/Cortex_A9_wrapper_hw_platform_0/system.hdf'.
19:23:16 INFO  : Context for 'APU' is selected.
19:23:17 INFO  : 'stop' command is executed.
19:23:22 INFO  : 'ps7_init' command is executed.
19:23:22 INFO  : 'ps7_post_config' command is executed.
19:23:23 INFO  : Context for processor 'ps7_cortexa9_0' is selected.
19:23:24 INFO  : Processor reset is completed for 'ps7_cortexa9_0'.
19:23:24 INFO  : Context for processor 'ps7_cortexa9_0' is selected.
19:23:25 INFO  : The application 'C:/Users/kmd17/Documents/GitHub/Embedded_Systems_lab3_CustomIP/SDK_workfolder/lab3_Custom_Ip/Debug/lab3_Custom_Ip.elf' is downloaded to processor 'ps7_cortexa9_0'.
19:23:25 INFO  : ----------------XSDB Script----------------
connect -url tcp:127.0.0.1:3121
source C:/Users/kmd17/Documents/GitHub/Embedded_Systems_lab3_CustomIP/SDK_workfolder/Cortex_A9_wrapper_hw_platform_0/ps7_init.tcl
targets -set -nocase -filter {name =~"APU*" && jtag_cable_name =~ "Digilent Zed 210248650934"} -index 0
loadhw C:/Users/kmd17/Documents/GitHub/Embedded_Systems_lab3_CustomIP/SDK_workfolder/Cortex_A9_wrapper_hw_platform_0/system.hdf
targets -set -nocase -filter {name =~"APU*" && jtag_cable_name =~ "Digilent Zed 210248650934"} -index 0
stop
ps7_init
ps7_post_config
targets -set -nocase -filter {name =~ "ARM*#0" && jtag_cable_name =~ "Digilent Zed 210248650934"} -index 0
rst -processor
targets -set -nocase -filter {name =~ "ARM*#0" && jtag_cable_name =~ "Digilent Zed 210248650934"} -index 0
dow C:/Users/kmd17/Documents/GitHub/Embedded_Systems_lab3_CustomIP/SDK_workfolder/lab3_Custom_Ip/Debug/lab3_Custom_Ip.elf
----------------End of Script----------------

19:23:25 INFO  : Memory regions updated for context APU
19:23:25 INFO  : Context for processor 'ps7_cortexa9_0' is selected.
19:23:26 INFO  : 'con' command is executed.
19:23:26 INFO  : ----------------XSDB Script (After Launch)----------------
targets -set -nocase -filter {name =~ "ARM*#0" && jtag_cable_name =~ "Digilent Zed 210248650934"} -index 0
con
----------------End of Script----------------

19:23:26 INFO  : Launch script is exported to file 'C:\Users\kmd17\Documents\GitHub\Embedded_Systems_lab3_CustomIP\SDK_workfolder\.sdk\launch_scripts\xilinx_c-c++_application_(system_debugger)\system_debugger_using_debug_lab3_custom_ip.elf_on_local.tcl'
19:38:46 INFO  : Disconnected from the channel tcfchan#3.
19:38:48 ERROR : Unexpected error while parsing XMD response ?: com.google.gson.JsonSyntaxException: com.google.gson.stream.MalformedJsonException: invalid number or unquoted string near 
09:25:34 INFO  : Registering command handlers for SDK TCF services
09:25:35 INFO  : Launching XSCT server: xsct.bat -interactive C:\Users\kmd17\Documents\GitHub\Embedded_Systems_lab3_CustomIP\SDK_workfolder\temp_xsdb_launch_script.tcl
09:25:38 INFO  : XSCT server has started successfully.
09:25:42 INFO  : Successfully done setting XSCT server connection channel  
09:25:42 INFO  : Successfully done setting SDK workspace  
09:27:05 INFO  : Connected to target on host '127.0.0.1' and port '3121'.
09:27:07 INFO  : 'targets -set -filter {jtag_cable_name =~ "Digilent Zed 210248650715" && level==0} -index 1' command is executed.
09:27:09 INFO  : FPGA configured successfully with bitstream "C:/Users/kmd17/Documents/GitHub/Embedded_Systems_lab3_CustomIP/SDK_workfolder/Cortex_A9_wrapper_hw_platform_0/Cortex_A9_wrapper.bit"
09:27:22 INFO  : 'targets -set -filter {jtag_cable_name =~ "Digilent Zed 210248650715" && level==0} -index 1' command is executed.
09:27:23 INFO  : 'fpga -state' command is executed.
09:27:23 INFO  : Connected to target on host '127.0.0.1' and port '3121'.
09:27:23 INFO  : Jtag cable 'Digilent Zed 210248650715' is selected.
09:27:23 INFO  : 'jtag frequency' command is executed.
09:27:23 INFO  : Sourcing of 'C:/Users/kmd17/Documents/GitHub/Embedded_Systems_lab3_CustomIP/SDK_workfolder/Cortex_A9_wrapper_hw_platform_0/ps7_init.tcl' is done.
09:27:24 INFO  : Context for 'APU' is selected.
09:27:24 INFO  : Hardware design information is loaded from 'C:/Users/kmd17/Documents/GitHub/Embedded_Systems_lab3_CustomIP/SDK_workfolder/Cortex_A9_wrapper_hw_platform_0/system.hdf'.
09:27:25 INFO  : Context for 'APU' is selected.
09:27:25 INFO  : 'stop' command is executed.
09:27:33 INFO  : 'ps7_init' command is executed.
09:27:33 INFO  : 'ps7_post_config' command is executed.
09:27:33 INFO  : Context for processor 'ps7_cortexa9_0' is selected.
09:27:34 INFO  : Processor reset is completed for 'ps7_cortexa9_0'.
09:27:34 INFO  : Context for processor 'ps7_cortexa9_0' is selected.
09:27:35 INFO  : The application 'C:/Users/kmd17/Documents/GitHub/Embedded_Systems_lab3_CustomIP/SDK_workfolder/lab3_Custom_Ip/Debug/lab3_Custom_Ip.elf' is downloaded to processor 'ps7_cortexa9_0'.
09:27:35 INFO  : ----------------XSDB Script----------------
connect -url tcp:127.0.0.1:3121
source C:/Users/kmd17/Documents/GitHub/Embedded_Systems_lab3_CustomIP/SDK_workfolder/Cortex_A9_wrapper_hw_platform_0/ps7_init.tcl
targets -set -nocase -filter {name =~"APU*" && jtag_cable_name =~ "Digilent Zed 210248650715"} -index 0
loadhw C:/Users/kmd17/Documents/GitHub/Embedded_Systems_lab3_CustomIP/SDK_workfolder/Cortex_A9_wrapper_hw_platform_0/system.hdf
targets -set -nocase -filter {name =~"APU*" && jtag_cable_name =~ "Digilent Zed 210248650715"} -index 0
stop
ps7_init
ps7_post_config
targets -set -nocase -filter {name =~ "ARM*#0" && jtag_cable_name =~ "Digilent Zed 210248650715"} -index 0
rst -processor
targets -set -nocase -filter {name =~ "ARM*#0" && jtag_cable_name =~ "Digilent Zed 210248650715"} -index 0
dow C:/Users/kmd17/Documents/GitHub/Embedded_Systems_lab3_CustomIP/SDK_workfolder/lab3_Custom_Ip/Debug/lab3_Custom_Ip.elf
----------------End of Script----------------

09:27:36 INFO  : Memory regions updated for context APU
09:27:37 INFO  : Context for processor 'ps7_cortexa9_0' is selected.
09:27:37 INFO  : 'con' command is executed.
09:27:37 INFO  : ----------------XSDB Script (After Launch)----------------
targets -set -nocase -filter {name =~ "ARM*#0" && jtag_cable_name =~ "Digilent Zed 210248650715"} -index 0
con
----------------End of Script----------------

09:27:37 INFO  : Launch script is exported to file 'C:\Users\kmd17\Documents\GitHub\Embedded_Systems_lab3_CustomIP\SDK_workfolder\.sdk\launch_scripts\xilinx_c-c++_application_(system_debugger)\system_debugger_using_debug_lab3_custom_ip.elf_on_local.tcl'
09:44:04 INFO  : SDK has detected change in the last modified timestamps for source hardware specification file Source:1491288200451,  Project:1491149942076
09:44:04 INFO  : Project Cortex_A9_wrapper_hw_platform_0's source hardware specification located at C:\Users\kmd17\Documents\GitHub\Embedded_Systems_lab3_CustomIP\CustomIP.sdk\Cortex_A9_wrapper.hdf is now different from the local copy.
		 The local copy will be replaced with the source specification and your workspace will be updated.
09:44:07 INFO  : Copied contents of C:\Users\kmd17\Documents\GitHub\Embedded_Systems_lab3_CustomIP\CustomIP.sdk\Cortex_A9_wrapper.hdf into \Cortex_A9_wrapper_hw_platform_0\system.hdf.
09:44:12 INFO  : Synchronizing projects in the workspace with the hardware platform specification changes.
09:44:18 INFO  : 
09:44:19 INFO  : Updating hardware inferred compiler options for lab3_Custom_Ip.
09:44:19 INFO  : Clearing existing target manager status.
09:47:34 INFO  : Connected to target on host '127.0.0.1' and port '3121'.
09:47:35 INFO  : 'targets -set -filter {jtag_cable_name =~ "Digilent Zed 210248650715" && level==0} -index 1' command is executed.
09:47:38 INFO  : FPGA configured successfully with bitstream "C:/Users/kmd17/Documents/GitHub/Embedded_Systems_lab3_CustomIP/SDK_workfolder/Cortex_A9_wrapper_hw_platform_0/Cortex_A9_wrapper.bit"
09:47:53 INFO  : Disconnected from the channel tcfchan#1.
09:47:57 INFO  : 'targets -set -filter {jtag_cable_name =~ "Digilent Zed 210248650715" && level==0} -index 1' command is executed.
09:47:57 INFO  : 'fpga -state' command is executed.
09:47:57 INFO  : Connected to target on host '127.0.0.1' and port '3121'.
09:47:58 INFO  : Jtag cable 'Digilent Zed 210248650715' is selected.
09:47:58 INFO  : 'jtag frequency' command is executed.
09:47:59 INFO  : Sourcing of 'C:/Users/kmd17/Documents/GitHub/Embedded_Systems_lab3_CustomIP/SDK_workfolder/Cortex_A9_wrapper_hw_platform_0/ps7_init.tcl' is done.
09:47:59 INFO  : Context for 'APU' is selected.
09:47:59 INFO  : Hardware design information is loaded from 'C:/Users/kmd17/Documents/GitHub/Embedded_Systems_lab3_CustomIP/SDK_workfolder/Cortex_A9_wrapper_hw_platform_0/system.hdf'.
09:47:59 INFO  : Context for 'APU' is selected.
09:48:01 INFO  : 'stop' command is executed.
09:48:17 INFO  : 'ps7_init' command is executed.
09:48:18 INFO  : 'ps7_post_config' command is executed.
09:48:18 INFO  : Context for processor 'ps7_cortexa9_0' is selected.
09:48:18 INFO  : Processor reset is completed for 'ps7_cortexa9_0'.
09:48:19 INFO  : Context for processor 'ps7_cortexa9_0' is selected.
09:48:22 ERROR : Memory write error at 0x100000. AP transaction timeout
09:48:22 INFO  : ----------------XSDB Script----------------
connect -url tcp:127.0.0.1:3121
source C:/Users/kmd17/Documents/GitHub/Embedded_Systems_lab3_CustomIP/SDK_workfolder/Cortex_A9_wrapper_hw_platform_0/ps7_init.tcl
targets -set -nocase -filter {name =~"APU*" && jtag_cable_name =~ "Digilent Zed 210248650715"} -index 0
loadhw C:/Users/kmd17/Documents/GitHub/Embedded_Systems_lab3_CustomIP/SDK_workfolder/Cortex_A9_wrapper_hw_platform_0/system.hdf
targets -set -nocase -filter {name =~"APU*" && jtag_cable_name =~ "Digilent Zed 210248650715"} -index 0
stop
ps7_init
ps7_post_config
targets -set -nocase -filter {name =~ "ARM*#0" && jtag_cable_name =~ "Digilent Zed 210248650715"} -index 0
rst -processor
targets -set -nocase -filter {name =~ "ARM*#0" && jtag_cable_name =~ "Digilent Zed 210248650715"} -index 0
dow C:/Users/kmd17/Documents/GitHub/Embedded_Systems_lab3_CustomIP/SDK_workfolder/lab3_Custom_Ip/Debug/lab3_Custom_Ip.elf
----------------End of Script----------------

09:49:36 INFO  : Connected to target on host '127.0.0.1' and port '3121'.
09:49:37 INFO  : 'targets -set -filter {jtag_cable_name =~ "Digilent Zed 210248650715" && level==0} -index 1' command is executed.
09:49:40 INFO  : FPGA configured successfully with bitstream "C:/Users/kmd17/Documents/GitHub/Embedded_Systems_lab3_CustomIP/SDK_workfolder/Cortex_A9_wrapper_hw_platform_0/Cortex_A9_wrapper.bit"
09:49:42 INFO  : 'targets -set -filter {jtag_cable_name =~ "Digilent Zed 210248650715" && level==0} -index 1' command is executed.
09:49:43 INFO  : 'fpga -state' command is executed.
09:49:43 INFO  : Connected to target on host '127.0.0.1' and port '3121'.
09:49:44 INFO  : Jtag cable 'Digilent Zed 210248650715' is selected.
09:49:44 INFO  : 'jtag frequency' command is executed.
09:49:44 INFO  : Sourcing of 'C:/Users/kmd17/Documents/GitHub/Embedded_Systems_lab3_CustomIP/SDK_workfolder/Cortex_A9_wrapper_hw_platform_0/ps7_init.tcl' is done.
09:49:45 INFO  : Context for 'APU' is selected.
09:49:45 INFO  : Hardware design information is loaded from 'C:/Users/kmd17/Documents/GitHub/Embedded_Systems_lab3_CustomIP/SDK_workfolder/Cortex_A9_wrapper_hw_platform_0/system.hdf'.
09:49:45 INFO  : Context for 'APU' is selected.
09:49:45 INFO  : 'stop' command is executed.
09:49:50 INFO  : 'ps7_init' command is executed.
09:49:51 INFO  : 'ps7_post_config' command is executed.
09:49:51 INFO  : Context for processor 'ps7_cortexa9_0' is selected.
09:49:51 INFO  : Processor reset is completed for 'ps7_cortexa9_0'.
09:49:52 INFO  : Context for processor 'ps7_cortexa9_0' is selected.
09:49:53 INFO  : The application 'C:/Users/kmd17/Documents/GitHub/Embedded_Systems_lab3_CustomIP/SDK_workfolder/lab3_Custom_Ip/Debug/lab3_Custom_Ip.elf' is downloaded to processor 'ps7_cortexa9_0'.
09:49:53 INFO  : ----------------XSDB Script----------------
connect -url tcp:127.0.0.1:3121
source C:/Users/kmd17/Documents/GitHub/Embedded_Systems_lab3_CustomIP/SDK_workfolder/Cortex_A9_wrapper_hw_platform_0/ps7_init.tcl
targets -set -nocase -filter {name =~"APU*" && jtag_cable_name =~ "Digilent Zed 210248650715"} -index 0
loadhw C:/Users/kmd17/Documents/GitHub/Embedded_Systems_lab3_CustomIP/SDK_workfolder/Cortex_A9_wrapper_hw_platform_0/system.hdf
targets -set -nocase -filter {name =~"APU*" && jtag_cable_name =~ "Digilent Zed 210248650715"} -index 0
stop
ps7_init
ps7_post_config
targets -set -nocase -filter {name =~ "ARM*#0" && jtag_cable_name =~ "Digilent Zed 210248650715"} -index 0
rst -processor
targets -set -nocase -filter {name =~ "ARM*#0" && jtag_cable_name =~ "Digilent Zed 210248650715"} -index 0
dow C:/Users/kmd17/Documents/GitHub/Embedded_Systems_lab3_CustomIP/SDK_workfolder/lab3_Custom_Ip/Debug/lab3_Custom_Ip.elf
----------------End of Script----------------

09:49:53 INFO  : Memory regions updated for context APU
09:49:53 INFO  : Context for processor 'ps7_cortexa9_0' is selected.
09:49:54 INFO  : 'con' command is executed.
09:49:54 INFO  : ----------------XSDB Script (After Launch)----------------
targets -set -nocase -filter {name =~ "ARM*#0" && jtag_cable_name =~ "Digilent Zed 210248650715"} -index 0
con
----------------End of Script----------------

09:49:54 INFO  : Launch script is exported to file 'C:\Users\kmd17\Documents\GitHub\Embedded_Systems_lab3_CustomIP\SDK_workfolder\.sdk\launch_scripts\xilinx_c-c++_application_(system_debugger)\system_debugger_using_debug_lab3_custom_ip.elf_on_local.tcl'
10:15:43 INFO  : Disconnected from the channel tcfchan#2.
10:15:45 ERROR : Unexpected error while parsing XMD response ?: com.google.gson.JsonSyntaxException: com.google.gson.stream.MalformedJsonException: invalid number or unquoted string near 
