
*** Running vivado
    with args -log Cortex_A9_rst_ps7_0_100M_0.vds -m64 -product Vivado -mode batch -messageDb vivado.pb -notrace -source Cortex_A9_rst_ps7_0_100M_0.tcl


****** Vivado v2016.4 (64-bit)
  **** SW Build 1756540 on Mon Jan 23 19:11:23 MST 2017
  **** IP Build 1755317 on Mon Jan 23 20:30:07 MST 2017
    ** Copyright 1986-2016 Xilinx, Inc. All Rights Reserved.

source Cortex_A9_rst_ps7_0_100M_0.tcl -notrace
Starting RTL Elaboration : Time (s): cpu = 00:00:12 ; elapsed = 00:00:18 . Memory (MB): peak = 336.656 ; gain = 126.738
INFO: [Synth 8-638] synthesizing module 'Cortex_A9_rst_ps7_0_100M_0' [c:/Users/kmd17/Documents/GitHub/Embedded_Systems_lab3_CustomIP/CustomIP.srcs/sources_1/bd/Cortex_A9/ip/Cortex_A9_rst_ps7_0_100M_0/synth/Cortex_A9_rst_ps7_0_100M_0.vhd:71]
INFO: [Synth 8-638] synthesizing module 'proc_sys_reset' [c:/Users/kmd17/Documents/GitHub/Embedded_Systems_lab3_CustomIP/CustomIP.srcs/sources_1/bd/Cortex_A9/ipshared/04b4/hdl/proc_sys_reset_v5_0_vh_rfs.vhd:1323]
INFO: [Synth 8-638] synthesizing module 'lpf' [c:/Users/kmd17/Documents/GitHub/Embedded_Systems_lab3_CustomIP/CustomIP.srcs/sources_1/bd/Cortex_A9/ipshared/04b4/hdl/proc_sys_reset_v5_0_vh_rfs.vhd:816]
INFO: [Synth 8-638] synthesizing module 'SRL16' [C:/Xilinx/Vivado/2016.4/scripts/rt/data/unisim_comp.v:43312]
INFO: [Synth 8-256] done synthesizing module 'SRL16' (1#1) [C:/Xilinx/Vivado/2016.4/scripts/rt/data/unisim_comp.v:43312]
INFO: [Synth 8-638] synthesizing module 'cdc_sync' [c:/Users/kmd17/Documents/GitHub/Embedded_Systems_lab3_CustomIP/CustomIP.srcs/sources_1/bd/Cortex_A9/ipshared/52cb/hdl/lib_cdc_v1_0_rfs.vhd:106]
INFO: [Synth 8-256] done synthesizing module 'cdc_sync' (2#1) [c:/Users/kmd17/Documents/GitHub/Embedded_Systems_lab3_CustomIP/CustomIP.srcs/sources_1/bd/Cortex_A9/ipshared/52cb/hdl/lib_cdc_v1_0_rfs.vhd:106]
INFO: [Synth 8-256] done synthesizing module 'lpf' (3#1) [c:/Users/kmd17/Documents/GitHub/Embedded_Systems_lab3_CustomIP/CustomIP.srcs/sources_1/bd/Cortex_A9/ipshared/04b4/hdl/proc_sys_reset_v5_0_vh_rfs.vhd:816]
INFO: [Synth 8-638] synthesizing module 'sequence_psr' [c:/Users/kmd17/Documents/GitHub/Embedded_Systems_lab3_CustomIP/CustomIP.srcs/sources_1/bd/Cortex_A9/ipshared/04b4/hdl/proc_sys_reset_v5_0_vh_rfs.vhd:301]
INFO: [Synth 8-638] synthesizing module 'upcnt_n' [c:/Users/kmd17/Documents/GitHub/Embedded_Systems_lab3_CustomIP/CustomIP.srcs/sources_1/bd/Cortex_A9/ipshared/04b4/hdl/proc_sys_reset_v5_0_vh_rfs.vhd:125]
INFO: [Synth 8-256] done synthesizing module 'upcnt_n' (4#1) [c:/Users/kmd17/Documents/GitHub/Embedded_Systems_lab3_CustomIP/CustomIP.srcs/sources_1/bd/Cortex_A9/ipshared/04b4/hdl/proc_sys_reset_v5_0_vh_rfs.vhd:125]
INFO: [Synth 8-256] done synthesizing module 'sequence_psr' (5#1) [c:/Users/kmd17/Documents/GitHub/Embedded_Systems_lab3_CustomIP/CustomIP.srcs/sources_1/bd/Cortex_A9/ipshared/04b4/hdl/proc_sys_reset_v5_0_vh_rfs.vhd:301]
INFO: [Synth 8-256] done synthesizing module 'proc_sys_reset' (6#1) [c:/Users/kmd17/Documents/GitHub/Embedded_Systems_lab3_CustomIP/CustomIP.srcs/sources_1/bd/Cortex_A9/ipshared/04b4/hdl/proc_sys_reset_v5_0_vh_rfs.vhd:1323]
INFO: [Synth 8-256] done synthesizing module 'Cortex_A9_rst_ps7_0_100M_0' (7#1) [c:/Users/kmd17/Documents/GitHub/Embedded_Systems_lab3_CustomIP/CustomIP.srcs/sources_1/bd/Cortex_A9/ip/Cortex_A9_rst_ps7_0_100M_0/synth/Cortex_A9_rst_ps7_0_100M_0.vhd:71]
Finished RTL Elaboration : Time (s): cpu = 00:00:13 ; elapsed = 00:00:19 . Memory (MB): peak = 374.082 ; gain = 164.164
Finished RTL Optimization Phase 1 : Time (s): cpu = 00:00:13 ; elapsed = 00:00:20 . Memory (MB): peak = 374.082 ; gain = 164.164
INFO: [Device 21-403] Loading part xc7z020clg484-1
Constraint Validation Runtime : Time (s): cpu = 00:00:00 ; elapsed = 00:00:00.258 . Memory (MB): peak = 692.902 ; gain = 0.000
Finished Constraint Validation : Time (s): cpu = 00:00:28 ; elapsed = 00:00:38 . Memory (MB): peak = 692.902 ; gain = 482.984
Finished Loading Part and Timing Information : Time (s): cpu = 00:00:28 ; elapsed = 00:00:38 . Memory (MB): peak = 692.902 ; gain = 482.984
Finished applying 'set_property' XDC Constraints : Time (s): cpu = 00:00:28 ; elapsed = 00:00:38 . Memory (MB): peak = 692.902 ; gain = 482.984
Finished RTL Optimization Phase 2 : Time (s): cpu = 00:00:28 ; elapsed = 00:00:39 . Memory (MB): peak = 692.902 ; gain = 482.984
Finished Cross Boundary and Area Optimization : Time (s): cpu = 00:00:29 ; elapsed = 00:00:39 . Memory (MB): peak = 692.902 ; gain = 482.984
Finished Applying XDC Timing Constraints : Time (s): cpu = 00:00:45 ; elapsed = 00:00:56 . Memory (MB): peak = 692.902 ; gain = 482.984
Finished Timing Optimization : Time (s): cpu = 00:00:45 ; elapsed = 00:00:56 . Memory (MB): peak = 692.902 ; gain = 482.984
Finished Technology Mapping : Time (s): cpu = 00:00:45 ; elapsed = 00:00:56 . Memory (MB): peak = 692.902 ; gain = 482.984
Finished IO Insertion : Time (s): cpu = 00:00:46 ; elapsed = 00:00:57 . Memory (MB): peak = 692.902 ; gain = 482.984
Finished Renaming Generated Instances : Time (s): cpu = 00:00:46 ; elapsed = 00:00:57 . Memory (MB): peak = 692.902 ; gain = 482.984
Finished Rebuilding User Hierarchy : Time (s): cpu = 00:00:46 ; elapsed = 00:00:57 . Memory (MB): peak = 692.902 ; gain = 482.984
Finished Renaming Generated Ports : Time (s): cpu = 00:00:46 ; elapsed = 00:00:57 . Memory (MB): peak = 692.902 ; gain = 482.984
Finished Handling Custom Attributes : Time (s): cpu = 00:00:46 ; elapsed = 00:00:57 . Memory (MB): peak = 692.902 ; gain = 482.984
Finished Renaming Generated Nets : Time (s): cpu = 00:00:46 ; elapsed = 00:00:57 . Memory (MB): peak = 692.902 ; gain = 482.984

Report Cell Usage: 
+------+------+------+
|      |Cell  |Count |
+------+------+------+
|1     |LUT1  |     5|
|2     |LUT2  |     9|
|3     |LUT3  |     1|
|4     |LUT4  |     6|
|5     |LUT5  |     3|
|6     |LUT6  |     1|
|7     |SRL16 |     1|
|8     |FDR   |     8|
|9     |FDRE  |    28|
|10    |FDSE  |     4|
+------+------+------+
Finished Writing Synthesis Report : Time (s): cpu = 00:00:46 ; elapsed = 00:00:57 . Memory (MB): peak = 692.902 ; gain = 482.984
synth_design: Time (s): cpu = 00:00:41 ; elapsed = 00:00:48 . Memory (MB): peak = 692.902 ; gain = 431.363
