
*** Running vivado
    with args -log Cortex_A9_led_ip_0_0.vds -m64 -product Vivado -mode batch -messageDb vivado.pb -notrace -source Cortex_A9_led_ip_0_0.tcl


****** Vivado v2016.4 (64-bit)
  **** SW Build 1756540 on Mon Jan 23 19:11:23 MST 2017
  **** IP Build 1755317 on Mon Jan 23 20:30:07 MST 2017
    ** Copyright 1986-2016 Xilinx, Inc. All Rights Reserved.

source Cortex_A9_led_ip_0_0.tcl -notrace
Command: synth_design -top Cortex_A9_led_ip_0_0 -part xc7z020clg484-1 -mode out_of_context
Starting synth_design
Attempting to get a license for feature 'Synthesis' and/or device 'xc7z020'
INFO: [Common 17-349] Got license for feature 'Synthesis' and/or device 'xc7z020'
INFO: Launching helper process for spawning children vivado processes
INFO: Helper process launched with PID 12240 
---------------------------------------------------------------------------------
Starting RTL Elaboration : Time (s): cpu = 00:00:08 ; elapsed = 00:00:11 . Memory (MB): peak = 336.750 ; gain = 127.145
---------------------------------------------------------------------------------
INFO: [Synth 8-638] synthesizing module 'Cortex_A9_led_ip_0_0' [c:/Users/kmd17/Documents/GitHub/Embedded_Systems_lab4_HW_SW_ACCELERATION/HWacceleration.srcs/sources_1/bd/Cortex_A9/ip/Cortex_A9_led_ip_0_0/synth/Cortex_A9_led_ip_0_0.v:57]
INFO: [Synth 8-638] synthesizing module 'led_ip_v1_0' [c:/Users/kmd17/Documents/GitHub/Embedded_Systems_lab4_HW_SW_ACCELERATION/HWacceleration.srcs/sources_1/bd/Cortex_A9/ipshared/efca/hdl/led_ip_v1_0.v:4]
	Parameter C_S_AXI_DATA_WIDTH bound to: 32 - type: integer 
	Parameter C_S_AXI_ADDR_WIDTH bound to: 4 - type: integer 
INFO: [Synth 8-638] synthesizing module 'led_ip_v1_0_S_AXI' [c:/Users/kmd17/Documents/GitHub/Embedded_Systems_lab4_HW_SW_ACCELERATION/HWacceleration.srcs/sources_1/bd/Cortex_A9/ipshared/efca/hdl/led_ip_v1_0_S_AXI.v:4]
	Parameter C_S_AXI_DATA_WIDTH bound to: 32 - type: integer 
	Parameter C_S_AXI_ADDR_WIDTH bound to: 4 - type: integer 
	Parameter ADDR_LSB bound to: 2 - type: integer 
	Parameter OPT_MEM_ADDR_BITS bound to: 1 - type: integer 
INFO: [Synth 8-226] default block is never used [c:/Users/kmd17/Documents/GitHub/Embedded_Systems_lab4_HW_SW_ACCELERATION/HWacceleration.srcs/sources_1/bd/Cortex_A9/ipshared/efca/hdl/led_ip_v1_0_S_AXI.v:175]
INFO: [Synth 8-226] default block is never used [c:/Users/kmd17/Documents/GitHub/Embedded_Systems_lab4_HW_SW_ACCELERATION/HWacceleration.srcs/sources_1/bd/Cortex_A9/ipshared/efca/hdl/led_ip_v1_0_S_AXI.v:316]
INFO: [Synth 8-638] synthesizing module 'multiplicator' [c:/Users/kmd17/Documents/GitHub/Embedded_Systems_lab4_HW_SW_ACCELERATION/HWacceleration.srcs/sources_1/bd/Cortex_A9/ipshared/efca/hdl/led_ip_v1_0_S_AXI.v:362]
	Parameter idle bound to: 3'b000 
	Parameter set_vector_size bound to: 3'b001 
	Parameter receive_vector bound to: 3'b010 
	Parameter waiting_signal bound to: 3'b011 
	Parameter computation bound to: 3'b100 
	Parameter sent_vector bound to: 3'b101 
INFO: [Synth 8-5534] Detected attribute (* ram_style = "block" *) [c:/Users/kmd17/Documents/GitHub/Embedded_Systems_lab4_HW_SW_ACCELERATION/HWacceleration.srcs/sources_1/bd/Cortex_A9/ipshared/efca/hdl/led_ip_v1_0_S_AXI.v:384]
INFO: [Synth 8-5534] Detected attribute (* ram_style = "block" *) [c:/Users/kmd17/Documents/GitHub/Embedded_Systems_lab4_HW_SW_ACCELERATION/HWacceleration.srcs/sources_1/bd/Cortex_A9/ipshared/efca/hdl/led_ip_v1_0_S_AXI.v:385]
INFO: [Synth 8-256] done synthesizing module 'multiplicator' (1#1) [c:/Users/kmd17/Documents/GitHub/Embedded_Systems_lab4_HW_SW_ACCELERATION/HWacceleration.srcs/sources_1/bd/Cortex_A9/ipshared/efca/hdl/led_ip_v1_0_S_AXI.v:362]
WARNING: [Synth 8-689] width (4) of port connection 'axi_awaddr' does not match port width (1) of module 'multiplicator' [c:/Users/kmd17/Documents/GitHub/Embedded_Systems_lab4_HW_SW_ACCELERATION/HWacceleration.srcs/sources_1/bd/Cortex_A9/ipshared/efca/hdl/led_ip_v1_0_S_AXI.v:349]
WARNING: [Synth 8-689] width (32) of port connection 'X' does not match port width (16) of module 'multiplicator' [c:/Users/kmd17/Documents/GitHub/Embedded_Systems_lab4_HW_SW_ACCELERATION/HWacceleration.srcs/sources_1/bd/Cortex_A9/ipshared/efca/hdl/led_ip_v1_0_S_AXI.v:350]
WARNING: [Synth 8-689] width (32) of port connection 'state' does not match port width (3) of module 'multiplicator' [c:/Users/kmd17/Documents/GitHub/Embedded_Systems_lab4_HW_SW_ACCELERATION/HWacceleration.srcs/sources_1/bd/Cortex_A9/ipshared/efca/hdl/led_ip_v1_0_S_AXI.v:352]
INFO: [Synth 8-256] done synthesizing module 'led_ip_v1_0_S_AXI' (2#1) [c:/Users/kmd17/Documents/GitHub/Embedded_Systems_lab4_HW_SW_ACCELERATION/HWacceleration.srcs/sources_1/bd/Cortex_A9/ipshared/efca/hdl/led_ip_v1_0_S_AXI.v:4]
INFO: [Synth 8-256] done synthesizing module 'led_ip_v1_0' (3#1) [c:/Users/kmd17/Documents/GitHub/Embedded_Systems_lab4_HW_SW_ACCELERATION/HWacceleration.srcs/sources_1/bd/Cortex_A9/ipshared/efca/hdl/led_ip_v1_0.v:4]
INFO: [Synth 8-256] done synthesizing module 'Cortex_A9_led_ip_0_0' (4#1) [c:/Users/kmd17/Documents/GitHub/Embedded_Systems_lab4_HW_SW_ACCELERATION/HWacceleration.srcs/sources_1/bd/Cortex_A9/ip/Cortex_A9_led_ip_0_0/synth/Cortex_A9_led_ip_0_0.v:57]
WARNING: [Synth 8-3331] design multiplicator has unconnected port slv_reg_rden
WARNING: [Synth 8-3331] design multiplicator has unconnected port axi_awaddr
WARNING: [Synth 8-3331] design led_ip_v1_0_S_AXI has unconnected port S_AXI_AWPROT[2]
WARNING: [Synth 8-3331] design led_ip_v1_0_S_AXI has unconnected port S_AXI_AWPROT[1]
WARNING: [Synth 8-3331] design led_ip_v1_0_S_AXI has unconnected port S_AXI_AWPROT[0]
WARNING: [Synth 8-3331] design led_ip_v1_0_S_AXI has unconnected port S_AXI_ARPROT[2]
WARNING: [Synth 8-3331] design led_ip_v1_0_S_AXI has unconnected port S_AXI_ARPROT[1]
WARNING: [Synth 8-3331] design led_ip_v1_0_S_AXI has unconnected port S_AXI_ARPROT[0]
---------------------------------------------------------------------------------
Finished RTL Elaboration : Time (s): cpu = 00:00:09 ; elapsed = 00:00:12 . Memory (MB): peak = 375.000 ; gain = 165.395
---------------------------------------------------------------------------------

Report Check Netlist: 
+------+------------------+-------+---------+-------+------------------+
|      |Item              |Errors |Warnings |Status |Description       |
+------+------------------+-------+---------+-------+------------------+
|1     |multi_driven_nets |      0|        0|Passed |Multi driven nets |
+------+------------------+-------+---------+-------+------------------+
---------------------------------------------------------------------------------
Finished RTL Optimization Phase 1 : Time (s): cpu = 00:00:09 ; elapsed = 00:00:12 . Memory (MB): peak = 375.000 ; gain = 165.395
---------------------------------------------------------------------------------
INFO: [Device 21-403] Loading part xc7z020clg484-1
INFO: [Project 1-570] Preparing netlist for logic optimization

Processing XDC Constraints
Initializing timing engine
Completed Processing XDC Constraints

INFO: [Project 1-111] Unisim Transformation Summary:
No Unisim elements were transformed.

Constraint Validation Runtime : Time (s): cpu = 00:00:00 ; elapsed = 00:00:00.216 . Memory (MB): peak = 685.105 ; gain = 0.148
---------------------------------------------------------------------------------
Finished Constraint Validation : Time (s): cpu = 00:00:19 ; elapsed = 00:00:23 . Memory (MB): peak = 685.105 ; gain = 475.500
---------------------------------------------------------------------------------
---------------------------------------------------------------------------------
Start Loading Part and Timing Information
---------------------------------------------------------------------------------
Loading part: xc7z020clg484-1
---------------------------------------------------------------------------------
Finished Loading Part and Timing Information : Time (s): cpu = 00:00:19 ; elapsed = 00:00:23 . Memory (MB): peak = 685.105 ; gain = 475.500
---------------------------------------------------------------------------------
---------------------------------------------------------------------------------
Start Applying 'set_property' XDC Constraints
---------------------------------------------------------------------------------
---------------------------------------------------------------------------------
Finished applying 'set_property' XDC Constraints : Time (s): cpu = 00:00:19 ; elapsed = 00:00:23 . Memory (MB): peak = 685.105 ; gain = 475.500
---------------------------------------------------------------------------------
INFO: [Synth 8-5545] ROM "memInputY_reg[0]" won't be mapped to RAM because address size (32) is larger than maximum supported(25)
---------------------------------------------------------------------------------
Finished RTL Optimization Phase 2 : Time (s): cpu = 00:00:19 ; elapsed = 00:00:23 . Memory (MB): peak = 685.105 ; gain = 475.500
---------------------------------------------------------------------------------

Report RTL Partitions: 
+-+--------------+------------+----------+
| |RTL Partition |Replication |Instances |
+-+--------------+------------+----------+
+-+--------------+------------+----------+
---------------------------------------------------------------------------------
Start RTL Component Statistics 
---------------------------------------------------------------------------------
Detailed RTL Component Info : 
+---Adders : 
	   2 Input     32 Bit       Adders := 2     
+---Registers : 
	               32 Bit    Registers := 5     
	               16 Bit    Registers := 2     
	                4 Bit    Registers := 2     
	                3 Bit    Registers := 2     
	                2 Bit    Registers := 2     
	                1 Bit    Registers := 5     
+---Muxes : 
	   7 Input     32 Bit        Muxes := 2     
	   2 Input     32 Bit        Muxes := 4     
	   4 Input     32 Bit        Muxes := 2     
	   7 Input      3 Bit        Muxes := 1     
	   7 Input      1 Bit        Muxes := 5     
	   8 Input      1 Bit        Muxes := 2     
	   2 Input      1 Bit        Muxes := 6     
---------------------------------------------------------------------------------
Finished RTL Component Statistics 
---------------------------------------------------------------------------------
---------------------------------------------------------------------------------
Start RTL Hierarchical Component Statistics 
---------------------------------------------------------------------------------
Hierarchical RTL Component report 
Module multiplicator 
Detailed RTL Component Info : 
+---Adders : 
	   2 Input     32 Bit       Adders := 2     
+---Registers : 
	               32 Bit    Registers := 3     
	               16 Bit    Registers := 2     
	                3 Bit    Registers := 2     
+---Muxes : 
	   7 Input     32 Bit        Muxes := 2     
	   2 Input     32 Bit        Muxes := 3     
	   7 Input      3 Bit        Muxes := 1     
	   7 Input      1 Bit        Muxes := 5     
	   8 Input      1 Bit        Muxes := 2     
	   2 Input      1 Bit        Muxes := 2     
Module led_ip_v1_0_S_AXI 
Detailed RTL Component Info : 
+---Registers : 
	               32 Bit    Registers := 2     
	                4 Bit    Registers := 2     
	                2 Bit    Registers := 2     
	                1 Bit    Registers := 5     
+---Muxes : 
	   2 Input     32 Bit        Muxes := 1     
	   4 Input     32 Bit        Muxes := 2     
	   2 Input      1 Bit        Muxes := 4     
---------------------------------------------------------------------------------
Finished RTL Hierarchical Component Statistics
---------------------------------------------------------------------------------
---------------------------------------------------------------------------------
Start Part Resource Summary
---------------------------------------------------------------------------------
Part Resources:
DSPs: 220 (col length:60)
BRAMs: 280 (col length: RAMB18 60 RAMB36 30)
---------------------------------------------------------------------------------
Finished Part Resource Summary
---------------------------------------------------------------------------------
---------------------------------------------------------------------------------
Start Cross Boundary and Area Optimization
---------------------------------------------------------------------------------
INFO: [Synth 8-5545] ROM "inst/led_ip_v1_0_S_AXI_inst/kmd1/memInputY_reg[0]" won't be mapped to RAM because address size (32) is larger than maximum supported(25)
INFO: [Synth 8-3917] design Cortex_A9_led_ip_0_0 has port LED[7] driven by constant 0
INFO: [Synth 8-3917] design Cortex_A9_led_ip_0_0 has port LED[6] driven by constant 0
INFO: [Synth 8-3917] design Cortex_A9_led_ip_0_0 has port LED[5] driven by constant 0
INFO: [Synth 8-3917] design Cortex_A9_led_ip_0_0 has port LED[4] driven by constant 0
INFO: [Synth 8-3917] design Cortex_A9_led_ip_0_0 has port LED[3] driven by constant 0
INFO: [Synth 8-3917] design Cortex_A9_led_ip_0_0 has port LED[2] driven by constant 0
INFO: [Synth 8-3917] design Cortex_A9_led_ip_0_0 has port LED[1] driven by constant 1
INFO: [Synth 8-3917] design Cortex_A9_led_ip_0_0 has port LED[0] driven by constant 1
WARNING: [Synth 8-3331] design Cortex_A9_led_ip_0_0 has unconnected port s_axi_awprot[2]
WARNING: [Synth 8-3331] design Cortex_A9_led_ip_0_0 has unconnected port s_axi_awprot[1]
WARNING: [Synth 8-3331] design Cortex_A9_led_ip_0_0 has unconnected port s_axi_awprot[0]
WARNING: [Synth 8-3331] design Cortex_A9_led_ip_0_0 has unconnected port s_axi_arprot[2]
WARNING: [Synth 8-3331] design Cortex_A9_led_ip_0_0 has unconnected port s_axi_arprot[1]
WARNING: [Synth 8-3331] design Cortex_A9_led_ip_0_0 has unconnected port s_axi_arprot[0]
INFO: [Synth 8-3886] merging instance 'inst/led_ip_v1_0_S_AXI_inst/axi_rresp_reg[0]' (FDRE) to 'inst/led_ip_v1_0_S_AXI_inst/axi_rresp_reg[1]'
INFO: [Synth 8-3333] propagating constant 0 across sequential element (\inst/led_ip_v1_0_S_AXI_inst/axi_rresp_reg[1] )
INFO: [Synth 8-3886] merging instance 'inst/led_ip_v1_0_S_AXI_inst/axi_bresp_reg[0]' (FDRE) to 'inst/led_ip_v1_0_S_AXI_inst/axi_bresp_reg[1]'
INFO: [Synth 8-3333] propagating constant 0 across sequential element (\inst/led_ip_v1_0_S_AXI_inst/axi_bresp_reg[1] )
INFO: [Synth 8-3332] Sequential element (inst/led_ip_v1_0_S_AXI_inst/axi_bresp_reg[1]) is unused and will be removed from module Cortex_A9_led_ip_0_0.
INFO: [Synth 8-3332] Sequential element (inst/led_ip_v1_0_S_AXI_inst/axi_araddr_reg[1]) is unused and will be removed from module Cortex_A9_led_ip_0_0.
INFO: [Synth 8-3332] Sequential element (inst/led_ip_v1_0_S_AXI_inst/axi_araddr_reg[0]) is unused and will be removed from module Cortex_A9_led_ip_0_0.
INFO: [Synth 8-3332] Sequential element (inst/led_ip_v1_0_S_AXI_inst/axi_awaddr_reg[1]) is unused and will be removed from module Cortex_A9_led_ip_0_0.
INFO: [Synth 8-3332] Sequential element (inst/led_ip_v1_0_S_AXI_inst/axi_awaddr_reg[0]) is unused and will be removed from module Cortex_A9_led_ip_0_0.
INFO: [Synth 8-3332] Sequential element (inst/led_ip_v1_0_S_AXI_inst/axi_rresp_reg[1]) is unused and will be removed from module Cortex_A9_led_ip_0_0.
---------------------------------------------------------------------------------
Finished Cross Boundary and Area Optimization : Time (s): cpu = 00:00:20 ; elapsed = 00:00:27 . Memory (MB): peak = 685.105 ; gain = 475.500
---------------------------------------------------------------------------------

Report RTL Partitions: 
+-+--------------+------------+----------+
| |RTL Partition |Replication |Instances |
+-+--------------+------------+----------+
+-+--------------+------------+----------+
---------------------------------------------------------------------------------
Start Timing Optimization
---------------------------------------------------------------------------------
---------------------------------------------------------------------------------
Start Applying XDC Timing Constraints
---------------------------------------------------------------------------------
---------------------------------------------------------------------------------
Finished Applying XDC Timing Constraints : Time (s): cpu = 00:00:31 ; elapsed = 00:00:38 . Memory (MB): peak = 685.105 ; gain = 475.500
---------------------------------------------------------------------------------
---------------------------------------------------------------------------------
Finished Timing Optimization : Time (s): cpu = 00:00:31 ; elapsed = 00:00:38 . Memory (MB): peak = 685.105 ; gain = 475.500
---------------------------------------------------------------------------------

Report RTL Partitions: 
+-+--------------+------------+----------+
| |RTL Partition |Replication |Instances |
+-+--------------+------------+----------+
+-+--------------+------------+----------+
---------------------------------------------------------------------------------
Start Technology Mapping
---------------------------------------------------------------------------------
---------------------------------------------------------------------------------
Finished Technology Mapping : Time (s): cpu = 00:00:31 ; elapsed = 00:00:38 . Memory (MB): peak = 685.105 ; gain = 475.500
---------------------------------------------------------------------------------

Report RTL Partitions: 
+-+--------------+------------+----------+
| |RTL Partition |Replication |Instances |
+-+--------------+------------+----------+
+-+--------------+------------+----------+
---------------------------------------------------------------------------------
Start IO Insertion
---------------------------------------------------------------------------------
---------------------------------------------------------------------------------
Start Flattening Before IO Insertion
---------------------------------------------------------------------------------
---------------------------------------------------------------------------------
Finished Flattening Before IO Insertion
---------------------------------------------------------------------------------
---------------------------------------------------------------------------------
Start Final Netlist Cleanup
---------------------------------------------------------------------------------
---------------------------------------------------------------------------------
Finished Final Netlist Cleanup
---------------------------------------------------------------------------------
---------------------------------------------------------------------------------
Finished IO Insertion : Time (s): cpu = 00:00:32 ; elapsed = 00:00:39 . Memory (MB): peak = 685.105 ; gain = 475.500
---------------------------------------------------------------------------------

Report Check Netlist: 
+------+------------------+-------+---------+-------+------------------+
|      |Item              |Errors |Warnings |Status |Description       |
+------+------------------+-------+---------+-------+------------------+
|1     |multi_driven_nets |      0|        0|Passed |Multi driven nets |
+------+------------------+-------+---------+-------+------------------+
---------------------------------------------------------------------------------
Start Renaming Generated Instances
---------------------------------------------------------------------------------
---------------------------------------------------------------------------------
Finished Renaming Generated Instances : Time (s): cpu = 00:00:32 ; elapsed = 00:00:39 . Memory (MB): peak = 685.105 ; gain = 475.500
---------------------------------------------------------------------------------

Report RTL Partitions: 
+-+--------------+------------+----------+
| |RTL Partition |Replication |Instances |
+-+--------------+------------+----------+
+-+--------------+------------+----------+
---------------------------------------------------------------------------------
Start Rebuilding User Hierarchy
---------------------------------------------------------------------------------
---------------------------------------------------------------------------------
Finished Rebuilding User Hierarchy : Time (s): cpu = 00:00:32 ; elapsed = 00:00:39 . Memory (MB): peak = 685.105 ; gain = 475.500
---------------------------------------------------------------------------------
---------------------------------------------------------------------------------
Start Renaming Generated Ports
---------------------------------------------------------------------------------
---------------------------------------------------------------------------------
Finished Renaming Generated Ports : Time (s): cpu = 00:00:32 ; elapsed = 00:00:39 . Memory (MB): peak = 685.105 ; gain = 475.500
---------------------------------------------------------------------------------
---------------------------------------------------------------------------------
Start Handling Custom Attributes
---------------------------------------------------------------------------------
---------------------------------------------------------------------------------
Finished Handling Custom Attributes : Time (s): cpu = 00:00:32 ; elapsed = 00:00:39 . Memory (MB): peak = 685.105 ; gain = 475.500
---------------------------------------------------------------------------------
---------------------------------------------------------------------------------
Start Renaming Generated Nets
---------------------------------------------------------------------------------
---------------------------------------------------------------------------------
Finished Renaming Generated Nets : Time (s): cpu = 00:00:32 ; elapsed = 00:00:39 . Memory (MB): peak = 685.105 ; gain = 475.500
---------------------------------------------------------------------------------
---------------------------------------------------------------------------------
Start Writing Synthesis Report
---------------------------------------------------------------------------------

Report BlackBoxes: 
+-+--------------+----------+
| |BlackBox name |Instances |
+-+--------------+----------+
+-+--------------+----------+

Report Cell Usage: 
+------+-------+------+
|      |Cell   |Count |
+------+-------+------+
|1     |CARRY4 |    19|
|2     |LUT1   |    47|
|3     |LUT2   |     9|
|4     |LUT3   |    36|
|5     |LUT4   |    45|
|6     |LUT5   |    24|
|7     |LUT6   |    18|
|8     |FDCE   |     3|
|9     |FDRE   |   204|
+------+-------+------+

Report Instance Areas: 
+------+---------------------------+------------------+------+
|      |Instance                   |Module            |Cells |
+------+---------------------------+------------------+------+
|1     |top                        |                  |   405|
|2     |  inst                     |led_ip_v1_0       |   405|
|3     |    led_ip_v1_0_S_AXI_inst |led_ip_v1_0_S_AXI |   405|
|4     |      kmd1                 |multiplicator     |   318|
+------+---------------------------+------------------+------+
---------------------------------------------------------------------------------
Finished Writing Synthesis Report : Time (s): cpu = 00:00:32 ; elapsed = 00:00:39 . Memory (MB): peak = 685.105 ; gain = 475.500
---------------------------------------------------------------------------------
Synthesis finished with 0 errors, 0 critical warnings and 6 warnings.
Synthesis Optimization Runtime : Time (s): cpu = 00:00:17 ; elapsed = 00:00:25 . Memory (MB): peak = 685.105 ; gain = 112.824
Synthesis Optimization Complete : Time (s): cpu = 00:00:32 ; elapsed = 00:00:39 . Memory (MB): peak = 685.105 ; gain = 475.500
INFO: [Project 1-571] Translating synthesized netlist
INFO: [Netlist 29-17] Analyzing 19 Unisim elements for replacement
INFO: [Netlist 29-28] Unisim Transformation completed in 0 CPU seconds
INFO: [Project 1-570] Preparing netlist for logic optimization
INFO: [Opt 31-138] Pushed 0 inverter(s) to 0 load pin(s).
INFO: [Project 1-111] Unisim Transformation Summary:
No Unisim elements were transformed.

INFO: [Common 17-83] Releasing license: Synthesis
43 Infos, 17 Warnings, 0 Critical Warnings and 0 Errors encountered.
synth_design completed successfully
synth_design: Time (s): cpu = 00:00:30 ; elapsed = 00:00:34 . Memory (MB): peak = 685.105 ; gain = 422.930
INFO: [Common 17-1381] The checkpoint 'C:/Users/kmd17/Documents/GitHub/Embedded_Systems_lab4_HW_SW_ACCELERATION/HWacceleration.runs/Cortex_A9_led_ip_0_0_synth_1/Cortex_A9_led_ip_0_0.dcp' has been generated.
